<?xml version="1.0" encoding="UTF-8"?>
<testng-results ignored="0" total="23" passed="22" failed="1" skipped="0">
  <reporter-output>
  </reporter-output>
  <suite started-at="2025-09-08T14:15:14 IST" name="TestCasesPageSuite" finished-at="2025-09-08T14:21:34 IST" duration-ms="380504">
    <groups>
    </groups>
    <test started-at="2025-09-08T14:15:14 IST" name="TestCasesPageTest" finished-at="2025-09-08T14:21:34 IST" duration-ms="380504">
      <class name="com.ui.tests.TestCasesPageTestSuite">
        <test-method is-config="true" signature="setup(java.lang.String)[pri:0, instance:com.ui.tests.TestCasesPageTestSuite@24aed80c]" started-at="2025-09-08T14:15:14 IST" name="setup" finished-at="2025-09-08T14:15:24 IST" duration-ms="10448" status="PASS">
          <params>
            <param index="0">
              <value>
                <![CDATA[chrome]]>
              </value>
            </param>
          </params>
          <reporter-output>
          </reporter-output>
        </test-method> <!-- setup -->
        <test-method signature="TC_Test_Cases_01_PageLoadsSuccessfully()[pri:1, instance:com.ui.tests.TestCasesPageTestSuite@24aed80c]" started-at="2025-09-08T14:15:24 IST" name="TC_Test_Cases_01_PageLoadsSuccessfully" finished-at="2025-09-08T14:15:32 IST" duration-ms="7704" status="PASS">
          <reporter-output>
          </reporter-output>
        </test-method> <!-- TC_Test_Cases_01_PageLoadsSuccessfully -->
        <test-method signature="TC_Test_Cases_02_AllTestCaseLinksPresent()[pri:2, instance:com.ui.tests.TestCasesPageTestSuite@24aed80c]" started-at="2025-09-08T14:15:32 IST" name="TC_Test_Cases_02_AllTestCaseLinksPresent" finished-at="2025-09-08T14:15:37 IST" duration-ms="4663" status="PASS">
          <reporter-output>
          </reporter-output>
        </test-method> <!-- TC_Test_Cases_02_AllTestCaseLinksPresent -->
        <test-method signature="TC_Test_Cases_03_TestCasesSeparatedByRows()[pri:3, instance:com.ui.tests.TestCasesPageTestSuite@24aed80c]" started-at="2025-09-08T14:15:37 IST" name="TC_Test_Cases_03_TestCasesSeparatedByRows" finished-at="2025-09-08T14:15:51 IST" duration-ms="13084" status="PASS">
          <reporter-output>
          </reporter-output>
        </test-method> <!-- TC_Test_Cases_03_TestCasesSeparatedByRows -->
        <test-method signature="TC_Test_Cases_04_TestCaseLinksClickable()[pri:4, instance:com.ui.tests.TestCasesPageTestSuite@24aed80c]" started-at="2025-09-08T14:15:51 IST" name="TC_Test_Cases_04_TestCaseLinksClickable" finished-at="2025-09-08T14:15:56 IST" duration-ms="5338" status="PASS">
          <reporter-output>
          </reporter-output>
        </test-method> <!-- TC_Test_Cases_04_TestCaseLinksClickable -->
        <test-method signature="TC_Test_Cases_05_ClickingLinkOpensDetails()[pri:5, instance:com.ui.tests.TestCasesPageTestSuite@24aed80c]" started-at="2025-09-08T14:15:56 IST" name="TC_Test_Cases_05_ClickingLinkOpensDetails" finished-at="2025-09-08T14:16:35 IST" duration-ms="38676" status="PASS">
          <reporter-output>
          </reporter-output>
        </test-method> <!-- TC_Test_Cases_05_ClickingLinkOpensDetails -->
        <test-method signature="TC_Test_Cases_06_FeedbackSectionPresent()[pri:6, instance:com.ui.tests.TestCasesPageTestSuite@24aed80c]" started-at="2025-09-08T14:16:36 IST" name="TC_Test_Cases_06_FeedbackSectionPresent" finished-at="2025-09-08T14:17:32 IST" duration-ms="56850" status="PASS">
          <reporter-output>
          </reporter-output>
        </test-method> <!-- TC_Test_Cases_06_FeedbackSectionPresent -->
        <test-method signature="TC_Test_Cases_07_URLVisibleAndWorking()[pri:7, instance:com.ui.tests.TestCasesPageTestSuite@24aed80c]" started-at="2025-09-08T14:17:33 IST" name="TC_Test_Cases_07_URLVisibleAndWorking" finished-at="2025-09-08T14:18:05 IST" duration-ms="31874" status="PASS">
          <reporter-output>
          </reporter-output>
        </test-method> <!-- TC_Test_Cases_07_URLVisibleAndWorking -->
        <test-method signature="TC_Test_Cases_08_FeedbackEmailOpensMailApp()[pri:8, instance:com.ui.tests.TestCasesPageTestSuite@24aed80c]" started-at="2025-09-08T14:18:05 IST" name="TC_Test_Cases_08_FeedbackEmailOpensMailApp" finished-at="2025-09-08T14:18:10 IST" duration-ms="5115" status="PASS">
          <reporter-output>
          </reporter-output>
        </test-method> <!-- TC_Test_Cases_08_FeedbackEmailOpensMailApp -->
        <test-method signature="TC_Test_Cases_09_ValidEmailSubscription()[pri:9, instance:com.ui.tests.TestCasesPageTestSuite@24aed80c]" started-at="2025-09-08T14:18:10 IST" name="TC_Test_Cases_09_ValidEmailSubscription" finished-at="2025-09-08T14:18:19 IST" duration-ms="8197" status="PASS">
          <reporter-output>
          </reporter-output>
        </test-method> <!-- TC_Test_Cases_09_ValidEmailSubscription -->
        <test-method signature="TC_Test_Cases_10_InvalidEmailSubscription()[pri:10, instance:com.ui.tests.TestCasesPageTestSuite@24aed80c]" started-at="2025-09-08T14:18:19 IST" name="TC_Test_Cases_10_InvalidEmailSubscription" finished-at="2025-09-08T14:18:48 IST" duration-ms="29108" status="FAIL">
          <exception class="java.lang.AssertionError">
            <message>
              <![CDATA[BUG: Invalid email 'a@g' was accepted - proper email validation missing]]>
            </message>
            <full-stacktrace>
              <![CDATA[java.lang.AssertionError: BUG: Invalid email 'a@g' was accepted - proper email validation missing
at org.testng.Assert.fail(Assert.java:111)
at com.ui.tests.TestCasesPageTestSuite.TC_Test_Cases_10_InvalidEmailSubscription(TestCasesPageTestSuite.java:387)
at java.base/jdk.internal.reflect.DirectMethodHandleAccessor.invoke(DirectMethodHandleAccessor.java:103)
at java.base/java.lang.reflect.Method.invoke(Method.java:580)
at org.testng.internal.invokers.MethodInvocationHelper.invokeMethod(MethodInvocationHelper.java:141)
at org.testng.internal.invokers.TestInvoker.invokeMethod(TestInvoker.java:687)
at org.testng.internal.invokers.TestInvoker.invokeTestMethod(TestInvoker.java:230)
at org.testng.internal.invokers.MethodRunner.runInSequence(MethodRunner.java:63)
at org.testng.internal.invokers.TestInvoker$MethodInvocationAgent.invoke(TestInvoker.java:995)
at org.testng.internal.invokers.TestInvoker.invokeTestMethods(TestInvoker.java:203)
at org.testng.internal.invokers.TestMethodWorker.invokeTestMethods(TestMethodWorker.java:154)
at org.testng.internal.invokers.TestMethodWorker.run(TestMethodWorker.java:134)
at java.base/java.util.ArrayList.forEach(ArrayList.java:1596)
at org.testng.TestRunner.privateRun(TestRunner.java:741)
at org.testng.TestRunner.run(TestRunner.java:616)
at org.testng.SuiteRunner.runTest(SuiteRunner.java:421)
at org.testng.SuiteRunner.runSequentially(SuiteRunner.java:413)
at org.testng.SuiteRunner.privateRun(SuiteRunner.java:373)
at org.testng.SuiteRunner.run(SuiteRunner.java:312)
at org.testng.SuiteRunnerWorker.runSuite(SuiteRunnerWorker.java:52)
at org.testng.SuiteRunnerWorker.run(SuiteRunnerWorker.java:95)
at org.testng.TestNG.runSuitesSequentially(TestNG.java:1274)
at org.testng.TestNG.runSuitesLocally(TestNG.java:1208)
at org.testng.TestNG.runSuites(TestNG.java:1112)
at org.testng.TestNG.run(TestNG.java:1079)
at org.testng.remote.AbstractRemoteTestNG.run(AbstractRemoteTestNG.java:115)
at org.testng.remote.RemoteTestNG.initAndRun(RemoteTestNG.java:293)
at org.testng.remote.RemoteTestNG.main(RemoteTestNG.java:91)
]]>
            </full-stacktrace>
          </exception> <!-- java.lang.AssertionError -->
          <reporter-output>
          </reporter-output>
        </test-method> <!-- TC_Test_Cases_10_InvalidEmailSubscription -->
        <test-method signature="TC_Test_Cases_11_ScrollToTopButton()[pri:11, instance:com.ui.tests.TestCasesPageTestSuite@24aed80c]" started-at="2025-09-08T14:18:49 IST" name="TC_Test_Cases_11_ScrollToTopButton" finished-at="2025-09-08T14:18:57 IST" duration-ms="8298" status="PASS">
          <reporter-output>
          </reporter-output>
        </test-method> <!-- TC_Test_Cases_11_ScrollToTopButton -->
        <test-method signature="TC_Test_Cases_12_BlankEmailSubscription()[pri:12, instance:com.ui.tests.TestCasesPageTestSuite@24aed80c]" started-at="2025-09-08T14:18:57 IST" name="TC_Test_Cases_12_BlankEmailSubscription" finished-at="2025-09-08T14:19:08 IST" duration-ms="10653" status="PASS">
          <reporter-output>
          </reporter-output>
        </test-method> <!-- TC_Test_Cases_12_BlankEmailSubscription -->
        <test-method signature="TC_Test_Cases_13_LogoNavigatesToHome()[pri:13, instance:com.ui.tests.TestCasesPageTestSuite@24aed80c]" started-at="2025-09-08T14:19:08 IST" name="TC_Test_Cases_13_LogoNavigatesToHome" finished-at="2025-09-08T14:19:51 IST" duration-ms="42885" status="PASS">
          <reporter-output>
          </reporter-output>
        </test-method> <!-- TC_Test_Cases_13_LogoNavigatesToHome -->
        <test-method signature="TC_Test_Cases_14_HomeLinkNavigation()[pri:14, instance:com.ui.tests.TestCasesPageTestSuite@24aed80c]" started-at="2025-09-08T14:19:52 IST" name="TC_Test_Cases_14_HomeLinkNavigation" finished-at="2025-09-08T14:20:06 IST" duration-ms="14122" status="PASS">
          <reporter-output>
          </reporter-output>
        </test-method> <!-- TC_Test_Cases_14_HomeLinkNavigation -->
        <test-method signature="TC_Test_Cases_15_ProductsLinkNavigation()[pri:15, instance:com.ui.tests.TestCasesPageTestSuite@24aed80c]" started-at="2025-09-08T14:20:06 IST" name="TC_Test_Cases_15_ProductsLinkNavigation" finished-at="2025-09-08T14:20:18 IST" duration-ms="12180" status="PASS">
          <reporter-output>
          </reporter-output>
        </test-method> <!-- TC_Test_Cases_15_ProductsLinkNavigation -->
        <test-method signature="TC_Test_Cases_16_CartLinkNavigation()[pri:16, instance:com.ui.tests.TestCasesPageTestSuite@24aed80c]" started-at="2025-09-08T14:20:19 IST" name="TC_Test_Cases_16_CartLinkNavigation" finished-at="2025-09-08T14:20:27 IST" duration-ms="8210" status="PASS">
          <reporter-output>
          </reporter-output>
        </test-method> <!-- TC_Test_Cases_16_CartLinkNavigation -->
        <test-method signature="TC_Test_Cases_17_SignUpLoginLinkNavigation()[pri:17, instance:com.ui.tests.TestCasesPageTestSuite@24aed80c]" started-at="2025-09-08T14:20:28 IST" name="TC_Test_Cases_17_SignUpLoginLinkNavigation" finished-at="2025-09-08T14:20:36 IST" duration-ms="7768" status="PASS">
          <reporter-output>
          </reporter-output>
        </test-method> <!-- TC_Test_Cases_17_SignUpLoginLinkNavigation -->
        <test-method signature="TC_Test_Cases_18_TestCasesLinkNavigation()[pri:18, instance:com.ui.tests.TestCasesPageTestSuite@24aed80c]" started-at="2025-09-08T14:20:36 IST" name="TC_Test_Cases_18_TestCasesLinkNavigation" finished-at="2025-09-08T14:20:44 IST" duration-ms="7957" status="PASS">
          <reporter-output>
          </reporter-output>
        </test-method> <!-- TC_Test_Cases_18_TestCasesLinkNavigation -->
        <test-method signature="TC_Test_Cases_19_APITestingLinkNavigation()[pri:19, instance:com.ui.tests.TestCasesPageTestSuite@24aed80c]" started-at="2025-09-08T14:20:44 IST" name="TC_Test_Cases_19_APITestingLinkNavigation" finished-at="2025-09-08T14:20:53 IST" duration-ms="8963" status="PASS">
          <reporter-output>
          </reporter-output>
        </test-method> <!-- TC_Test_Cases_19_APITestingLinkNavigation -->
        <test-method signature="TC_Test_Cases_20_VideoTutorialsLinkNavigation()[pri:20, instance:com.ui.tests.TestCasesPageTestSuite@24aed80c]" started-at="2025-09-08T14:20:53 IST" name="TC_Test_Cases_20_VideoTutorialsLinkNavigation" finished-at="2025-09-08T14:21:03 IST" duration-ms="9761" status="PASS">
          <reporter-output>
          </reporter-output>
        </test-method> <!-- TC_Test_Cases_20_VideoTutorialsLinkNavigation -->
        <test-method signature="TC_Test_Cases_21_ContactUsLinkNavigation()[pri:21, instance:com.ui.tests.TestCasesPageTestSuite@24aed80c]" started-at="2025-09-08T14:21:04 IST" name="TC_Test_Cases_21_ContactUsLinkNavigation" finished-at="2025-09-08T14:21:13 IST" duration-ms="9466" status="PASS">
          <reporter-output>
          </reporter-output>
        </test-method> <!-- TC_Test_Cases_21_ContactUsLinkNavigation -->
        <test-method signature="TC_Test_Cases_22_ScrollBarFunctionality()[pri:22, instance:com.ui.tests.TestCasesPageTestSuite@24aed80c]" started-at="2025-09-08T14:21:13 IST" name="TC_Test_Cases_22_ScrollBarFunctionality" finished-at="2025-09-08T14:21:22 IST" duration-ms="8609" status="PASS">
          <reporter-output>
          </reporter-output>
        </test-method> <!-- TC_Test_Cases_22_ScrollBarFunctionality -->
        <test-method signature="TC_Test_Cases_23_ResponsivenessTestCases()[pri:23, instance:com.ui.tests.TestCasesPageTestSuite@24aed80c]" started-at="2025-09-08T14:21:22 IST" name="TC_Test_Cases_23_ResponsivenessTestCases" finished-at="2025-09-08T14:21:33 IST" duration-ms="10710" status="PASS">
          <reporter-output>
          </reporter-output>
        </test-method> <!-- TC_Test_Cases_23_ResponsivenessTestCases -->
        <test-method is-config="true" signature="teardown()[pri:0, instance:com.ui.tests.TestCasesPageTestSuite@24aed80c]" started-at="2025-09-08T14:21:33 IST" name="teardown" finished-at="2025-09-08T14:21:34 IST" duration-ms="846" status="PASS">
          <reporter-output>
          </reporter-output>
        </test-method> <!-- teardown -->
      </class> <!-- com.ui.tests.TestCasesPageTestSuite -->
    </test> <!-- TestCasesPageTest -->
  </suite> <!-- TestCasesPageSuite -->
</testng-results>
