<?xml version="1.0" encoding="UTF-8"?>
<testsuite xmlns:xsi="http://www.w3.org/2001/XMLSchema-instance" xsi:noNamespaceSchemaLocation="https://maven.apache.org/surefire/maven-surefire-plugin/xsd/surefire-test-report-3.0.xsd" version="3.0" name="com.ui.tests.ApiTestingPageTestSuite" time="65.33" tests="17" errors="0" skipped="0" failures="2">
  <properties>
    <property name="java.specification.version" value="24"/>
    <property name="webdriver.chrome.driver" value="/Users/srimedha/.cache/selenium/chromedriver/mac-arm64/140.0.7339.82/chromedriver"/>
    <property name="sun.jnu.encoding" value="UTF-8"/>
    <property name="java.class.path" value="/Users/srimedha/Downloads/UI Test Cases/target/test-classes:/Users/srimedha/Downloads/UI Test Cases/target/classes:/Users/srimedha/.m2/repository/org/seleniumhq/selenium/selenium-java/4.35.0/selenium-java-4.35.0.jar:/Users/srimedha/.m2/repository/org/seleniumhq/selenium/selenium-api/4.35.0/selenium-api-4.35.0.jar:/Users/srimedha/.m2/repository/org/jspecify/jspecify/1.0.0/jspecify-1.0.0.jar:/Users/srimedha/.m2/repository/org/seleniumhq/selenium/selenium-chrome-driver/4.35.0/selenium-chrome-driver-4.35.0.jar:/Users/srimedha/.m2/repository/com/google/auto/service/auto-service-annotations/1.1.1/auto-service-annotations-1.1.1.jar:/Users/srimedha/.m2/repository/org/seleniumhq/selenium/selenium-chromium-driver/4.35.0/selenium-chromium-driver-4.35.0.jar:/Users/srimedha/.m2/repository/org/seleniumhq/selenium/selenium-json/4.35.0/selenium-json-4.35.0.jar:/Users/srimedha/.m2/repository/org/seleniumhq/selenium/selenium-manager/4.35.0/selenium-manager-4.35.0.jar:/Users/srimedha/.m2/repository/org/seleniumhq/selenium/selenium-devtools-v137/4.35.0/selenium-devtools-v137-4.35.0.jar:/Users/srimedha/.m2/repository/org/seleniumhq/selenium/selenium-devtools-v138/4.35.0/selenium-devtools-v138-4.35.0.jar:/Users/srimedha/.m2/repository/org/seleniumhq/selenium/selenium-devtools-v139/4.35.0/selenium-devtools-v139-4.35.0.jar:/Users/srimedha/.m2/repository/org/seleniumhq/selenium/selenium-edge-driver/4.35.0/selenium-edge-driver-4.35.0.jar:/Users/srimedha/.m2/repository/org/seleniumhq/selenium/selenium-firefox-driver/4.35.0/selenium-firefox-driver-4.35.0.jar:/Users/srimedha/.m2/repository/org/seleniumhq/selenium/selenium-http/4.35.0/selenium-http-4.35.0.jar:/Users/srimedha/.m2/repository/org/seleniumhq/selenium/selenium-ie-driver/4.35.0/selenium-ie-driver-4.35.0.jar:/Users/srimedha/.m2/repository/org/seleniumhq/selenium/selenium-remote-driver/4.35.0/selenium-remote-driver-4.35.0.jar:/Users/srimedha/.m2/repository/com/google/guava/guava/33.4.8-jre/guava-33.4.8-jre.jar:/Users/srimedha/.m2/repository/com/google/guava/failureaccess/1.0.3/failureaccess-1.0.3.jar:/Users/srimedha/.m2/repository/com/google/guava/listenablefuture/9999.0-empty-to-avoid-conflict-with-guava/listenablefuture-9999.0-empty-to-avoid-conflict-with-guava.jar:/Users/srimedha/.m2/repository/com/google/j2objc/j2objc-annotations/3.0.0/j2objc-annotations-3.0.0.jar:/Users/srimedha/.m2/repository/io/opentelemetry/opentelemetry-api/1.53.0/opentelemetry-api-1.53.0.jar:/Users/srimedha/.m2/repository/io/opentelemetry/opentelemetry-context/1.53.0/opentelemetry-context-1.53.0.jar:/Users/srimedha/.m2/repository/io/opentelemetry/opentelemetry-common/1.53.0/opentelemetry-common-1.53.0.jar:/Users/srimedha/.m2/repository/io/opentelemetry/opentelemetry-exporter-logging/1.53.0/opentelemetry-exporter-logging-1.53.0.jar:/Users/srimedha/.m2/repository/io/opentelemetry/opentelemetry-sdk-common/1.53.0/opentelemetry-sdk-common-1.53.0.jar:/Users/srimedha/.m2/repository/io/opentelemetry/opentelemetry-sdk-extension-autoconfigure-spi/1.53.0/opentelemetry-sdk-extension-autoconfigure-spi-1.53.0.jar:/Users/srimedha/.m2/repository/io/opentelemetry/opentelemetry-sdk-extension-autoconfigure/1.53.0/opentelemetry-sdk-extension-autoconfigure-1.53.0.jar:/Users/srimedha/.m2/repository/io/opentelemetry/opentelemetry-sdk-trace/1.53.0/opentelemetry-sdk-trace-1.53.0.jar:/Users/srimedha/.m2/repository/io/opentelemetry/opentelemetry-sdk/1.53.0/opentelemetry-sdk-1.53.0.jar:/Users/srimedha/.m2/repository/io/opentelemetry/opentelemetry-sdk-metrics/1.53.0/opentelemetry-sdk-metrics-1.53.0.jar:/Users/srimedha/.m2/repository/io/opentelemetry/opentelemetry-sdk-logs/1.53.0/opentelemetry-sdk-logs-1.53.0.jar:/Users/srimedha/.m2/repository/net/bytebuddy/byte-buddy/1.17.6/byte-buddy-1.17.6.jar:/Users/srimedha/.m2/repository/org/seleniumhq/selenium/selenium-os/4.35.0/selenium-os-4.35.0.jar:/Users/srimedha/.m2/repository/org/apache/commons/commons-exec/1.5.0/commons-exec-1.5.0.jar:/Users/srimedha/.m2/repository/org/seleniumhq/selenium/selenium-safari-driver/4.35.0/selenium-safari-driver-4.35.0.jar:/Users/srimedha/.m2/repository/org/seleniumhq/selenium/selenium-support/4.35.0/selenium-support-4.35.0.jar:/Users/srimedha/.m2/repository/io/github/bonigarcia/webdrivermanager/5.9.2/webdrivermanager-5.9.2.jar:/Users/srimedha/.m2/repository/org/slf4j/slf4j-api/2.0.13/slf4j-api-2.0.13.jar:/Users/srimedha/.m2/repository/com/google/code/gson/gson/2.11.0/gson-2.11.0.jar:/Users/srimedha/.m2/repository/com/google/errorprone/error_prone_annotations/2.27.0/error_prone_annotations-2.27.0.jar:/Users/srimedha/.m2/repository/com/github/docker-java/docker-java/3.4.0/docker-java-3.4.0.jar:/Users/srimedha/.m2/repository/com/github/docker-java/docker-java-core/3.4.0/docker-java-core-3.4.0.jar:/Users/srimedha/.m2/repository/com/github/docker-java/docker-java-api/3.4.0/docker-java-api-3.4.0.jar:/Users/srimedha/.m2/repository/com/fasterxml/jackson/core/jackson-annotations/2.10.3/jackson-annotations-2.10.3.jar:/Users/srimedha/.m2/repository/com/fasterxml/jackson/core/jackson-databind/2.10.3/jackson-databind-2.10.3.jar:/Users/srimedha/.m2/repository/com/fasterxml/jackson/core/jackson-core/2.10.3/jackson-core-2.10.3.jar:/Users/srimedha/.m2/repository/org/slf4j/jcl-over-slf4j/1.7.30/jcl-over-slf4j-1.7.30.jar:/Users/srimedha/.m2/repository/com/github/docker-java/docker-java-transport-httpclient5/3.4.0/docker-java-transport-httpclient5-3.4.0.jar:/Users/srimedha/.m2/repository/com/github/docker-java/docker-java-transport/3.4.0/docker-java-transport-3.4.0.jar:/Users/srimedha/.m2/repository/net/java/dev/jna/jna/5.13.0/jna-5.13.0.jar:/Users/srimedha/.m2/repository/org/brotli/dec/0.1.2/dec-0.1.2.jar:/Users/srimedha/.m2/repository/org/apache/commons/commons-lang3/3.15.0/commons-lang3-3.15.0.jar:/Users/srimedha/.m2/repository/org/apache/commons/commons-compress/1.26.2/commons-compress-1.26.2.jar:/Users/srimedha/.m2/repository/org/apache/httpcomponents/client5/httpclient5/5.2.1/httpclient5-5.2.1.jar:/Users/srimedha/.m2/repository/org/apache/httpcomponents/core5/httpcore5/5.2/httpcore5-5.2.jar:/Users/srimedha/.m2/repository/org/apache/httpcomponents/core5/httpcore5-h2/5.2/httpcore5-h2-5.2.jar:/Users/srimedha/.m2/repository/org/testng/testng/7.7.0/testng-7.7.0.jar:/Users/srimedha/.m2/repository/com/beust/jcommander/1.82/jcommander-1.82.jar:/Users/srimedha/.m2/repository/org/webjars/jquery/3.6.1/jquery-3.6.1.jar:/Users/srimedha/.m2/repository/org/apache/poi/poi/5.4.1/poi-5.4.1.jar:/Users/srimedha/.m2/repository/commons-codec/commons-codec/1.18.0/commons-codec-1.18.0.jar:/Users/srimedha/.m2/repository/org/apache/commons/commons-collections4/4.4/commons-collections4-4.4.jar:/Users/srimedha/.m2/repository/org/apache/commons/commons-math3/3.6.1/commons-math3-3.6.1.jar:/Users/srimedha/.m2/repository/com/zaxxer/SparseBitSet/1.3/SparseBitSet-1.3.jar:/Users/srimedha/.m2/repository/org/apache/poi/poi-ooxml/5.4.1/poi-ooxml-5.4.1.jar:/Users/srimedha/.m2/repository/org/apache/poi/poi-ooxml-lite/5.4.1/poi-ooxml-lite-5.4.1.jar:/Users/srimedha/.m2/repository/org/apache/xmlbeans/xmlbeans/5.3.0/xmlbeans-5.3.0.jar:/Users/srimedha/.m2/repository/com/github/virtuald/curvesapi/1.08/curvesapi-1.08.jar:/Users/srimedha/.m2/repository/com/aventstack/extentreports/5.1.1/extentreports-5.1.1.jar:/Users/srimedha/.m2/repository/io/reactivex/rxjava3/rxjava/3.1.6/rxjava-3.1.6.jar:/Users/srimedha/.m2/repository/org/reactivestreams/reactive-streams/1.0.4/reactive-streams-1.0.4.jar:/Users/srimedha/.m2/repository/org/freemarker/freemarker/2.3.32/freemarker-2.3.32.jar:/Users/srimedha/.m2/repository/org/projectlombok/lombok/1.18.26/lombok-1.18.26.jar:/Users/srimedha/.m2/repository/commons-io/commons-io/2.16.1/commons-io-2.16.1.jar:/Users/srimedha/.m2/repository/org/apache/logging/log4j/log4j-api/2.20.0/log4j-api-2.20.0.jar:/Users/srimedha/.m2/repository/org/apache/logging/log4j/log4j-core/2.20.0/log4j-core-2.20.0.jar:"/>
    <property name="java.vm.vendor" value="Homebrew"/>
    <property name="sun.arch.data.model" value="64"/>
    <property name="java.vendor.url" value="https://github.com/Homebrew/homebrew-core/issues"/>
    <property name="user.timezone" value="Asia/Kolkata"/>
    <property name="os.name" value="Mac OS X"/>
    <property name="java.vm.specification.version" value="24"/>
    <property name="sun.java.launcher" value="SUN_STANDARD"/>
    <property name="user.country" value="IN"/>
    <property name="sun.boot.library.path" value="/opt/homebrew/Cellar/openjdk/24.0.2/libexec/openjdk.jdk/Contents/Home/lib"/>
    <property name="sun.java.command" value="/Users/srimedha/Downloads/UI Test Cases/target/surefire/surefirebooter-20250916151424914_3.jar /Users/srimedha/Downloads/UI Test Cases/target/surefire 2025-09-16T15-14-24_867-jvmRun1 surefire-20250916151424914_1tmp surefire_0-20250916151424914_2tmp"/>
    <property name="http.nonProxyHosts" value="local|*.local|169.254/16|*.169.254/16"/>
    <property name="jdk.debug" value="release"/>
    <property name="test" value="ApiTestingPageTestSuite"/>
    <property name="surefire.test.class.path" value="/Users/srimedha/Downloads/UI Test Cases/target/test-classes:/Users/srimedha/Downloads/UI Test Cases/target/classes:/Users/srimedha/.m2/repository/org/seleniumhq/selenium/selenium-java/4.35.0/selenium-java-4.35.0.jar:/Users/srimedha/.m2/repository/org/seleniumhq/selenium/selenium-api/4.35.0/selenium-api-4.35.0.jar:/Users/srimedha/.m2/repository/org/jspecify/jspecify/1.0.0/jspecify-1.0.0.jar:/Users/srimedha/.m2/repository/org/seleniumhq/selenium/selenium-chrome-driver/4.35.0/selenium-chrome-driver-4.35.0.jar:/Users/srimedha/.m2/repository/com/google/auto/service/auto-service-annotations/1.1.1/auto-service-annotations-1.1.1.jar:/Users/srimedha/.m2/repository/org/seleniumhq/selenium/selenium-chromium-driver/4.35.0/selenium-chromium-driver-4.35.0.jar:/Users/srimedha/.m2/repository/org/seleniumhq/selenium/selenium-json/4.35.0/selenium-json-4.35.0.jar:/Users/srimedha/.m2/repository/org/seleniumhq/selenium/selenium-manager/4.35.0/selenium-manager-4.35.0.jar:/Users/srimedha/.m2/repository/org/seleniumhq/selenium/selenium-devtools-v137/4.35.0/selenium-devtools-v137-4.35.0.jar:/Users/srimedha/.m2/repository/org/seleniumhq/selenium/selenium-devtools-v138/4.35.0/selenium-devtools-v138-4.35.0.jar:/Users/srimedha/.m2/repository/org/seleniumhq/selenium/selenium-devtools-v139/4.35.0/selenium-devtools-v139-4.35.0.jar:/Users/srimedha/.m2/repository/org/seleniumhq/selenium/selenium-edge-driver/4.35.0/selenium-edge-driver-4.35.0.jar:/Users/srimedha/.m2/repository/org/seleniumhq/selenium/selenium-firefox-driver/4.35.0/selenium-firefox-driver-4.35.0.jar:/Users/srimedha/.m2/repository/org/seleniumhq/selenium/selenium-http/4.35.0/selenium-http-4.35.0.jar:/Users/srimedha/.m2/repository/org/seleniumhq/selenium/selenium-ie-driver/4.35.0/selenium-ie-driver-4.35.0.jar:/Users/srimedha/.m2/repository/org/seleniumhq/selenium/selenium-remote-driver/4.35.0/selenium-remote-driver-4.35.0.jar:/Users/srimedha/.m2/repository/com/google/guava/guava/33.4.8-jre/guava-33.4.8-jre.jar:/Users/srimedha/.m2/repository/com/google/guava/failureaccess/1.0.3/failureaccess-1.0.3.jar:/Users/srimedha/.m2/repository/com/google/guava/listenablefuture/9999.0-empty-to-avoid-conflict-with-guava/listenablefuture-9999.0-empty-to-avoid-conflict-with-guava.jar:/Users/srimedha/.m2/repository/com/google/j2objc/j2objc-annotations/3.0.0/j2objc-annotations-3.0.0.jar:/Users/srimedha/.m2/repository/io/opentelemetry/opentelemetry-api/1.53.0/opentelemetry-api-1.53.0.jar:/Users/srimedha/.m2/repository/io/opentelemetry/opentelemetry-context/1.53.0/opentelemetry-context-1.53.0.jar:/Users/srimedha/.m2/repository/io/opentelemetry/opentelemetry-common/1.53.0/opentelemetry-common-1.53.0.jar:/Users/srimedha/.m2/repository/io/opentelemetry/opentelemetry-exporter-logging/1.53.0/opentelemetry-exporter-logging-1.53.0.jar:/Users/srimedha/.m2/repository/io/opentelemetry/opentelemetry-sdk-common/1.53.0/opentelemetry-sdk-common-1.53.0.jar:/Users/srimedha/.m2/repository/io/opentelemetry/opentelemetry-sdk-extension-autoconfigure-spi/1.53.0/opentelemetry-sdk-extension-autoconfigure-spi-1.53.0.jar:/Users/srimedha/.m2/repository/io/opentelemetry/opentelemetry-sdk-extension-autoconfigure/1.53.0/opentelemetry-sdk-extension-autoconfigure-1.53.0.jar:/Users/srimedha/.m2/repository/io/opentelemetry/opentelemetry-sdk-trace/1.53.0/opentelemetry-sdk-trace-1.53.0.jar:/Users/srimedha/.m2/repository/io/opentelemetry/opentelemetry-sdk/1.53.0/opentelemetry-sdk-1.53.0.jar:/Users/srimedha/.m2/repository/io/opentelemetry/opentelemetry-sdk-metrics/1.53.0/opentelemetry-sdk-metrics-1.53.0.jar:/Users/srimedha/.m2/repository/io/opentelemetry/opentelemetry-sdk-logs/1.53.0/opentelemetry-sdk-logs-1.53.0.jar:/Users/srimedha/.m2/repository/net/bytebuddy/byte-buddy/1.17.6/byte-buddy-1.17.6.jar:/Users/srimedha/.m2/repository/org/seleniumhq/selenium/selenium-os/4.35.0/selenium-os-4.35.0.jar:/Users/srimedha/.m2/repository/org/apache/commons/commons-exec/1.5.0/commons-exec-1.5.0.jar:/Users/srimedha/.m2/repository/org/seleniumhq/selenium/selenium-safari-driver/4.35.0/selenium-safari-driver-4.35.0.jar:/Users/srimedha/.m2/repository/org/seleniumhq/selenium/selenium-support/4.35.0/selenium-support-4.35.0.jar:/Users/srimedha/.m2/repository/io/github/bonigarcia/webdrivermanager/5.9.2/webdrivermanager-5.9.2.jar:/Users/srimedha/.m2/repository/org/slf4j/slf4j-api/2.0.13/slf4j-api-2.0.13.jar:/Users/srimedha/.m2/repository/com/google/code/gson/gson/2.11.0/gson-2.11.0.jar:/Users/srimedha/.m2/repository/com/google/errorprone/error_prone_annotations/2.27.0/error_prone_annotations-2.27.0.jar:/Users/srimedha/.m2/repository/com/github/docker-java/docker-java/3.4.0/docker-java-3.4.0.jar:/Users/srimedha/.m2/repository/com/github/docker-java/docker-java-core/3.4.0/docker-java-core-3.4.0.jar:/Users/srimedha/.m2/repository/com/github/docker-java/docker-java-api/3.4.0/docker-java-api-3.4.0.jar:/Users/srimedha/.m2/repository/com/fasterxml/jackson/core/jackson-annotations/2.10.3/jackson-annotations-2.10.3.jar:/Users/srimedha/.m2/repository/com/fasterxml/jackson/core/jackson-databind/2.10.3/jackson-databind-2.10.3.jar:/Users/srimedha/.m2/repository/com/fasterxml/jackson/core/jackson-core/2.10.3/jackson-core-2.10.3.jar:/Users/srimedha/.m2/repository/org/slf4j/jcl-over-slf4j/1.7.30/jcl-over-slf4j-1.7.30.jar:/Users/srimedha/.m2/repository/com/github/docker-java/docker-java-transport-httpclient5/3.4.0/docker-java-transport-httpclient5-3.4.0.jar:/Users/srimedha/.m2/repository/com/github/docker-java/docker-java-transport/3.4.0/docker-java-transport-3.4.0.jar:/Users/srimedha/.m2/repository/net/java/dev/jna/jna/5.13.0/jna-5.13.0.jar:/Users/srimedha/.m2/repository/org/brotli/dec/0.1.2/dec-0.1.2.jar:/Users/srimedha/.m2/repository/org/apache/commons/commons-lang3/3.15.0/commons-lang3-3.15.0.jar:/Users/srimedha/.m2/repository/org/apache/commons/commons-compress/1.26.2/commons-compress-1.26.2.jar:/Users/srimedha/.m2/repository/org/apache/httpcomponents/client5/httpclient5/5.2.1/httpclient5-5.2.1.jar:/Users/srimedha/.m2/repository/org/apache/httpcomponents/core5/httpcore5/5.2/httpcore5-5.2.jar:/Users/srimedha/.m2/repository/org/apache/httpcomponents/core5/httpcore5-h2/5.2/httpcore5-h2-5.2.jar:/Users/srimedha/.m2/repository/org/testng/testng/7.7.0/testng-7.7.0.jar:/Users/srimedha/.m2/repository/com/beust/jcommander/1.82/jcommander-1.82.jar:/Users/srimedha/.m2/repository/org/webjars/jquery/3.6.1/jquery-3.6.1.jar:/Users/srimedha/.m2/repository/org/apache/poi/poi/5.4.1/poi-5.4.1.jar:/Users/srimedha/.m2/repository/commons-codec/commons-codec/1.18.0/commons-codec-1.18.0.jar:/Users/srimedha/.m2/repository/org/apache/commons/commons-collections4/4.4/commons-collections4-4.4.jar:/Users/srimedha/.m2/repository/org/apache/commons/commons-math3/3.6.1/commons-math3-3.6.1.jar:/Users/srimedha/.m2/repository/com/zaxxer/SparseBitSet/1.3/SparseBitSet-1.3.jar:/Users/srimedha/.m2/repository/org/apache/poi/poi-ooxml/5.4.1/poi-ooxml-5.4.1.jar:/Users/srimedha/.m2/repository/org/apache/poi/poi-ooxml-lite/5.4.1/poi-ooxml-lite-5.4.1.jar:/Users/srimedha/.m2/repository/org/apache/xmlbeans/xmlbeans/5.3.0/xmlbeans-5.3.0.jar:/Users/srimedha/.m2/repository/com/github/virtuald/curvesapi/1.08/curvesapi-1.08.jar:/Users/srimedha/.m2/repository/com/aventstack/extentreports/5.1.1/extentreports-5.1.1.jar:/Users/srimedha/.m2/repository/io/reactivex/rxjava3/rxjava/3.1.6/rxjava-3.1.6.jar:/Users/srimedha/.m2/repository/org/reactivestreams/reactive-streams/1.0.4/reactive-streams-1.0.4.jar:/Users/srimedha/.m2/repository/org/freemarker/freemarker/2.3.32/freemarker-2.3.32.jar:/Users/srimedha/.m2/repository/org/projectlombok/lombok/1.18.26/lombok-1.18.26.jar:/Users/srimedha/.m2/repository/commons-io/commons-io/2.16.1/commons-io-2.16.1.jar:/Users/srimedha/.m2/repository/org/apache/logging/log4j/log4j-api/2.20.0/log4j-api-2.20.0.jar:/Users/srimedha/.m2/repository/org/apache/logging/log4j/log4j-core/2.20.0/log4j-core-2.20.0.jar:"/>
    <property name="sun.cpu.endian" value="little"/>
    <property name="user.home" value="/Users/srimedha"/>
    <property name="user.language" value="en"/>
    <property name="java.specification.vendor" value="Oracle Corporation"/>
    <property name="java.version.date" value="2025-07-15"/>
    <property name="java.home" value="/opt/homebrew/Cellar/openjdk/24.0.2/libexec/openjdk.jdk/Contents/Home"/>
    <property name="file.separator" value="/"/>
    <property name="basedir" value="/Users/srimedha/Downloads/UI Test Cases"/>
    <property name="java.vm.compressedOopsMode" value="Zero based"/>
    <property name="line.separator" value="&#10;"/>
    <property name="java.vm.specification.vendor" value="Oracle Corporation"/>
    <property name="java.specification.name" value="Java Platform API Specification"/>
    <property name="apple.awt.application.name" value="ForkedBooter"/>
    <property name="surefire.real.class.path" value="/Users/srimedha/Downloads/UI Test Cases/target/surefire/surefirebooter-20250916151424914_3.jar"/>
    <property name="sun.management.compiler" value="HotSpot 64-Bit Tiered Compilers"/>
    <property name="ftp.nonProxyHosts" value="local|*.local|169.254/16|*.169.254/16"/>
    <property name="java.runtime.version" value="24.0.2"/>
    <property name="user.name" value="srimedha"/>
    <property name="stdout.encoding" value="UTF-8"/>
    <property name="path.separator" value=":"/>
    <property name="os.version" value="15.6.1"/>
    <property name="java.runtime.name" value="OpenJDK Runtime Environment"/>
    <property name="file.encoding" value="UTF-8"/>
    <property name="browser" value="chrome"/>
    <property name="java.vm.name" value="OpenJDK 64-Bit Server VM"/>
    <property name="java.vendor.version" value="Homebrew"/>
    <property name="localRepository" value="/Users/srimedha/.m2/repository"/>
    <property name="java.vendor.url.bug" value="https://github.com/Homebrew/homebrew-core/issues"/>
    <property name="java.io.tmpdir" value="/var/folders/2s/jd599xxx35d5rf5s_w1nrbk40000gn/T/"/>
    <property name="java.version" value="24.0.2"/>
    <property name="user.dir" value="/Users/srimedha/Downloads/UI Test Cases"/>
    <property name="os.arch" value="aarch64"/>
    <property name="java.vm.specification.name" value="Java Virtual Machine Specification"/>
    <property name="native.encoding" value="UTF-8"/>
    <property name="java.library.path" value="/Users/srimedha/Library/Java/Extensions:/Library/Java/Extensions:/Network/Library/Java/Extensions:/System/Library/Java/Extensions:/usr/lib/java:."/>
    <property name="java.vm.info" value="mixed mode, sharing"/>
    <property name="stderr.encoding" value="UTF-8"/>
    <property name="java.vendor" value="Homebrew"/>
    <property name="java.vm.version" value="24.0.2"/>
    <property name="sun.io.unicode.encoding" value="UnicodeBig"/>
    <property name="socksNonProxyHosts" value="local|*.local|169.254/16|*.169.254/16"/>
    <property name="java.class.version" value="68.0"/>
  </properties>
  <testcase name="TC_API_Testing_01_NavigateToAPITesting" classname="com.ui.tests.ApiTestingPageTestSuite" time="5.01">
    <system-out><![CDATA[Starting API Testing test suite: Surefire test
ExtentReports initialized successfully: /Users/srimedha/Downloads/UI Test Cases/reports/testsuite_reports/APITestSuite_20250916_151425_ExtentReport.html
ExtentReports initialized for API Testing suite: Surefire test
Created test: TC_API_Testing_01_NavigateToAPITesting
Starting test: TC_API_Testing_01_NavigateToAPITesting
✅ PASS: TC_API_Testing_01 - Navigate to API Testing page
]]></system-out>
    <system-err><![CDATA[SLF4J(W): No SLF4J providers were found.
SLF4J(W): Defaulting to no-operation (NOP) logger implementation
SLF4J(W): See https://www.slf4j.org/codes.html#noProviders for further details.
Sept 16, 2025 3:14:27 PM org.openqa.selenium.devtools.CdpVersionFinder findNearestMatch
WARNING: Unable to find an exact match for CDP version 140, returning the closest version; found: 139; Please update to a Selenium version that supports CDP version 140
]]></system-err>
  </testcase>
  <testcase name="TC_API_Testing_02_LogoRedirect" classname="com.ui.tests.ApiTestingPageTestSuite" time="2.059">
    <failure message="expected [true] but found [false]" type="java.lang.AssertionError"><![CDATA[java.lang.AssertionError: expected [true] but found [false]
	at org.testng.Assert.fail(Assert.java:110)
	at org.testng.Assert.failNotEquals(Assert.java:1413)
	at org.testng.Assert.assertTrue(Assert.java:56)
	at org.testng.Assert.assertTrue(Assert.java:66)
	at com.ui.tests.ApiTestingPageTestSuite.TC_API_Testing_02_LogoRedirect(ApiTestingPageTestSuite.java:95)
	at java.base/jdk.internal.reflect.DirectMethodHandleAccessor.invoke(DirectMethodHandleAccessor.java:104)
	at java.base/java.lang.reflect.Method.invoke(Method.java:565)
	at org.testng.internal.invokers.MethodInvocationHelper.invokeMethod(MethodInvocationHelper.java:139)
	at org.testng.internal.invokers.TestInvoker.invokeMethod(TestInvoker.java:677)
	at org.testng.internal.invokers.TestInvoker.invokeTestMethod(TestInvoker.java:221)
	at org.testng.internal.invokers.MethodRunner.runInSequence(MethodRunner.java:50)
	at org.testng.internal.invokers.TestInvoker$MethodInvocationAgent.invoke(TestInvoker.java:969)
	at org.testng.internal.invokers.TestInvoker.invokeTestMethods(TestInvoker.java:194)
	at org.testng.internal.invokers.TestMethodWorker.invokeTestMethods(TestMethodWorker.java:148)
	at org.testng.internal.invokers.TestMethodWorker.run(TestMethodWorker.java:128)
	at java.base/java.util.ArrayList.forEach(ArrayList.java:1604)
	at org.testng.TestRunner.privateRun(TestRunner.java:829)
	at org.testng.TestRunner.run(TestRunner.java:602)
	at org.testng.SuiteRunner.runTest(SuiteRunner.java:437)
	at org.testng.SuiteRunner.runSequentially(SuiteRunner.java:431)
	at org.testng.SuiteRunner.privateRun(SuiteRunner.java:391)
	at org.testng.SuiteRunner.run(SuiteRunner.java:330)
	at org.testng.SuiteRunnerWorker.runSuite(SuiteRunnerWorker.java:52)
	at org.testng.SuiteRunnerWorker.run(SuiteRunnerWorker.java:95)
	at org.testng.TestNG.runSuitesSequentially(TestNG.java:1256)
	at org.testng.TestNG.runSuitesLocally(TestNG.java:1176)
	at org.testng.TestNG.runSuites(TestNG.java:1099)
	at org.testng.TestNG.run(TestNG.java:1067)
	at org.apache.maven.surefire.testng.TestNGExecutor.run(TestNGExecutor.java:155)
	at org.apache.maven.surefire.testng.TestNGDirectoryTestSuite.executeSingleClass(TestNGDirectoryTestSuite.java:102)
	at org.apache.maven.surefire.testng.TestNGDirectoryTestSuite.execute(TestNGDirectoryTestSuite.java:91)
	at org.apache.maven.surefire.testng.TestNGProvider.invoke(TestNGProvider.java:137)
	at org.apache.maven.surefire.booter.ForkedBooter.runSuitesInProcess(ForkedBooter.java:385)
	at org.apache.maven.surefire.booter.ForkedBooter.execute(ForkedBooter.java:162)
	at org.apache.maven.surefire.booter.ForkedBooter.run(ForkedBooter.java:507)
	at org.apache.maven.surefire.booter.ForkedBooter.main(ForkedBooter.java:495)
]]></failure>
    <system-out><![CDATA[Screenshot captured: /Users/srimedha/Downloads/UI Test Cases/test-output/screenshots/general/pass/TC_API_Testing_01_NavigateToAPITesting_PASSED_2025-09-16_15-14-38-609.png
PASS: TC_API_Testing_01_NavigateToAPITesting
Created test: TC_API_Testing_02_LogoRedirect
Starting test: TC_API_Testing_02_LogoRedirect
❌ FAIL: TC_API_Testing_02 - Logo Redirect to Homepage
]]></system-out>
    <system-err><![CDATA[Driver not set. Cannot take screenshot: ./screenshots/general/pass/TC_API_Testing_01_NavigateToAPITesting_PASSED_2025-09-16_15-14-38-609.png
]]></system-err>
  </testcase>
  <testcase name="TC_API_Testing_03_HomeIconRedirect" classname="com.ui.tests.ApiTestingPageTestSuite" time="7.626">
    <system-out><![CDATA[Screenshot captured: /Users/srimedha/Downloads/UI Test Cases/test-output/screenshots/general/fail/TC_API_Testing_02_LogoRedirect_FAILED_2025-09-16_15-14-40-920.png
FAIL: TC_API_Testing_02_LogoRedirect - expected [true] but found [false]
Created test: TC_API_Testing_03_HomeIconRedirect
Starting test: TC_API_Testing_03_HomeIconRedirect
✅ PASS: TC_API_Testing_03 - Home Icon Redirect
]]></system-out>
    <system-err><![CDATA[Driver not set. Cannot take screenshot: ./screenshots/general/fail/TC_API_Testing_02_LogoRedirect_FAILED_2025-09-16_15-14-40-920.png
]]></system-err>
  </testcase>
  <testcase name="TC_API_Testing_04_ProductsIconRedirect" classname="com.ui.tests.ApiTestingPageTestSuite" time="20.431">
    <system-out><![CDATA[Screenshot captured: /Users/srimedha/Downloads/UI Test Cases/test-output/screenshots/general/pass/TC_API_Testing_03_HomeIconRedirect_PASSED_2025-09-16_15-14-48-710.png
PASS: TC_API_Testing_03_HomeIconRedirect
Created test: TC_API_Testing_04_ProductsIconRedirect
Starting test: TC_API_Testing_04_ProductsIconRedirect
✅ PASS: TC_API_Testing_04 - Products Icon Redirect
]]></system-out>
    <system-err><![CDATA[Driver not set. Cannot take screenshot: ./screenshots/general/pass/TC_API_Testing_03_HomeIconRedirect_PASSED_2025-09-16_15-14-48-710.png
]]></system-err>
  </testcase>
  <testcase name="TC_API_Testing_05_CartIconRedirect" classname="com.ui.tests.ApiTestingPageTestSuite" time="1.683">
    <system-out><![CDATA[Screenshot captured: /Users/srimedha/Downloads/UI Test Cases/test-output/screenshots/general/pass/TC_API_Testing_04_ProductsIconRedirect_PASSED_2025-09-16_15-15-10-751.png
PASS: TC_API_Testing_04_ProductsIconRedirect
Created test: TC_API_Testing_05_CartIconRedirect
Starting test: TC_API_Testing_05_CartIconRedirect
✅ PASS: TC_API_Testing_05 - Cart Icon Redirect
]]></system-out>
    <system-err><![CDATA[Driver not set. Cannot take screenshot: ./screenshots/general/pass/TC_API_Testing_04_ProductsIconRedirect_PASSED_2025-09-16_15-15-10-751.png
]]></system-err>
  </testcase>
  <testcase name="TC_API_Testing_06_SignupLoginIcon" classname="com.ui.tests.ApiTestingPageTestSuite" time="1.638">
    <system-out><![CDATA[Screenshot captured: /Users/srimedha/Downloads/UI Test Cases/test-output/screenshots/general/pass/TC_API_Testing_05_CartIconRedirect_PASSED_2025-09-16_15-15-13-869.png
PASS: TC_API_Testing_05_CartIconRedirect
Created test: TC_API_Testing_06_SignupLoginIcon
Starting test: TC_API_Testing_06_SignupLoginIcon
✅ PASS: TC_API_Testing_06 - Signup/Login Icon
]]></system-out>
    <system-err><![CDATA[Driver not set. Cannot take screenshot: ./screenshots/general/pass/TC_API_Testing_05_CartIconRedirect_PASSED_2025-09-16_15-15-13-869.png
]]></system-err>
  </testcase>
  <testcase name="TC_API_Testing_07_TestCasesIconRedirect" classname="com.ui.tests.ApiTestingPageTestSuite" time="1.455">
    <system-out><![CDATA[Screenshot captured: /Users/srimedha/Downloads/UI Test Cases/test-output/screenshots/general/pass/TC_API_Testing_06_SignupLoginIcon_PASSED_2025-09-16_15-15-16-363.png
PASS: TC_API_Testing_06_SignupLoginIcon
Created test: TC_API_Testing_07_TestCasesIconRedirect
Starting test: TC_API_Testing_07_TestCasesIconRedirect
✅ PASS: TC_API_Testing_07 - Test Cases Icon Redirect
]]></system-out>
    <system-err><![CDATA[Driver not set. Cannot take screenshot: ./screenshots/general/pass/TC_API_Testing_06_SignupLoginIcon_PASSED_2025-09-16_15-15-16-363.png
]]></system-err>
  </testcase>
  <testcase name="TC_API_Testing_08_APITestingIcon" classname="com.ui.tests.ApiTestingPageTestSuite" time="0.761">
    <system-out><![CDATA[Screenshot captured: /Users/srimedha/Downloads/UI Test Cases/test-output/screenshots/general/pass/TC_API_Testing_07_TestCasesIconRedirect_PASSED_2025-09-16_15-15-19-970.png
PASS: TC_API_Testing_07_TestCasesIconRedirect
Created test: TC_API_Testing_08_APITestingIcon
Starting test: TC_API_Testing_08_APITestingIcon
✅ PASS: TC_API_Testing_08 - API Testing Icon
]]></system-out>
    <system-err><![CDATA[Driver not set. Cannot take screenshot: ./screenshots/general/pass/TC_API_Testing_07_TestCasesIconRedirect_PASSED_2025-09-16_15-15-19-970.png
]]></system-err>
  </testcase>
  <testcase name="TC_API_Testing_09_VideoTutorialsIcon" classname="com.ui.tests.ApiTestingPageTestSuite" time="2.322">
    <failure message="expected [true] but found [false]" type="java.lang.AssertionError"><![CDATA[java.lang.AssertionError: expected [true] but found [false]
	at org.testng.Assert.fail(Assert.java:110)
	at org.testng.Assert.failNotEquals(Assert.java:1413)
	at org.testng.Assert.assertTrue(Assert.java:56)
	at org.testng.Assert.assertTrue(Assert.java:66)
	at com.ui.tests.ApiTestingPageTestSuite.TC_API_Testing_09_VideoTutorialsIcon(ApiTestingPageTestSuite.java:158)
	at java.base/jdk.internal.reflect.DirectMethodHandleAccessor.invoke(DirectMethodHandleAccessor.java:104)
	at java.base/java.lang.reflect.Method.invoke(Method.java:565)
	at org.testng.internal.invokers.MethodInvocationHelper.invokeMethod(MethodInvocationHelper.java:139)
	at org.testng.internal.invokers.TestInvoker.invokeMethod(TestInvoker.java:677)
	at org.testng.internal.invokers.TestInvoker.invokeTestMethod(TestInvoker.java:221)
	at org.testng.internal.invokers.MethodRunner.runInSequence(MethodRunner.java:50)
	at org.testng.internal.invokers.TestInvoker$MethodInvocationAgent.invoke(TestInvoker.java:969)
	at org.testng.internal.invokers.TestInvoker.invokeTestMethods(TestInvoker.java:194)
	at org.testng.internal.invokers.TestMethodWorker.invokeTestMethods(TestMethodWorker.java:148)
	at org.testng.internal.invokers.TestMethodWorker.run(TestMethodWorker.java:128)
	at java.base/java.util.ArrayList.forEach(ArrayList.java:1604)
	at org.testng.TestRunner.privateRun(TestRunner.java:829)
	at org.testng.TestRunner.run(TestRunner.java:602)
	at org.testng.SuiteRunner.runTest(SuiteRunner.java:437)
	at org.testng.SuiteRunner.runSequentially(SuiteRunner.java:431)
	at org.testng.SuiteRunner.privateRun(SuiteRunner.java:391)
	at org.testng.SuiteRunner.run(SuiteRunner.java:330)
	at org.testng.SuiteRunnerWorker.runSuite(SuiteRunnerWorker.java:52)
	at org.testng.SuiteRunnerWorker.run(SuiteRunnerWorker.java:95)
	at org.testng.TestNG.runSuitesSequentially(TestNG.java:1256)
	at org.testng.TestNG.runSuitesLocally(TestNG.java:1176)
	at org.testng.TestNG.runSuites(TestNG.java:1099)
	at org.testng.TestNG.run(TestNG.java:1067)
	at org.apache.maven.surefire.testng.TestNGExecutor.run(TestNGExecutor.java:155)
	at org.apache.maven.surefire.testng.TestNGDirectoryTestSuite.executeSingleClass(TestNGDirectoryTestSuite.java:102)
	at org.apache.maven.surefire.testng.TestNGDirectoryTestSuite.execute(TestNGDirectoryTestSuite.java:91)
	at org.apache.maven.surefire.testng.TestNGProvider.invoke(TestNGProvider.java:137)
	at org.apache.maven.surefire.booter.ForkedBooter.runSuitesInProcess(ForkedBooter.java:385)
	at org.apache.maven.surefire.booter.ForkedBooter.execute(ForkedBooter.java:162)
	at org.apache.maven.surefire.booter.ForkedBooter.run(ForkedBooter.java:507)
	at org.apache.maven.surefire.booter.ForkedBooter.main(ForkedBooter.java:495)
]]></failure>
    <system-out><![CDATA[Screenshot captured: /Users/srimedha/Downloads/UI Test Cases/test-output/screenshots/general/pass/TC_API_Testing_08_APITestingIcon_PASSED_2025-09-16_15-15-21-647.png
PASS: TC_API_Testing_08_APITestingIcon
Created test: TC_API_Testing_09_VideoTutorialsIcon
Starting test: TC_API_Testing_09_VideoTutorialsIcon
❌ FAIL: TC_API_Testing_09 - Video Tutorials Icon
]]></system-out>
    <system-err><![CDATA[Driver not set. Cannot take screenshot: ./screenshots/general/pass/TC_API_Testing_08_APITestingIcon_PASSED_2025-09-16_15-15-21-647.png
]]></system-err>
  </testcase>
  <testcase name="TC_API_Testing_10_ContactUsIcon" classname="com.ui.tests.ApiTestingPageTestSuite" time="1.695">
    <system-out><![CDATA[Screenshot captured: /Users/srimedha/Downloads/UI Test Cases/test-output/screenshots/general/fail/TC_API_Testing_09_VideoTutorialsIcon_FAILED_2025-09-16_15-15-24-117.png
FAIL: TC_API_Testing_09_VideoTutorialsIcon - expected [true] but found [false]
Created test: TC_API_Testing_10_ContactUsIcon
Starting test: TC_API_Testing_10_ContactUsIcon
✅ PASS: TC_API_Testing_10 - Contact Us Icon
]]></system-out>
    <system-err><![CDATA[Driver not set. Cannot take screenshot: ./screenshots/general/fail/TC_API_Testing_09_VideoTutorialsIcon_FAILED_2025-09-16_15-15-24-117.png
]]></system-err>
  </testcase>
  <testcase name="TC_API_Testing_11_SubscriptionSection" classname="com.ui.tests.ApiTestingPageTestSuite" time="0.211">
    <system-out><![CDATA[Screenshot captured: /Users/srimedha/Downloads/UI Test Cases/test-output/screenshots/general/pass/TC_API_Testing_10_ContactUsIcon_PASSED_2025-09-16_15-15-27-068.png
PASS: TC_API_Testing_10_ContactUsIcon
Created test: TC_API_Testing_11_SubscriptionSection
Starting test: TC_API_Testing_11_SubscriptionSection
✅ PASS: TC_API_Testing_11 - Subscription Section
]]></system-out>
    <system-err><![CDATA[Driver not set. Cannot take screenshot: ./screenshots/general/pass/TC_API_Testing_10_ContactUsIcon_PASSED_2025-09-16_15-15-27-068.png
]]></system-err>
  </testcase>
  <testcase name="TC_API_Testing_12_APISectionExpands" classname="com.ui.tests.ApiTestingPageTestSuite" time="0.045">
    <system-out><![CDATA[Screenshot captured: /Users/srimedha/Downloads/UI Test Cases/test-output/screenshots/general/pass/TC_API_Testing_11_SubscriptionSection_PASSED_2025-09-16_15-15-28-570.png
PASS: TC_API_Testing_11_SubscriptionSection
Created test: TC_API_Testing_12_APISectionExpands
Starting test: TC_API_Testing_12_APISectionExpands
✅ PASS: TC_API_Testing_12 - API Section Expands
]]></system-out>
    <system-err><![CDATA[Driver not set. Cannot take screenshot: ./screenshots/general/pass/TC_API_Testing_11_SubscriptionSection_PASSED_2025-09-16_15-15-28-570.png
]]></system-err>
  </testcase>
  <testcase name="TC_API_Testing_13_APISectionCollapses" classname="com.ui.tests.ApiTestingPageTestSuite" time="0.053">
    <system-out><![CDATA[Screenshot captured: /Users/srimedha/Downloads/UI Test Cases/test-output/screenshots/general/pass/TC_API_Testing_12_APISectionExpands_PASSED_2025-09-16_15-15-28-748.png
PASS: TC_API_Testing_12_APISectionExpands
Created test: TC_API_Testing_13_APISectionCollapses
Starting test: TC_API_Testing_13_APISectionCollapses
✅ PASS: TC_API_Testing_13 - API Section Collapses
]]></system-out>
    <system-err><![CDATA[Driver not set. Cannot take screenshot: ./screenshots/general/pass/TC_API_Testing_12_APISectionExpands_PASSED_2025-09-16_15-15-28-748.png
]]></system-err>
  </testcase>
  <testcase name="TC_API_Testing_14_ScrollFunctionality" classname="com.ui.tests.ApiTestingPageTestSuite" time="0.003">
    <system-out><![CDATA[Screenshot captured: /Users/srimedha/Downloads/UI Test Cases/test-output/screenshots/general/pass/TC_API_Testing_13_APISectionCollapses_PASSED_2025-09-16_15-15-28-923.png
PASS: TC_API_Testing_13_APISectionCollapses
Created test: TC_API_Testing_14_ScrollFunctionality
Starting test: TC_API_Testing_14_ScrollFunctionality
✅ PASS: TC_API_Testing_14 - Scroll Functionality
]]></system-out>
    <system-err><![CDATA[Driver not set. Cannot take screenshot: ./screenshots/general/pass/TC_API_Testing_13_APISectionCollapses_PASSED_2025-09-16_15-15-28-923.png
]]></system-err>
  </testcase>
  <testcase name="TC_API_Testing_15_APIURLsClickable" classname="com.ui.tests.ApiTestingPageTestSuite" time="0.034">
    <system-out><![CDATA[Screenshot captured: /Users/srimedha/Downloads/UI Test Cases/test-output/screenshots/general/pass/TC_API_Testing_14_ScrollFunctionality_PASSED_2025-09-16_15-15-29-052.png
PASS: TC_API_Testing_14_ScrollFunctionality
Created test: TC_API_Testing_15_APIURLsClickable
Starting test: TC_API_Testing_15_APIURLsClickable
✅ PASS: TC_API_Testing_15 - API URLs Clickable
]]></system-out>
    <system-err><![CDATA[Driver not set. Cannot take screenshot: ./screenshots/general/pass/TC_API_Testing_14_ScrollFunctionality_PASSED_2025-09-16_15-15-29-052.png
]]></system-err>
  </testcase>
  <testcase name="TC_API_Testing_16_ConsistentDesign" classname="com.ui.tests.ApiTestingPageTestSuite" time="0.005">
    <system-out><![CDATA[Screenshot captured: /Users/srimedha/Downloads/UI Test Cases/test-output/screenshots/general/pass/TC_API_Testing_15_APIURLsClickable_PASSED_2025-09-16_15-15-29-215.png
PASS: TC_API_Testing_15_APIURLsClickable
Created test: TC_API_Testing_16_ConsistentDesign
Starting test: TC_API_Testing_16_ConsistentDesign
✅ PASS: TC_API_Testing_16 - Consistent Design
]]></system-out>
    <system-err><![CDATA[Driver not set. Cannot take screenshot: ./screenshots/general/pass/TC_API_Testing_15_APIURLsClickable_PASSED_2025-09-16_15-15-29-215.png
]]></system-err>
  </testcase>
  <testcase name="TC_API_Testing_17_RightClickNewTab" classname="com.ui.tests.ApiTestingPageTestSuite" time="0.277">
    <system-out><![CDATA[Screenshot captured: /Users/srimedha/Downloads/UI Test Cases/test-output/screenshots/general/pass/TC_API_Testing_16_ConsistentDesign_PASSED_2025-09-16_15-15-29-353.png
PASS: TC_API_Testing_16_ConsistentDesign
Created test: TC_API_Testing_17_RightClickNewTab
Starting test: TC_API_Testing_17_RightClickNewTab
✅ PASS: TC_API_Testing_17 - Right Click New Tab
]]></system-out>
    <system-err><![CDATA[Driver not set. Cannot take screenshot: ./screenshots/general/pass/TC_API_Testing_16_ConsistentDesign_PASSED_2025-09-16_15-15-29-353.png
]]></system-err>
  </testcase>
</testsuite>