<?xml version="1.0" encoding="UTF-8"?>
<!-- Generated by org.testng.reporters.JUnitReportReporter -->
<testsuite hostname="MacBookAir.lan" failures="2" tests="17" name="com.ui.tests.ApiTestingPageTestSuite" time="54.639" errors="0" timestamp="2025-09-16T15:15:30 IST" skipped="0">
  <testcase classname="com.ui.tests.ApiTestingPageTestSuite" name="TC_API_Testing_01_NavigateToAPITesting" time="6.165"/>
  <system-out/>
  <testcase classname="com.ui.tests.ApiTestingPageTestSuite" name="TC_API_Testing_02_LogoRedirect" time="2.058">
    <failure message="expected [true] but found [false]" type="java.lang.AssertionError">
      <![CDATA[java.lang.AssertionError: expected [true] but found [false]
at org.testng.Assert.fail(Assert.java:110)
at org.testng.Assert.failNotEquals(Assert.java:1413)
at org.testng.Assert.assertTrue(Assert.java:56)
at org.testng.Assert.assertTrue(Assert.java:66)
at com.ui.tests.ApiTestingPageTestSuite.TC_API_Testing_02_LogoRedirect(ApiTestingPageTestSuite.java:95)
at java.base/jdk.internal.reflect.DirectMethodHandleAccessor.invoke(DirectMethodHandleAccessor.java:104)
at java.base/java.lang.reflect.Method.invoke(Method.java:565)
at org.testng.internal.invokers.MethodInvocationHelper.invokeMethod(MethodInvocationHelper.java:139)
at org.testng.internal.invokers.TestInvoker.invokeMethod(TestInvoker.java:677)
at org.testng.internal.invokers.TestInvoker.invokeTestMethod(TestInvoker.java:221)
at org.testng.internal.invokers.MethodRunner.runInSequence(MethodRunner.java:50)
at org.testng.internal.invokers.TestInvoker$MethodInvocationAgent.invoke(TestInvoker.java:969)
at org.testng.internal.invokers.TestInvoker.invokeTestMethods(TestInvoker.java:194)
at org.testng.internal.invokers.TestMethodWorker.invokeTestMethods(TestMethodWorker.java:148)
at org.testng.internal.invokers.TestMethodWorker.run(TestMethodWorker.java:128)
at java.base/java.util.ArrayList.forEach(ArrayList.java:1604)
at org.testng.TestRunner.privateRun(TestRunner.java:829)
at org.testng.TestRunner.run(TestRunner.java:602)
at org.testng.SuiteRunner.runTest(SuiteRunner.java:437)
at org.testng.SuiteRunner.runSequentially(SuiteRunner.java:431)
at org.testng.SuiteRunner.privateRun(SuiteRunner.java:391)
at org.testng.SuiteRunner.run(SuiteRunner.java:330)
at org.testng.SuiteRunnerWorker.runSuite(SuiteRunnerWorker.java:52)
at org.testng.SuiteRunnerWorker.run(SuiteRunnerWorker.java:95)
at org.testng.TestNG.runSuitesSequentially(TestNG.java:1256)
at org.testng.TestNG.runSuitesLocally(TestNG.java:1176)
at org.testng.TestNG.runSuites(TestNG.java:1099)
at org.testng.TestNG.run(TestNG.java:1067)
at org.apache.maven.surefire.testng.TestNGExecutor.run(TestNGExecutor.java:155)
at org.apache.maven.surefire.testng.TestNGDirectoryTestSuite.executeSingleClass(TestNGDirectoryTestSuite.java:102)
at org.apache.maven.surefire.testng.TestNGDirectoryTestSuite.execute(TestNGDirectoryTestSuite.java:91)
at org.apache.maven.surefire.testng.TestNGProvider.invoke(TestNGProvider.java:137)
at org.apache.maven.surefire.booter.ForkedBooter.runSuitesInProcess(ForkedBooter.java:385)
at org.apache.maven.surefire.booter.ForkedBooter.execute(ForkedBooter.java:162)
at org.apache.maven.surefire.booter.ForkedBooter.run(ForkedBooter.java:507)
at org.apache.maven.surefire.booter.ForkedBooter.main(ForkedBooter.java:495)
]]>
    </failure>
  </testcase> <!-- TC_API_Testing_02_LogoRedirect -->
  <system-out/>
  <testcase classname="com.ui.tests.ApiTestingPageTestSuite" name="TC_API_Testing_03_HomeIconRedirect" time="7.630"/>
  <system-out/>
  <testcase classname="com.ui.tests.ApiTestingPageTestSuite" name="TC_API_Testing_04_ProductsIconRedirect" time="20.434"/>
  <system-out/>
  <testcase classname="com.ui.tests.ApiTestingPageTestSuite" name="TC_API_Testing_05_CartIconRedirect" time="2.389"/>
  <system-out/>
  <testcase classname="com.ui.tests.ApiTestingPageTestSuite" name="TC_API_Testing_06_SignupLoginIcon" time="1.641"/>
  <system-out/>
  <testcase classname="com.ui.tests.ApiTestingPageTestSuite" name="TC_API_Testing_07_TestCasesIconRedirect" time="1.458"/>
  <system-out/>
  <testcase classname="com.ui.tests.ApiTestingPageTestSuite" name="TC_API_Testing_08_APITestingIcon" time="1.996"/>
  <system-out/>
  <testcase classname="com.ui.tests.ApiTestingPageTestSuite" name="TC_API_Testing_09_VideoTutorialsIcon" time="3.073">
    <failure message="expected [true] but found [false]" type="java.lang.AssertionError">
      <![CDATA[java.lang.AssertionError: expected [true] but found [false]
at org.testng.Assert.fail(Assert.java:110)
at org.testng.Assert.failNotEquals(Assert.java:1413)
at org.testng.Assert.assertTrue(Assert.java:56)
at org.testng.Assert.assertTrue(Assert.java:66)
at com.ui.tests.ApiTestingPageTestSuite.TC_API_Testing_09_VideoTutorialsIcon(ApiTestingPageTestSuite.java:158)
at java.base/jdk.internal.reflect.DirectMethodHandleAccessor.invoke(DirectMethodHandleAccessor.java:104)
at java.base/java.lang.reflect.Method.invoke(Method.java:565)
at org.testng.internal.invokers.MethodInvocationHelper.invokeMethod(MethodInvocationHelper.java:139)
at org.testng.internal.invokers.TestInvoker.invokeMethod(TestInvoker.java:677)
at org.testng.internal.invokers.TestInvoker.invokeTestMethod(TestInvoker.java:221)
at org.testng.internal.invokers.MethodRunner.runInSequence(MethodRunner.java:50)
at org.testng.internal.invokers.TestInvoker$MethodInvocationAgent.invoke(TestInvoker.java:969)
at org.testng.internal.invokers.TestInvoker.invokeTestMethods(TestInvoker.java:194)
at org.testng.internal.invokers.TestMethodWorker.invokeTestMethods(TestMethodWorker.java:148)
at org.testng.internal.invokers.TestMethodWorker.run(TestMethodWorker.java:128)
at java.base/java.util.ArrayList.forEach(ArrayList.java:1604)
at org.testng.TestRunner.privateRun(TestRunner.java:829)
at org.testng.TestRunner.run(TestRunner.java:602)
at org.testng.SuiteRunner.runTest(SuiteRunner.java:437)
at org.testng.SuiteRunner.runSequentially(SuiteRunner.java:431)
at org.testng.SuiteRunner.privateRun(SuiteRunner.java:391)
at org.testng.SuiteRunner.run(SuiteRunner.java:330)
at org.testng.SuiteRunnerWorker.runSuite(SuiteRunnerWorker.java:52)
at org.testng.SuiteRunnerWorker.run(SuiteRunnerWorker.java:95)
at org.testng.TestNG.runSuitesSequentially(TestNG.java:1256)
at org.testng.TestNG.runSuitesLocally(TestNG.java:1176)
at org.testng.TestNG.runSuites(TestNG.java:1099)
at org.testng.TestNG.run(TestNG.java:1067)
at org.apache.maven.surefire.testng.TestNGExecutor.run(TestNGExecutor.java:155)
at org.apache.maven.surefire.testng.TestNGDirectoryTestSuite.executeSingleClass(TestNGDirectoryTestSuite.java:102)
at org.apache.maven.surefire.testng.TestNGDirectoryTestSuite.execute(TestNGDirectoryTestSuite.java:91)
at org.apache.maven.surefire.testng.TestNGProvider.invoke(TestNGProvider.java:137)
at org.apache.maven.surefire.booter.ForkedBooter.runSuitesInProcess(ForkedBooter.java:385)
at org.apache.maven.surefire.booter.ForkedBooter.execute(ForkedBooter.java:162)
at org.apache.maven.surefire.booter.ForkedBooter.run(ForkedBooter.java:507)
at org.apache.maven.surefire.booter.ForkedBooter.main(ForkedBooter.java:495)
]]>
    </failure>
  </testcase> <!-- TC_API_Testing_09_VideoTutorialsIcon -->
  <system-out/>
  <testcase classname="com.ui.tests.ApiTestingPageTestSuite" name="TC_API_Testing_10_ContactUsIcon" time="2.680"/>
  <system-out/>
  <testcase classname="com.ui.tests.ApiTestingPageTestSuite" name="TC_API_Testing_11_SubscriptionSection" time="0.214"/>
  <system-out/>
  <testcase classname="com.ui.tests.ApiTestingPageTestSuite" name="TC_API_Testing_12_APISectionExpands" time="1.169"/>
  <system-out/>
  <testcase classname="com.ui.tests.ApiTestingPageTestSuite" name="TC_API_Testing_13_APISectionCollapses" time="0.057"/>
  <system-out/>
  <testcase classname="com.ui.tests.ApiTestingPageTestSuite" name="TC_API_Testing_14_ScrollFunctionality" time="2.025"/>
  <system-out/>
  <testcase classname="com.ui.tests.ApiTestingPageTestSuite" name="TC_API_Testing_15_APIURLsClickable" time="1.362"/>
  <system-out/>
  <testcase classname="com.ui.tests.ApiTestingPageTestSuite" name="TC_API_Testing_16_ConsistentDesign" time="0.008"/>
  <system-out/>
  <testcase classname="com.ui.tests.ApiTestingPageTestSuite" name="TC_API_Testing_17_RightClickNewTab" time="0.280"/>
  <system-out/>
</testsuite> <!-- com.ui.tests.ApiTestingPageTestSuite -->
