<html>
<head>
<title>TestNG:  ContactUsTest</title>
<link href="../testng.css" rel="stylesheet" type="text/css" />
<link href="../my-testng.css" rel="stylesheet" type="text/css" />

<style type="text/css">
.log { display: none;} 
.stack-trace { display: none;} 
</style>
<script type="text/javascript">
<!--
function flip(e) {
  current = e.style.display;
  if (current == 'block') {
    e.style.display = 'none';
    return 0;
  }
  else {
    e.style.display = 'block';
    return 1;
  }
}

function toggleBox(szDivId, elem, msg1, msg2)
{
  var res = -1;  if (document.getElementById) {
    res = flip(document.getElementById(szDivId));
  }
  else if (document.all) {
    // this is the way old msie versions work
    res = flip(document.all[szDivId]);
  }
  if(elem) {
    if(res == 0) elem.innerHTML = msg1; else elem.innerHTML = msg2;
  }

}

function toggleAllBoxes() {
  if (document.getElementsByTagName) {
    d = document.getElementsByTagName('div');
    for (i = 0; i < d.length; i++) {
      if (d[i].className == 'log') {
        flip(d[i]);
      }
    }
  }
}

// -->
</script>

</head>
<body>
<h2 align='center'>ContactUsTest</h2><table border='1' align="center">
<tr>
<td>Tests passed/Failed/Skipped:</td><td>26/7/0</td>
</tr><tr>
<td>Started on:</td><td>Wed Sep 10 21:54:38 IST 2025</td>
</tr>
<tr><td>Total time:</td><td>1279 seconds (1279532 ms)</td>
</tr><tr>
<td>Included groups:</td><td></td>
</tr><tr>
<td>Excluded groups:</td><td></td>
</tr>
</table><p/>
<small><i>(Hover the method name to see the test class name)</i></small><p/>
<table width='100%' border='1' class='invocation-failed'>
<tr><td colspan='4' align='center'><b>FAILED TESTS</b></td></tr>
<tr><td><b>Test method</b></td>
<td><b>Attribute(s)</b></td>
<td width="30%"><b>Exception</b></td>
<td width="10%"><b>Time (seconds)</b></td>
<td><b>Instance</b></td>
</tr>
<tr>
<td title='com.ui.tests.ContactUsPageTestSuite.TC_Contact_Us_23_SubscriptionInvalidEmail()'><b>TC_Contact_Us_23_SubscriptionInvalidEmail</b><br>Test class: com.ui.tests.ContactUsPageTestSuite</td>
<td><div><pre>java.lang.AssertionError: BUG: Invalid email &apos;invalid mail&apos; was accepted for subscription - proper email validation is missing
	at com.ui.tests.ContactUsPageTestSuite.TC_Contact_Us_23_SubscriptionInvalidEmail(ContactUsPageTestSuite.java:517)
	at java.base/java.util.ArrayList.forEach(ArrayList.java:1596)
... Removed 26 stack frames</pre></div><a href='#' onClick='toggleBox("stack-trace621014131", this, "Click to show all stack frames", "Click to hide stack frames")'>Click to show all stack frames</a>
<div class='stack-trace' id='stack-trace621014131'><pre>java.lang.AssertionError: BUG: Invalid email &apos;invalid mail&apos; was accepted for subscription - proper email validation is missing
	at org.testng.Assert.fail(Assert.java:111)
	at com.ui.tests.ContactUsPageTestSuite.TC_Contact_Us_23_SubscriptionInvalidEmail(ContactUsPageTestSuite.java:517)
	at java.base/jdk.internal.reflect.DirectMethodHandleAccessor.invoke(DirectMethodHandleAccessor.java:103)
	at java.base/java.lang.reflect.Method.invoke(Method.java:580)
	at org.testng.internal.invokers.MethodInvocationHelper.invokeMethod(MethodInvocationHelper.java:141)
	at org.testng.internal.invokers.TestInvoker.invokeMethod(TestInvoker.java:687)
	at org.testng.internal.invokers.TestInvoker.invokeTestMethod(TestInvoker.java:230)
	at org.testng.internal.invokers.MethodRunner.runInSequence(MethodRunner.java:63)
	at org.testng.internal.invokers.TestInvoker$MethodInvocationAgent.invoke(TestInvoker.java:995)
	at org.testng.internal.invokers.TestInvoker.invokeTestMethods(TestInvoker.java:203)
	at org.testng.internal.invokers.TestMethodWorker.invokeTestMethods(TestMethodWorker.java:154)
	at org.testng.internal.invokers.TestMethodWorker.run(TestMethodWorker.java:134)
	at java.base/java.util.ArrayList.forEach(ArrayList.java:1596)
	at org.testng.TestRunner.privateRun(TestRunner.java:741)
	at org.testng.TestRunner.run(TestRunner.java:616)
	at org.testng.SuiteRunner.runTest(SuiteRunner.java:421)
	at org.testng.SuiteRunner.runSequentially(SuiteRunner.java:413)
	at org.testng.SuiteRunner.privateRun(SuiteRunner.java:373)
	at org.testng.SuiteRunner.run(SuiteRunner.java:312)
	at org.testng.SuiteRunnerWorker.runSuite(SuiteRunnerWorker.java:52)
	at org.testng.SuiteRunnerWorker.run(SuiteRunnerWorker.java:95)
	at org.testng.TestNG.runSuitesSequentially(TestNG.java:1274)
	at org.testng.TestNG.runSuitesLocally(TestNG.java:1208)
	at org.testng.TestNG.runSuites(TestNG.java:1112)
	at org.testng.TestNG.run(TestNG.java:1079)
	at org.testng.remote.AbstractRemoteTestNG.run(AbstractRemoteTestNG.java:115)
	at org.testng.remote.RemoteTestNG.initAndRun(RemoteTestNG.java:293)
	at org.testng.remote.RemoteTestNG.main(RemoteTestNG.java:91)
</pre></div></td>
<td>13</td>
<td>com.ui.tests.ContactUsPageTestSuite@65e98b1c</td></tr>
<tr>
<td title='com.ui.tests.ContactUsPageTestSuite.TC_Contact_Us_31_AllFieldsBlankExceptEmail()'><b>TC_Contact_Us_31_AllFieldsBlankExceptEmail</b><br>Test class: com.ui.tests.ContactUsPageTestSuite</td>
<td><div><pre>java.lang.AssertionError: unexpected alert open: {Alert text : Press OK to proceed!}
  (Session info: chrome=140.0.7339.81): Press OK to proceed!
Build info: version: &apos;4.35.0&apos;, revision: &apos;1c58e5028b&apos;
System info: os.name: &apos;Windows 11&apos;, os.arch: &apos;amd64&apos;, os.version: &apos;10.0&apos;, java.version: &apos;21.0.7&apos;
Driver info: org.openqa.selenium.chrome.ChromeDriver
Command: [e17ccbe45d6f1f692f7fe184bf1c7aee, getPageSource {}]
Capabilities {acceptInsecureCerts: false, browserName: chrome, browserVersion: 140.0.7339.81, chrome: {chromedriverVersion: 140.0.7339.82 (bc93617e21c3..., userDataDir: C:\Users\KEERTH~1\AppData\L...}, fedcm:accounts: true, goog:chromeOptions: {debuggerAddress: localhost:65484}, networkConnectionEnabled: false, pageLoadStrategy: normal, platformName: windows, proxy: Proxy(), se:cdp: ws://localhost:65484/devtoo..., se:cdpVersion: 140.0.7339.81, setWindowRect: true, strictFileInteractability: false, timeouts: {implicit: 0, pageLoad: 300000, script: 30000}, unhandledPromptBehavior: dismiss and notify, webauthn:extension:credBlob: true, webauthn:extension:largeBlob: true, webauthn:extension:minPinLength: true, webauthn:extension:prf: true, webauthn:virtualAuthenticators: true}
Session ID: e17ccbe45d6f1f692f7fe184bf1c7aee
	at com.ui.tests.ContactUsPageTestSuite.TC_Contact_Us_31_AllFieldsBlankExceptEmail(ContactUsPageTestSuite.java:747)
	at java.base/java.util.ArrayList.forEach(ArrayList.java:1596)
... Removed 26 stack frames</pre></div><a href='#' onClick='toggleBox("stack-trace1246238504", this, "Click to show all stack frames", "Click to hide stack frames")'>Click to show all stack frames</a>
<div class='stack-trace' id='stack-trace1246238504'><pre>java.lang.AssertionError: unexpected alert open: {Alert text : Press OK to proceed!}
  (Session info: chrome=140.0.7339.81): Press OK to proceed!
Build info: version: &apos;4.35.0&apos;, revision: &apos;1c58e5028b&apos;
System info: os.name: &apos;Windows 11&apos;, os.arch: &apos;amd64&apos;, os.version: &apos;10.0&apos;, java.version: &apos;21.0.7&apos;
Driver info: org.openqa.selenium.chrome.ChromeDriver
Command: [e17ccbe45d6f1f692f7fe184bf1c7aee, getPageSource {}]
Capabilities {acceptInsecureCerts: false, browserName: chrome, browserVersion: 140.0.7339.81, chrome: {chromedriverVersion: 140.0.7339.82 (bc93617e21c3..., userDataDir: C:\Users\KEERTH~1\AppData\L...}, fedcm:accounts: true, goog:chromeOptions: {debuggerAddress: localhost:65484}, networkConnectionEnabled: false, pageLoadStrategy: normal, platformName: windows, proxy: Proxy(), se:cdp: ws://localhost:65484/devtoo..., se:cdpVersion: 140.0.7339.81, setWindowRect: true, strictFileInteractability: false, timeouts: {implicit: 0, pageLoad: 300000, script: 30000}, unhandledPromptBehavior: dismiss and notify, webauthn:extension:credBlob: true, webauthn:extension:largeBlob: true, webauthn:extension:minPinLength: true, webauthn:extension:prf: true, webauthn:virtualAuthenticators: true}
Session ID: e17ccbe45d6f1f692f7fe184bf1c7aee
	at org.testng.Assert.fail(Assert.java:111)
	at com.ui.tests.ContactUsPageTestSuite.TC_Contact_Us_31_AllFieldsBlankExceptEmail(ContactUsPageTestSuite.java:747)
	at java.base/jdk.internal.reflect.DirectMethodHandleAccessor.invoke(DirectMethodHandleAccessor.java:103)
	at java.base/java.lang.reflect.Method.invoke(Method.java:580)
	at org.testng.internal.invokers.MethodInvocationHelper.invokeMethod(MethodInvocationHelper.java:141)
	at org.testng.internal.invokers.TestInvoker.invokeMethod(TestInvoker.java:687)
	at org.testng.internal.invokers.TestInvoker.invokeTestMethod(TestInvoker.java:230)
	at org.testng.internal.invokers.MethodRunner.runInSequence(MethodRunner.java:63)
	at org.testng.internal.invokers.TestInvoker$MethodInvocationAgent.invoke(TestInvoker.java:995)
	at org.testng.internal.invokers.TestInvoker.invokeTestMethods(TestInvoker.java:203)
	at org.testng.internal.invokers.TestMethodWorker.invokeTestMethods(TestMethodWorker.java:154)
	at org.testng.internal.invokers.TestMethodWorker.run(TestMethodWorker.java:134)
	at java.base/java.util.ArrayList.forEach(ArrayList.java:1596)
	at org.testng.TestRunner.privateRun(TestRunner.java:741)
	at org.testng.TestRunner.run(TestRunner.java:616)
	at org.testng.SuiteRunner.runTest(SuiteRunner.java:421)
	at org.testng.SuiteRunner.runSequentially(SuiteRunner.java:413)
	at org.testng.SuiteRunner.privateRun(SuiteRunner.java:373)
	at org.testng.SuiteRunner.run(SuiteRunner.java:312)
	at org.testng.SuiteRunnerWorker.runSuite(SuiteRunnerWorker.java:52)
	at org.testng.SuiteRunnerWorker.run(SuiteRunnerWorker.java:95)
	at org.testng.TestNG.runSuitesSequentially(TestNG.java:1274)
	at org.testng.TestNG.runSuitesLocally(TestNG.java:1208)
	at org.testng.TestNG.runSuites(TestNG.java:1112)
	at org.testng.TestNG.run(TestNG.java:1079)
	at org.testng.remote.AbstractRemoteTestNG.run(AbstractRemoteTestNG.java:115)
	at org.testng.remote.RemoteTestNG.initAndRun(RemoteTestNG.java:293)
	at org.testng.remote.RemoteTestNG.main(RemoteTestNG.java:91)
</pre></div></td>
<td>12</td>
<td>com.ui.tests.ContactUsPageTestSuite@65e98b1c</td></tr>
<tr>
<td title='com.ui.tests.ContactUsPageTestSuite.TC_Contact_Us_32_FormSubmissionWithoutFile()'><b>TC_Contact_Us_32_FormSubmissionWithoutFile</b><br>Test class: com.ui.tests.ContactUsPageTestSuite</td>
<td><div><pre>java.lang.AssertionError: Form should submit successfully without a file expected [true] but found [false]
	at com.ui.tests.ContactUsPageTestSuite.TC_Contact_Us_32_FormSubmissionWithoutFile(ContactUsPageTestSuite.java:760)
	at java.base/java.util.ArrayList.forEach(ArrayList.java:1596)
... Removed 28 stack frames</pre></div><a href='#' onClick='toggleBox("stack-trace255156436", this, "Click to show all stack frames", "Click to hide stack frames")'>Click to show all stack frames</a>
<div class='stack-trace' id='stack-trace255156436'><pre>java.lang.AssertionError: Form should submit successfully without a file expected [true] but found [false]
	at org.testng.Assert.fail(Assert.java:111)
	at org.testng.Assert.failNotEquals(Assert.java:1590)
	at org.testng.Assert.assertTrue(Assert.java:57)
	at com.ui.tests.ContactUsPageTestSuite.TC_Contact_Us_32_FormSubmissionWithoutFile(ContactUsPageTestSuite.java:760)
	at java.base/jdk.internal.reflect.DirectMethodHandleAccessor.invoke(DirectMethodHandleAccessor.java:103)
	at java.base/java.lang.reflect.Method.invoke(Method.java:580)
	at org.testng.internal.invokers.MethodInvocationHelper.invokeMethod(MethodInvocationHelper.java:141)
	at org.testng.internal.invokers.TestInvoker.invokeMethod(TestInvoker.java:687)
	at org.testng.internal.invokers.TestInvoker.invokeTestMethod(TestInvoker.java:230)
	at org.testng.internal.invokers.MethodRunner.runInSequence(MethodRunner.java:63)
	at org.testng.internal.invokers.TestInvoker$MethodInvocationAgent.invoke(TestInvoker.java:995)
	at org.testng.internal.invokers.TestInvoker.invokeTestMethods(TestInvoker.java:203)
	at org.testng.internal.invokers.TestMethodWorker.invokeTestMethods(TestMethodWorker.java:154)
	at org.testng.internal.invokers.TestMethodWorker.run(TestMethodWorker.java:134)
	at java.base/java.util.ArrayList.forEach(ArrayList.java:1596)
	at org.testng.TestRunner.privateRun(TestRunner.java:741)
	at org.testng.TestRunner.run(TestRunner.java:616)
	at org.testng.SuiteRunner.runTest(SuiteRunner.java:421)
	at org.testng.SuiteRunner.runSequentially(SuiteRunner.java:413)
	at org.testng.SuiteRunner.privateRun(SuiteRunner.java:373)
	at org.testng.SuiteRunner.run(SuiteRunner.java:312)
	at org.testng.SuiteRunnerWorker.runSuite(SuiteRunnerWorker.java:52)
	at org.testng.SuiteRunnerWorker.run(SuiteRunnerWorker.java:95)
	at org.testng.TestNG.runSuitesSequentially(TestNG.java:1274)
	at org.testng.TestNG.runSuitesLocally(TestNG.java:1208)
	at org.testng.TestNG.runSuites(TestNG.java:1112)
	at org.testng.TestNG.run(TestNG.java:1079)
	at org.testng.remote.AbstractRemoteTestNG.run(AbstractRemoteTestNG.java:115)
	at org.testng.remote.RemoteTestNG.initAndRun(RemoteTestNG.java:293)
	at org.testng.remote.RemoteTestNG.main(RemoteTestNG.java:91)
</pre></div></td>
<td>29</td>
<td>com.ui.tests.ContactUsPageTestSuite@65e98b1c</td></tr>
<tr>
<td title='com.ui.tests.ContactUsPageTestSuite.TC_Contact_Us_29_BlankSubjectValidation()'><b>TC_Contact_Us_29_BlankSubjectValidation</b><br>Test class: com.ui.tests.ContactUsPageTestSuite</td>
<td><div><pre>java.lang.AssertionError: unexpected alert open: {Alert text : Press OK to proceed!}
  (Session info: chrome=140.0.7339.81): Press OK to proceed!
Build info: version: &apos;4.35.0&apos;, revision: &apos;1c58e5028b&apos;
System info: os.name: &apos;Windows 11&apos;, os.arch: &apos;amd64&apos;, os.version: &apos;10.0&apos;, java.version: &apos;21.0.7&apos;
Driver info: org.openqa.selenium.chrome.ChromeDriver
Command: [e17ccbe45d6f1f692f7fe184bf1c7aee, getPageSource {}]
Capabilities {acceptInsecureCerts: false, browserName: chrome, browserVersion: 140.0.7339.81, chrome: {chromedriverVersion: 140.0.7339.82 (bc93617e21c3..., userDataDir: C:\Users\KEERTH~1\AppData\L...}, fedcm:accounts: true, goog:chromeOptions: {debuggerAddress: localhost:65484}, networkConnectionEnabled: false, pageLoadStrategy: normal, platformName: windows, proxy: Proxy(), se:cdp: ws://localhost:65484/devtoo..., se:cdpVersion: 140.0.7339.81, setWindowRect: true, strictFileInteractability: false, timeouts: {implicit: 0, pageLoad: 300000, script: 30000}, unhandledPromptBehavior: dismiss and notify, webauthn:extension:credBlob: true, webauthn:extension:largeBlob: true, webauthn:extension:minPinLength: true, webauthn:extension:prf: true, webauthn:virtualAuthenticators: true}
Session ID: e17ccbe45d6f1f692f7fe184bf1c7aee
	at com.ui.tests.ContactUsPageTestSuite.TC_Contact_Us_29_BlankSubjectValidation(ContactUsPageTestSuite.java:683)
	at java.base/java.util.ArrayList.forEach(ArrayList.java:1596)
... Removed 26 stack frames</pre></div><a href='#' onClick='toggleBox("stack-trace445350376", this, "Click to show all stack frames", "Click to hide stack frames")'>Click to show all stack frames</a>
<div class='stack-trace' id='stack-trace445350376'><pre>java.lang.AssertionError: unexpected alert open: {Alert text : Press OK to proceed!}
  (Session info: chrome=140.0.7339.81): Press OK to proceed!
Build info: version: &apos;4.35.0&apos;, revision: &apos;1c58e5028b&apos;
System info: os.name: &apos;Windows 11&apos;, os.arch: &apos;amd64&apos;, os.version: &apos;10.0&apos;, java.version: &apos;21.0.7&apos;
Driver info: org.openqa.selenium.chrome.ChromeDriver
Command: [e17ccbe45d6f1f692f7fe184bf1c7aee, getPageSource {}]
Capabilities {acceptInsecureCerts: false, browserName: chrome, browserVersion: 140.0.7339.81, chrome: {chromedriverVersion: 140.0.7339.82 (bc93617e21c3..., userDataDir: C:\Users\KEERTH~1\AppData\L...}, fedcm:accounts: true, goog:chromeOptions: {debuggerAddress: localhost:65484}, networkConnectionEnabled: false, pageLoadStrategy: normal, platformName: windows, proxy: Proxy(), se:cdp: ws://localhost:65484/devtoo..., se:cdpVersion: 140.0.7339.81, setWindowRect: true, strictFileInteractability: false, timeouts: {implicit: 0, pageLoad: 300000, script: 30000}, unhandledPromptBehavior: dismiss and notify, webauthn:extension:credBlob: true, webauthn:extension:largeBlob: true, webauthn:extension:minPinLength: true, webauthn:extension:prf: true, webauthn:virtualAuthenticators: true}
Session ID: e17ccbe45d6f1f692f7fe184bf1c7aee
	at org.testng.Assert.fail(Assert.java:111)
	at com.ui.tests.ContactUsPageTestSuite.TC_Contact_Us_29_BlankSubjectValidation(ContactUsPageTestSuite.java:683)
	at java.base/jdk.internal.reflect.DirectMethodHandleAccessor.invoke(DirectMethodHandleAccessor.java:103)
	at java.base/java.lang.reflect.Method.invoke(Method.java:580)
	at org.testng.internal.invokers.MethodInvocationHelper.invokeMethod(MethodInvocationHelper.java:141)
	at org.testng.internal.invokers.TestInvoker.invokeMethod(TestInvoker.java:687)
	at org.testng.internal.invokers.TestInvoker.invokeTestMethod(TestInvoker.java:230)
	at org.testng.internal.invokers.MethodRunner.runInSequence(MethodRunner.java:63)
	at org.testng.internal.invokers.TestInvoker$MethodInvocationAgent.invoke(TestInvoker.java:995)
	at org.testng.internal.invokers.TestInvoker.invokeTestMethods(TestInvoker.java:203)
	at org.testng.internal.invokers.TestMethodWorker.invokeTestMethods(TestMethodWorker.java:154)
	at org.testng.internal.invokers.TestMethodWorker.run(TestMethodWorker.java:134)
	at java.base/java.util.ArrayList.forEach(ArrayList.java:1596)
	at org.testng.TestRunner.privateRun(TestRunner.java:741)
	at org.testng.TestRunner.run(TestRunner.java:616)
	at org.testng.SuiteRunner.runTest(SuiteRunner.java:421)
	at org.testng.SuiteRunner.runSequentially(SuiteRunner.java:413)
	at org.testng.SuiteRunner.privateRun(SuiteRunner.java:373)
	at org.testng.SuiteRunner.run(SuiteRunner.java:312)
	at org.testng.SuiteRunnerWorker.runSuite(SuiteRunnerWorker.java:52)
	at org.testng.SuiteRunnerWorker.run(SuiteRunnerWorker.java:95)
	at org.testng.TestNG.runSuitesSequentially(TestNG.java:1274)
	at org.testng.TestNG.runSuitesLocally(TestNG.java:1208)
	at org.testng.TestNG.runSuites(TestNG.java:1112)
	at org.testng.TestNG.run(TestNG.java:1079)
	at org.testng.remote.AbstractRemoteTestNG.run(AbstractRemoteTestNG.java:115)
	at org.testng.remote.RemoteTestNG.initAndRun(RemoteTestNG.java:293)
	at org.testng.remote.RemoteTestNG.main(RemoteTestNG.java:91)
</pre></div></td>
<td>12</td>
<td>com.ui.tests.ContactUsPageTestSuite@65e98b1c</td></tr>
<tr>
<td title='com.ui.tests.ContactUsPageTestSuite.TC_Contact_Us_18_FormSubmissionValid()'><b>TC_Contact_Us_18_FormSubmissionValid</b><br>Test class: com.ui.tests.ContactUsPageTestSuite</td>
<td><div><pre>java.lang.AssertionError: expected [true] but found [false]
	at com.ui.tests.ContactUsPageTestSuite.TC_Contact_Us_18_FormSubmissionValid(ContactUsPageTestSuite.java:408)
	at java.base/java.util.ArrayList.forEach(ArrayList.java:1596)
... Removed 29 stack frames</pre></div><a href='#' onClick='toggleBox("stack-trace1901824111", this, "Click to show all stack frames", "Click to hide stack frames")'>Click to show all stack frames</a>
<div class='stack-trace' id='stack-trace1901824111'><pre>java.lang.AssertionError: expected [true] but found [false]
	at org.testng.Assert.fail(Assert.java:111)
	at org.testng.Assert.failNotEquals(Assert.java:1590)
	at org.testng.Assert.assertTrue(Assert.java:57)
	at org.testng.Assert.assertTrue(Assert.java:67)
	at com.ui.tests.ContactUsPageTestSuite.TC_Contact_Us_18_FormSubmissionValid(ContactUsPageTestSuite.java:408)
	at java.base/jdk.internal.reflect.DirectMethodHandleAccessor.invoke(DirectMethodHandleAccessor.java:103)
	at java.base/java.lang.reflect.Method.invoke(Method.java:580)
	at org.testng.internal.invokers.MethodInvocationHelper.invokeMethod(MethodInvocationHelper.java:141)
	at org.testng.internal.invokers.TestInvoker.invokeMethod(TestInvoker.java:687)
	at org.testng.internal.invokers.TestInvoker.invokeTestMethod(TestInvoker.java:230)
	at org.testng.internal.invokers.MethodRunner.runInSequence(MethodRunner.java:63)
	at org.testng.internal.invokers.TestInvoker$MethodInvocationAgent.invoke(TestInvoker.java:995)
	at org.testng.internal.invokers.TestInvoker.invokeTestMethods(TestInvoker.java:203)
	at org.testng.internal.invokers.TestMethodWorker.invokeTestMethods(TestMethodWorker.java:154)
	at org.testng.internal.invokers.TestMethodWorker.run(TestMethodWorker.java:134)
	at java.base/java.util.ArrayList.forEach(ArrayList.java:1596)
	at org.testng.TestRunner.privateRun(TestRunner.java:741)
	at org.testng.TestRunner.run(TestRunner.java:616)
	at org.testng.SuiteRunner.runTest(SuiteRunner.java:421)
	at org.testng.SuiteRunner.runSequentially(SuiteRunner.java:413)
	at org.testng.SuiteRunner.privateRun(SuiteRunner.java:373)
	at org.testng.SuiteRunner.run(SuiteRunner.java:312)
	at org.testng.SuiteRunnerWorker.runSuite(SuiteRunnerWorker.java:52)
	at org.testng.SuiteRunnerWorker.run(SuiteRunnerWorker.java:95)
	at org.testng.TestNG.runSuitesSequentially(TestNG.java:1274)
	at org.testng.TestNG.runSuitesLocally(TestNG.java:1208)
	at org.testng.TestNG.runSuites(TestNG.java:1112)
	at org.testng.TestNG.run(TestNG.java:1079)
	at org.testng.remote.AbstractRemoteTestNG.run(AbstractRemoteTestNG.java:115)
	at org.testng.remote.RemoteTestNG.initAndRun(RemoteTestNG.java:293)
	at org.testng.remote.RemoteTestNG.main(RemoteTestNG.java:91)
</pre></div></td>
<td>7</td>
<td>com.ui.tests.ContactUsPageTestSuite@65e98b1c</td></tr>
<tr>
<td title='com.ui.tests.ContactUsPageTestSuite.TC_Contact_Us_27_BlankNameValidation()'><b>TC_Contact_Us_27_BlankNameValidation</b><br>Test class: com.ui.tests.ContactUsPageTestSuite</td>
<td><div><pre>java.lang.AssertionError: unexpected alert open: {Alert text : Press OK to proceed!}
  (Session info: chrome=140.0.7339.81): Press OK to proceed!
Build info: version: &apos;4.35.0&apos;, revision: &apos;1c58e5028b&apos;
System info: os.name: &apos;Windows 11&apos;, os.arch: &apos;amd64&apos;, os.version: &apos;10.0&apos;, java.version: &apos;21.0.7&apos;
Driver info: org.openqa.selenium.chrome.ChromeDriver
Command: [e17ccbe45d6f1f692f7fe184bf1c7aee, getPageSource {}]
Capabilities {acceptInsecureCerts: false, browserName: chrome, browserVersion: 140.0.7339.81, chrome: {chromedriverVersion: 140.0.7339.82 (bc93617e21c3..., userDataDir: C:\Users\KEERTH~1\AppData\L...}, fedcm:accounts: true, goog:chromeOptions: {debuggerAddress: localhost:65484}, networkConnectionEnabled: false, pageLoadStrategy: normal, platformName: windows, proxy: Proxy(), se:cdp: ws://localhost:65484/devtoo..., se:cdpVersion: 140.0.7339.81, setWindowRect: true, strictFileInteractability: false, timeouts: {implicit: 0, pageLoad: 300000, script: 30000}, unhandledPromptBehavior: dismiss and notify, webauthn:extension:credBlob: true, webauthn:extension:largeBlob: true, webauthn:extension:minPinLength: true, webauthn:extension:prf: true, webauthn:virtualAuthenticators: true}
Session ID: e17ccbe45d6f1f692f7fe184bf1c7aee
	at com.ui.tests.ContactUsPageTestSuite.TC_Contact_Us_27_BlankNameValidation(ContactUsPageTestSuite.java:619)
	at java.base/java.util.ArrayList.forEach(ArrayList.java:1596)
... Removed 26 stack frames</pre></div><a href='#' onClick='toggleBox("stack-trace111819772", this, "Click to show all stack frames", "Click to hide stack frames")'>Click to show all stack frames</a>
<div class='stack-trace' id='stack-trace111819772'><pre>java.lang.AssertionError: unexpected alert open: {Alert text : Press OK to proceed!}
  (Session info: chrome=140.0.7339.81): Press OK to proceed!
Build info: version: &apos;4.35.0&apos;, revision: &apos;1c58e5028b&apos;
System info: os.name: &apos;Windows 11&apos;, os.arch: &apos;amd64&apos;, os.version: &apos;10.0&apos;, java.version: &apos;21.0.7&apos;
Driver info: org.openqa.selenium.chrome.ChromeDriver
Command: [e17ccbe45d6f1f692f7fe184bf1c7aee, getPageSource {}]
Capabilities {acceptInsecureCerts: false, browserName: chrome, browserVersion: 140.0.7339.81, chrome: {chromedriverVersion: 140.0.7339.82 (bc93617e21c3..., userDataDir: C:\Users\KEERTH~1\AppData\L...}, fedcm:accounts: true, goog:chromeOptions: {debuggerAddress: localhost:65484}, networkConnectionEnabled: false, pageLoadStrategy: normal, platformName: windows, proxy: Proxy(), se:cdp: ws://localhost:65484/devtoo..., se:cdpVersion: 140.0.7339.81, setWindowRect: true, strictFileInteractability: false, timeouts: {implicit: 0, pageLoad: 300000, script: 30000}, unhandledPromptBehavior: dismiss and notify, webauthn:extension:credBlob: true, webauthn:extension:largeBlob: true, webauthn:extension:minPinLength: true, webauthn:extension:prf: true, webauthn:virtualAuthenticators: true}
Session ID: e17ccbe45d6f1f692f7fe184bf1c7aee
	at org.testng.Assert.fail(Assert.java:111)
	at com.ui.tests.ContactUsPageTestSuite.TC_Contact_Us_27_BlankNameValidation(ContactUsPageTestSuite.java:619)
	at java.base/jdk.internal.reflect.DirectMethodHandleAccessor.invoke(DirectMethodHandleAccessor.java:103)
	at java.base/java.lang.reflect.Method.invoke(Method.java:580)
	at org.testng.internal.invokers.MethodInvocationHelper.invokeMethod(MethodInvocationHelper.java:141)
	at org.testng.internal.invokers.TestInvoker.invokeMethod(TestInvoker.java:687)
	at org.testng.internal.invokers.TestInvoker.invokeTestMethod(TestInvoker.java:230)
	at org.testng.internal.invokers.MethodRunner.runInSequence(MethodRunner.java:63)
	at org.testng.internal.invokers.TestInvoker$MethodInvocationAgent.invoke(TestInvoker.java:995)
	at org.testng.internal.invokers.TestInvoker.invokeTestMethods(TestInvoker.java:203)
	at org.testng.internal.invokers.TestMethodWorker.invokeTestMethods(TestMethodWorker.java:154)
	at org.testng.internal.invokers.TestMethodWorker.run(TestMethodWorker.java:134)
	at java.base/java.util.ArrayList.forEach(ArrayList.java:1596)
	at org.testng.TestRunner.privateRun(TestRunner.java:741)
	at org.testng.TestRunner.run(TestRunner.java:616)
	at org.testng.SuiteRunner.runTest(SuiteRunner.java:421)
	at org.testng.SuiteRunner.runSequentially(SuiteRunner.java:413)
	at org.testng.SuiteRunner.privateRun(SuiteRunner.java:373)
	at org.testng.SuiteRunner.run(SuiteRunner.java:312)
	at org.testng.SuiteRunnerWorker.runSuite(SuiteRunnerWorker.java:52)
	at org.testng.SuiteRunnerWorker.run(SuiteRunnerWorker.java:95)
	at org.testng.TestNG.runSuitesSequentially(TestNG.java:1274)
	at org.testng.TestNG.runSuitesLocally(TestNG.java:1208)
	at org.testng.TestNG.runSuites(TestNG.java:1112)
	at org.testng.TestNG.run(TestNG.java:1079)
	at org.testng.remote.AbstractRemoteTestNG.run(AbstractRemoteTestNG.java:115)
	at org.testng.remote.RemoteTestNG.initAndRun(RemoteTestNG.java:293)
	at org.testng.remote.RemoteTestNG.main(RemoteTestNG.java:91)
</pre></div></td>
<td>14</td>
<td>com.ui.tests.ContactUsPageTestSuite@65e98b1c</td></tr>
<tr>
<td title='com.ui.tests.ContactUsPageTestSuite.TC_Contact_Us_30_BlankMessageValidation()'><b>TC_Contact_Us_30_BlankMessageValidation</b><br>Test class: com.ui.tests.ContactUsPageTestSuite</td>
<td><div><pre>java.lang.AssertionError: unexpected alert open: {Alert text : Press OK to proceed!}
  (Session info: chrome=140.0.7339.81): Press OK to proceed!
Build info: version: &apos;4.35.0&apos;, revision: &apos;1c58e5028b&apos;
System info: os.name: &apos;Windows 11&apos;, os.arch: &apos;amd64&apos;, os.version: &apos;10.0&apos;, java.version: &apos;21.0.7&apos;
Driver info: org.openqa.selenium.chrome.ChromeDriver
Command: [e17ccbe45d6f1f692f7fe184bf1c7aee, getPageSource {}]
Capabilities {acceptInsecureCerts: false, browserName: chrome, browserVersion: 140.0.7339.81, chrome: {chromedriverVersion: 140.0.7339.82 (bc93617e21c3..., userDataDir: C:\Users\KEERTH~1\AppData\L...}, fedcm:accounts: true, goog:chromeOptions: {debuggerAddress: localhost:65484}, networkConnectionEnabled: false, pageLoadStrategy: normal, platformName: windows, proxy: Proxy(), se:cdp: ws://localhost:65484/devtoo..., se:cdpVersion: 140.0.7339.81, setWindowRect: true, strictFileInteractability: false, timeouts: {implicit: 0, pageLoad: 300000, script: 30000}, unhandledPromptBehavior: dismiss and notify, webauthn:extension:credBlob: true, webauthn:extension:largeBlob: true, webauthn:extension:minPinLength: true, webauthn:extension:prf: true, webauthn:virtualAuthenticators: true}
Session ID: e17ccbe45d6f1f692f7fe184bf1c7aee
	at com.ui.tests.ContactUsPageTestSuite.TC_Contact_Us_30_BlankMessageValidation(ContactUsPageTestSuite.java:716)
	at java.base/java.util.ArrayList.forEach(ArrayList.java:1596)
... Removed 26 stack frames</pre></div><a href='#' onClick='toggleBox("stack-trace1747237139", this, "Click to show all stack frames", "Click to hide stack frames")'>Click to show all stack frames</a>
<div class='stack-trace' id='stack-trace1747237139'><pre>java.lang.AssertionError: unexpected alert open: {Alert text : Press OK to proceed!}
  (Session info: chrome=140.0.7339.81): Press OK to proceed!
Build info: version: &apos;4.35.0&apos;, revision: &apos;1c58e5028b&apos;
System info: os.name: &apos;Windows 11&apos;, os.arch: &apos;amd64&apos;, os.version: &apos;10.0&apos;, java.version: &apos;21.0.7&apos;
Driver info: org.openqa.selenium.chrome.ChromeDriver
Command: [e17ccbe45d6f1f692f7fe184bf1c7aee, getPageSource {}]
Capabilities {acceptInsecureCerts: false, browserName: chrome, browserVersion: 140.0.7339.81, chrome: {chromedriverVersion: 140.0.7339.82 (bc93617e21c3..., userDataDir: C:\Users\KEERTH~1\AppData\L...}, fedcm:accounts: true, goog:chromeOptions: {debuggerAddress: localhost:65484}, networkConnectionEnabled: false, pageLoadStrategy: normal, platformName: windows, proxy: Proxy(), se:cdp: ws://localhost:65484/devtoo..., se:cdpVersion: 140.0.7339.81, setWindowRect: true, strictFileInteractability: false, timeouts: {implicit: 0, pageLoad: 300000, script: 30000}, unhandledPromptBehavior: dismiss and notify, webauthn:extension:credBlob: true, webauthn:extension:largeBlob: true, webauthn:extension:minPinLength: true, webauthn:extension:prf: true, webauthn:virtualAuthenticators: true}
Session ID: e17ccbe45d6f1f692f7fe184bf1c7aee
	at org.testng.Assert.fail(Assert.java:111)
	at com.ui.tests.ContactUsPageTestSuite.TC_Contact_Us_30_BlankMessageValidation(ContactUsPageTestSuite.java:716)
	at java.base/jdk.internal.reflect.DirectMethodHandleAccessor.invoke(DirectMethodHandleAccessor.java:103)
	at java.base/java.lang.reflect.Method.invoke(Method.java:580)
	at org.testng.internal.invokers.MethodInvocationHelper.invokeMethod(MethodInvocationHelper.java:141)
	at org.testng.internal.invokers.TestInvoker.invokeMethod(TestInvoker.java:687)
	at org.testng.internal.invokers.TestInvoker.invokeTestMethod(TestInvoker.java:230)
	at org.testng.internal.invokers.MethodRunner.runInSequence(MethodRunner.java:63)
	at org.testng.internal.invokers.TestInvoker$MethodInvocationAgent.invoke(TestInvoker.java:995)
	at org.testng.internal.invokers.TestInvoker.invokeTestMethods(TestInvoker.java:203)
	at org.testng.internal.invokers.TestMethodWorker.invokeTestMethods(TestMethodWorker.java:154)
	at org.testng.internal.invokers.TestMethodWorker.run(TestMethodWorker.java:134)
	at java.base/java.util.ArrayList.forEach(ArrayList.java:1596)
	at org.testng.TestRunner.privateRun(TestRunner.java:741)
	at org.testng.TestRunner.run(TestRunner.java:616)
	at org.testng.SuiteRunner.runTest(SuiteRunner.java:421)
	at org.testng.SuiteRunner.runSequentially(SuiteRunner.java:413)
	at org.testng.SuiteRunner.privateRun(SuiteRunner.java:373)
	at org.testng.SuiteRunner.run(SuiteRunner.java:312)
	at org.testng.SuiteRunnerWorker.runSuite(SuiteRunnerWorker.java:52)
	at org.testng.SuiteRunnerWorker.run(SuiteRunnerWorker.java:95)
	at org.testng.TestNG.runSuitesSequentially(TestNG.java:1274)
	at org.testng.TestNG.runSuitesLocally(TestNG.java:1208)
	at org.testng.TestNG.runSuites(TestNG.java:1112)
	at org.testng.TestNG.run(TestNG.java:1079)
	at org.testng.remote.AbstractRemoteTestNG.run(AbstractRemoteTestNG.java:115)
	at org.testng.remote.RemoteTestNG.initAndRun(RemoteTestNG.java:293)
	at org.testng.remote.RemoteTestNG.main(RemoteTestNG.java:91)
</pre></div></td>
<td>11</td>
<td>com.ui.tests.ContactUsPageTestSuite@65e98b1c</td></tr>
</table><p>
<table width='100%' border='1' class='invocation-passed'>
<tr><td colspan='4' align='center'><b>PASSED TESTS</b></td></tr>
<tr><td><b>Test method</b></td>
<td><b>Attribute(s)</b></td>
<td width="30%"><b>Exception</b></td>
<td width="10%"><b>Time (seconds)</b></td>
<td><b>Instance</b></td>
</tr>
<tr>
<td title='com.ui.tests.ContactUsPageTestSuite.TC_Contact_Us_15_MessageFieldInput()'><b>TC_Contact_Us_15_MessageFieldInput</b><br>Test class: com.ui.tests.ContactUsPageTestSuite</td>
<td></td>
<td>0</td>
<td>com.ui.tests.ContactUsPageTestSuite@65e98b1c</td></tr>
<tr>
<td title='com.ui.tests.ContactUsPageTestSuite.TC_Contact_Us_5_TestCasesIcon()'><b>TC_Contact_Us_5_TestCasesIcon</b><br>Test class: com.ui.tests.ContactUsPageTestSuite</td>
<td></td>
<td>17</td>
<td>com.ui.tests.ContactUsPageTestSuite@65e98b1c</td></tr>
<tr>
<td title='com.ui.tests.ContactUsPageTestSuite.TC_Contact_Us_4_SignupLoginIcon()'><b>TC_Contact_Us_4_SignupLoginIcon</b><br>Test class: com.ui.tests.ContactUsPageTestSuite</td>
<td></td>
<td>12</td>
<td>com.ui.tests.ContactUsPageTestSuite@65e98b1c</td></tr>
<tr>
<td title='com.ui.tests.ContactUsPageTestSuite.TC_Contact_Us_11_NameFieldInput()'><b>TC_Contact_Us_11_NameFieldInput</b><br>Test class: com.ui.tests.ContactUsPageTestSuite</td>
<td></td>
<td>3</td>
<td>com.ui.tests.ContactUsPageTestSuite@65e98b1c</td></tr>
<tr>
<td title='com.ui.tests.ContactUsPageTestSuite.TC_Contact_Us_33_FeedbackEmailLink()'><b>TC_Contact_Us_33_FeedbackEmailLink</b><br>Test class: com.ui.tests.ContactUsPageTestSuite</td>
<td></td>
<td>11</td>
<td>com.ui.tests.ContactUsPageTestSuite@65e98b1c</td></tr>
<tr>
<td title='com.ui.tests.ContactUsPageTestSuite.TC_Contact_Us_9_WebsiteLogo()'><b>TC_Contact_Us_9_WebsiteLogo</b><br>Test class: com.ui.tests.ContactUsPageTestSuite</td>
<td></td>
<td>0</td>
<td>com.ui.tests.ContactUsPageTestSuite@65e98b1c</td></tr>
<tr>
<td title='com.ui.tests.ContactUsPageTestSuite.TC_Contact_Us_17_SendButtonEnabled()'><b>TC_Contact_Us_17_SendButtonEnabled</b><br>Test class: com.ui.tests.ContactUsPageTestSuite</td>
<td></td>
<td>0</td>
<td>com.ui.tests.ContactUsPageTestSuite@65e98b1c</td></tr>
<tr>
<td title='com.ui.tests.ContactUsPageTestSuite.TC_Contact_Us_3_CartIcon()'><b>TC_Contact_Us_3_CartIcon</b><br>Test class: com.ui.tests.ContactUsPageTestSuite</td>
<td></td>
<td>13</td>
<td>com.ui.tests.ContactUsPageTestSuite@65e98b1c</td></tr>
<tr>
<td title='com.ui.tests.ContactUsPageTestSuite.TC_Contact_Us_16_FileUpload()'><b>TC_Contact_Us_16_FileUpload</b><br>Test class: com.ui.tests.ContactUsPageTestSuite</td>
<td></td>
<td>0</td>
<td>com.ui.tests.ContactUsPageTestSuite@65e98b1c</td></tr>
<tr>
<td title='com.ui.tests.ContactUsPageTestSuite.TC_Contact_Us_8_ContactUsIcon()'><b>TC_Contact_Us_8_ContactUsIcon</b><br>Test class: com.ui.tests.ContactUsPageTestSuite</td>
<td></td>
<td>14</td>
<td>com.ui.tests.ContactUsPageTestSuite@65e98b1c</td></tr>
<tr>
<td title='com.ui.tests.ContactUsPageTestSuite.TC_Contact_Us_6_APITestingIcon()'><b>TC_Contact_Us_6_APITestingIcon</b><br>Test class: com.ui.tests.ContactUsPageTestSuite</td>
<td></td>
<td>20</td>
<td>com.ui.tests.ContactUsPageTestSuite@65e98b1c</td></tr>
<tr>
<td title='com.ui.tests.ContactUsPageTestSuite.TC_Contact_Us_10_GetInTouchForm()'><b>TC_Contact_Us_10_GetInTouchForm</b><br>Test class: com.ui.tests.ContactUsPageTestSuite</td>
<td></td>
<td>0</td>
<td>com.ui.tests.ContactUsPageTestSuite@65e98b1c</td></tr>
<tr>
<td title='com.ui.tests.ContactUsPageTestSuite.TC_Contact_Us_25_HomeIconRedirect()'><b>TC_Contact_Us_25_HomeIconRedirect</b><br>Test class: com.ui.tests.ContactUsPageTestSuite</td>
<td></td>
<td>191</td>
<td>com.ui.tests.ContactUsPageTestSuite@65e98b1c</td></tr>
<tr>
<td title='com.ui.tests.ContactUsPageTestSuite.TC_Contact_Us_26_LogoRedirect()'><b>TC_Contact_Us_26_LogoRedirect</b><br>Test class: com.ui.tests.ContactUsPageTestSuite</td>
<td></td>
<td>190</td>
<td>com.ui.tests.ContactUsPageTestSuite@65e98b1c</td></tr>
<tr>
<td title='com.ui.tests.ContactUsPageTestSuite.TC_Contact_Us_21_SubscriptionFieldVisible()'><b>TC_Contact_Us_21_SubscriptionFieldVisible</b><br>Test class: com.ui.tests.ContactUsPageTestSuite</td>
<td></td>
<td>1</td>
<td>com.ui.tests.ContactUsPageTestSuite@65e98b1c</td></tr>
<tr>
<td title='com.ui.tests.ContactUsPageTestSuite.TC_Contact_Us_19_AlertAfterSubmission()'><b>TC_Contact_Us_19_AlertAfterSubmission</b><br>Test class: com.ui.tests.ContactUsPageTestSuite</td>
<td></td>
<td>9</td>
<td>com.ui.tests.ContactUsPageTestSuite@65e98b1c</td></tr>
<tr>
<td title='com.ui.tests.ContactUsPageTestSuite.TC_Contact_Us_14_SubjectFieldInput()'><b>TC_Contact_Us_14_SubjectFieldInput</b><br>Test class: com.ui.tests.ContactUsPageTestSuite</td>
<td></td>
<td>0</td>
<td>com.ui.tests.ContactUsPageTestSuite@65e98b1c</td></tr>
<tr>
<td title='com.ui.tests.ContactUsPageTestSuite.TC_Contact_Us_12_ValidEmailInput()'><b>TC_Contact_Us_12_ValidEmailInput</b><br>Test class: com.ui.tests.ContactUsPageTestSuite</td>
<td></td>
<td>0</td>
<td>com.ui.tests.ContactUsPageTestSuite@65e98b1c</td></tr>
<tr>
<td title='com.ui.tests.ContactUsPageTestSuite.TC_Contact_Us_13_InvalidEmailInput()'><b>TC_Contact_Us_13_InvalidEmailInput</b><br>Test class: com.ui.tests.ContactUsPageTestSuite</td>
<td></td>
<td>5</td>
<td>com.ui.tests.ContactUsPageTestSuite@65e98b1c</td></tr>
<tr>
<td title='com.ui.tests.ContactUsPageTestSuite.TC_Contact_Us_28_BlankEmailValidation()'><b>TC_Contact_Us_28_BlankEmailValidation</b><br>Test class: com.ui.tests.ContactUsPageTestSuite</td>
<td></td>
<td>16</td>
<td>com.ui.tests.ContactUsPageTestSuite@65e98b1c</td></tr>
<tr>
<td title='com.ui.tests.ContactUsPageTestSuite.TC_Contact_Us_20_FooterVisible()'><b>TC_Contact_Us_20_FooterVisible</b><br>Test class: com.ui.tests.ContactUsPageTestSuite</td>
<td></td>
<td>7</td>
<td>com.ui.tests.ContactUsPageTestSuite@65e98b1c</td></tr>
<tr>
<td title='com.ui.tests.ContactUsPageTestSuite.TC_Contact_Us_7_VideoTutorialsIcon()'><b>TC_Contact_Us_7_VideoTutorialsIcon</b><br>Test class: com.ui.tests.ContactUsPageTestSuite</td>
<td></td>
<td>19</td>
<td>com.ui.tests.ContactUsPageTestSuite@65e98b1c</td></tr>
<tr>
<td title='com.ui.tests.ContactUsPageTestSuite.TC_Contact_Us_22_SubscriptionValidEmail()'><b>TC_Contact_Us_22_SubscriptionValidEmail</b><br>Test class: com.ui.tests.ContactUsPageTestSuite</td>
<td></td>
<td>5</td>
<td>com.ui.tests.ContactUsPageTestSuite@65e98b1c</td></tr>
<tr>
<td title='com.ui.tests.ContactUsPageTestSuite.TC_Contact_Us_2_ProductsIcon()'><b>TC_Contact_Us_2_ProductsIcon</b><br>Test class: com.ui.tests.ContactUsPageTestSuite</td>
<td></td>
<td>311</td>
<td>com.ui.tests.ContactUsPageTestSuite@65e98b1c</td></tr>
<tr>
<td title='com.ui.tests.ContactUsPageTestSuite.TC_Contact_Us_1_NavigateToContactUs()'><b>TC_Contact_Us_1_NavigateToContactUs</b><br>Test class: com.ui.tests.ContactUsPageTestSuite</td>
<td></td>
<td>24</td>
<td>com.ui.tests.ContactUsPageTestSuite@65e98b1c</td></tr>
<tr>
<td title='com.ui.tests.ContactUsPageTestSuite.TC_Contact_Us_24_ScrollBarPresence()'><b>TC_Contact_Us_24_ScrollBarPresence</b><br>Test class: com.ui.tests.ContactUsPageTestSuite</td>
<td></td>
<td>11</td>
<td>com.ui.tests.ContactUsPageTestSuite@65e98b1c</td></tr>
</table><p>
</body>
</html>