<?xml version="1.0" encoding="UTF-8"?>
<!-- Generated by org.testng.reporters.JUnitXMLReporter -->
<testsuite ignored="0" hostname="LAPTOP-LK1GIISB" failures="7" tests="33" name="ContactUsTest" time="1279.532" errors="0" timestamp="2025-09-10T22:15:58 IST">
  <testcase classname="com.ui.tests.ContactUsPageTestSuite" name="TC_Contact_Us_1_NavigateToContactUs" time="24.012"/>
  <testcase classname="com.ui.tests.ContactUsPageTestSuite" name="TC_Contact_Us_2_ProductsIcon" time="311.945"/>
  <testcase classname="com.ui.tests.ContactUsPageTestSuite" name="TC_Contact_Us_3_CartIcon" time="13.358"/>
  <testcase classname="com.ui.tests.ContactUsPageTestSuite" name="TC_Contact_Us_4_SignupLoginIcon" time="12.396"/>
  <testcase classname="com.ui.tests.ContactUsPageTestSuite" name="TC_Contact_Us_5_TestCasesIcon" time="17.839"/>
  <testcase classname="com.ui.tests.ContactUsPageTestSuite" name="TC_Contact_Us_6_APITestingIcon" time="20.625"/>
  <testcase classname="com.ui.tests.ContactUsPageTestSuite" name="TC_Contact_Us_7_VideoTutorialsIcon" time="19.618"/>
  <testcase classname="com.ui.tests.ContactUsPageTestSuite" name="TC_Contact_Us_8_ContactUsIcon" time="14.313"/>
  <testcase classname="com.ui.tests.ContactUsPageTestSuite" name="TC_Contact_Us_9_WebsiteLogo" time="0.047"/>
  <testcase classname="com.ui.tests.ContactUsPageTestSuite" name="TC_Contact_Us_10_GetInTouchForm" time="0.045"/>
  <testcase classname="com.ui.tests.ContactUsPageTestSuite" name="TC_Contact_Us_11_NameFieldInput" time="3.461"/>
  <testcase classname="com.ui.tests.ContactUsPageTestSuite" name="TC_Contact_Us_12_ValidEmailInput" time="0.813"/>
  <testcase classname="com.ui.tests.ContactUsPageTestSuite" name="TC_Contact_Us_13_InvalidEmailInput" time="5.509"/>
  <testcase classname="com.ui.tests.ContactUsPageTestSuite" name="TC_Contact_Us_14_SubjectFieldInput" time="0.834"/>
  <testcase classname="com.ui.tests.ContactUsPageTestSuite" name="TC_Contact_Us_15_MessageFieldInput" time="0.781"/>
  <testcase classname="com.ui.tests.ContactUsPageTestSuite" name="TC_Contact_Us_16_FileUpload" time="0.7"/>
  <testcase classname="com.ui.tests.ContactUsPageTestSuite" name="TC_Contact_Us_17_SendButtonEnabled" time="0.907"/>
  <testcase classname="com.ui.tests.ContactUsPageTestSuite" name="TC_Contact_Us_18_FormSubmissionValid" time="7.831">
    <failure type="java.lang.AssertionError" message="expected [true] but found [false]">
      <![CDATA[java.lang.AssertionError: expected [true] but found [false]
at com.ui.tests.ContactUsPageTestSuite.TC_Contact_Us_18_FormSubmissionValid(ContactUsPageTestSuite.java:408)
at java.base/java.util.ArrayList.forEach(ArrayList.java:1596)
... Removed 29 stack frames]]>
    </failure>
  </testcase> <!-- TC_Contact_Us_18_FormSubmissionValid -->
  <testcase classname="com.ui.tests.ContactUsPageTestSuite" name="TC_Contact_Us_19_AlertAfterSubmission" time="9.154"/>
  <testcase classname="com.ui.tests.ContactUsPageTestSuite" name="TC_Contact_Us_20_FooterVisible" time="7.907"/>
  <testcase classname="com.ui.tests.ContactUsPageTestSuite" name="TC_Contact_Us_21_SubscriptionFieldVisible" time="1.06"/>
  <testcase classname="com.ui.tests.ContactUsPageTestSuite" name="TC_Contact_Us_22_SubscriptionValidEmail" time="5.018"/>
  <testcase classname="com.ui.tests.ContactUsPageTestSuite" name="TC_Contact_Us_23_SubscriptionInvalidEmail" time="13.261">
    <failure type="java.lang.AssertionError" message="BUG: Invalid email &amp;apos;invalid mail&amp;apos; was accepted for subscription - proper email validation is missing">
      <![CDATA[java.lang.AssertionError: BUG: Invalid email 'invalid mail' was accepted for subscription - proper email validation is missing
at com.ui.tests.ContactUsPageTestSuite.TC_Contact_Us_23_SubscriptionInvalidEmail(ContactUsPageTestSuite.java:517)
at java.base/java.util.ArrayList.forEach(ArrayList.java:1596)
... Removed 26 stack frames]]>
    </failure>
  </testcase> <!-- TC_Contact_Us_23_SubscriptionInvalidEmail -->
  <testcase classname="com.ui.tests.ContactUsPageTestSuite" name="TC_Contact_Us_24_ScrollBarPresence" time="11.701"/>
  <testcase classname="com.ui.tests.ContactUsPageTestSuite" name="TC_Contact_Us_25_HomeIconRedirect" time="191.564"/>
  <testcase classname="com.ui.tests.ContactUsPageTestSuite" name="TC_Contact_Us_26_LogoRedirect" time="190.95"/>
  <testcase classname="com.ui.tests.ContactUsPageTestSuite" name="TC_Contact_Us_27_BlankNameValidation" time="14.047">
    <failure type="java.lang.AssertionError" message="unexpected alert open: {Alert text : Press OK to proceed!}
  (Session info: chrome=140.0.7339.81): Press OK to proceed!
Build info: version: &amp;apos;4.35.0&amp;apos;, revision: &amp;apos;1c58e5028b&amp;apos;
System info: os.name: &amp;apos;Windows 11&amp;apos;, os.arch: &amp;apos;amd64&amp;apos;, os.version: &amp;apos;10.0&amp;apos;, java.version: &amp;apos;21.0.7&amp;apos;
Driver info: org.openqa.selenium.chrome.ChromeDriver
Command: [e17ccbe45d6f1f692f7fe184bf1c7aee, getPageSource {}]
Capabilities {acceptInsecureCerts: false, browserName: chrome, browserVersion: 140.0.7339.81, chrome: {chromedriverVersion: 140.0.7339.82 (bc93617e21c3..., userDataDir: C:\Users\KEERTH~1\AppData\L...}, fedcm:accounts: true, goog:chromeOptions: {debuggerAddress: localhost:65484}, networkConnectionEnabled: false, pageLoadStrategy: normal, platformName: windows, proxy: Proxy(), se:cdp: ws://localhost:65484/devtoo..., se:cdpVersion: 140.0.7339.81, setWindowRect: true, strictFileInteractability: false, timeouts: {implicit: 0, pageLoad: 300000, script: 30000}, unhandledPromptBehavior: dismiss and notify, webauthn:extension:credBlob: true, webauthn:extension:largeBlob: true, webauthn:extension:minPinLength: true, webauthn:extension:prf: true, webauthn:virtualAuthenticators: true}
Session ID: e17ccbe45d6f1f692f7fe184bf1c7aee">
      <![CDATA[java.lang.AssertionError: unexpected alert open: {Alert text : Press OK to proceed!}
  (Session info: chrome=140.0.7339.81): Press OK to proceed!
Build info: version: '4.35.0', revision: '1c58e5028b'
System info: os.name: 'Windows 11', os.arch: 'amd64', os.version: '10.0', java.version: '21.0.7'
Driver info: org.openqa.selenium.chrome.ChromeDriver
Command: [e17ccbe45d6f1f692f7fe184bf1c7aee, getPageSource {}]
Capabilities {acceptInsecureCerts: false, browserName: chrome, browserVersion: 140.0.7339.81, chrome: {chromedriverVersion: 140.0.7339.82 (bc93617e21c3..., userDataDir: C:\Users\KEERTH~1\AppData\L...}, fedcm:accounts: true, goog:chromeOptions: {debuggerAddress: localhost:65484}, networkConnectionEnabled: false, pageLoadStrategy: normal, platformName: windows, proxy: Proxy(), se:cdp: ws://localhost:65484/devtoo..., se:cdpVersion: 140.0.7339.81, setWindowRect: true, strictFileInteractability: false, timeouts: {implicit: 0, pageLoad: 300000, script: 30000}, unhandledPromptBehavior: dismiss and notify, webauthn:extension:credBlob: true, webauthn:extension:largeBlob: true, webauthn:extension:minPinLength: true, webauthn:extension:prf: true, webauthn:virtualAuthenticators: true}
Session ID: e17ccbe45d6f1f692f7fe184bf1c7aee
at com.ui.tests.ContactUsPageTestSuite.TC_Contact_Us_27_BlankNameValidation(ContactUsPageTestSuite.java:619)
at java.base/java.util.ArrayList.forEach(ArrayList.java:1596)
... Removed 26 stack frames]]>
    </failure>
  </testcase> <!-- TC_Contact_Us_27_BlankNameValidation -->
  <testcase classname="com.ui.tests.ContactUsPageTestSuite" name="TC_Contact_Us_28_BlankEmailValidation" time="16.649"/>
  <testcase classname="com.ui.tests.ContactUsPageTestSuite" name="TC_Contact_Us_29_BlankSubjectValidation" time="12.02">
    <failure type="java.lang.AssertionError" message="unexpected alert open: {Alert text : Press OK to proceed!}
  (Session info: chrome=140.0.7339.81): Press OK to proceed!
Build info: version: &amp;apos;4.35.0&amp;apos;, revision: &amp;apos;1c58e5028b&amp;apos;
System info: os.name: &amp;apos;Windows 11&amp;apos;, os.arch: &amp;apos;amd64&amp;apos;, os.version: &amp;apos;10.0&amp;apos;, java.version: &amp;apos;21.0.7&amp;apos;
Driver info: org.openqa.selenium.chrome.ChromeDriver
Command: [e17ccbe45d6f1f692f7fe184bf1c7aee, getPageSource {}]
Capabilities {acceptInsecureCerts: false, browserName: chrome, browserVersion: 140.0.7339.81, chrome: {chromedriverVersion: 140.0.7339.82 (bc93617e21c3..., userDataDir: C:\Users\KEERTH~1\AppData\L...}, fedcm:accounts: true, goog:chromeOptions: {debuggerAddress: localhost:65484}, networkConnectionEnabled: false, pageLoadStrategy: normal, platformName: windows, proxy: Proxy(), se:cdp: ws://localhost:65484/devtoo..., se:cdpVersion: 140.0.7339.81, setWindowRect: true, strictFileInteractability: false, timeouts: {implicit: 0, pageLoad: 300000, script: 30000}, unhandledPromptBehavior: dismiss and notify, webauthn:extension:credBlob: true, webauthn:extension:largeBlob: true, webauthn:extension:minPinLength: true, webauthn:extension:prf: true, webauthn:virtualAuthenticators: true}
Session ID: e17ccbe45d6f1f692f7fe184bf1c7aee">
      <![CDATA[java.lang.AssertionError: unexpected alert open: {Alert text : Press OK to proceed!}
  (Session info: chrome=140.0.7339.81): Press OK to proceed!
Build info: version: '4.35.0', revision: '1c58e5028b'
System info: os.name: 'Windows 11', os.arch: 'amd64', os.version: '10.0', java.version: '21.0.7'
Driver info: org.openqa.selenium.chrome.ChromeDriver
Command: [e17ccbe45d6f1f692f7fe184bf1c7aee, getPageSource {}]
Capabilities {acceptInsecureCerts: false, browserName: chrome, browserVersion: 140.0.7339.81, chrome: {chromedriverVersion: 140.0.7339.82 (bc93617e21c3..., userDataDir: C:\Users\KEERTH~1\AppData\L...}, fedcm:accounts: true, goog:chromeOptions: {debuggerAddress: localhost:65484}, networkConnectionEnabled: false, pageLoadStrategy: normal, platformName: windows, proxy: Proxy(), se:cdp: ws://localhost:65484/devtoo..., se:cdpVersion: 140.0.7339.81, setWindowRect: true, strictFileInteractability: false, timeouts: {implicit: 0, pageLoad: 300000, script: 30000}, unhandledPromptBehavior: dismiss and notify, webauthn:extension:credBlob: true, webauthn:extension:largeBlob: true, webauthn:extension:minPinLength: true, webauthn:extension:prf: true, webauthn:virtualAuthenticators: true}
Session ID: e17ccbe45d6f1f692f7fe184bf1c7aee
at com.ui.tests.ContactUsPageTestSuite.TC_Contact_Us_29_BlankSubjectValidation(ContactUsPageTestSuite.java:683)
at java.base/java.util.ArrayList.forEach(ArrayList.java:1596)
... Removed 26 stack frames]]>
    </failure>
  </testcase> <!-- TC_Contact_Us_29_BlankSubjectValidation -->
  <testcase classname="com.ui.tests.ContactUsPageTestSuite" name="TC_Contact_Us_30_BlankMessageValidation" time="11.895">
    <failure type="java.lang.AssertionError" message="unexpected alert open: {Alert text : Press OK to proceed!}
  (Session info: chrome=140.0.7339.81): Press OK to proceed!
Build info: version: &amp;apos;4.35.0&amp;apos;, revision: &amp;apos;1c58e5028b&amp;apos;
System info: os.name: &amp;apos;Windows 11&amp;apos;, os.arch: &amp;apos;amd64&amp;apos;, os.version: &amp;apos;10.0&amp;apos;, java.version: &amp;apos;21.0.7&amp;apos;
Driver info: org.openqa.selenium.chrome.ChromeDriver
Command: [e17ccbe45d6f1f692f7fe184bf1c7aee, getPageSource {}]
Capabilities {acceptInsecureCerts: false, browserName: chrome, browserVersion: 140.0.7339.81, chrome: {chromedriverVersion: 140.0.7339.82 (bc93617e21c3..., userDataDir: C:\Users\KEERTH~1\AppData\L...}, fedcm:accounts: true, goog:chromeOptions: {debuggerAddress: localhost:65484}, networkConnectionEnabled: false, pageLoadStrategy: normal, platformName: windows, proxy: Proxy(), se:cdp: ws://localhost:65484/devtoo..., se:cdpVersion: 140.0.7339.81, setWindowRect: true, strictFileInteractability: false, timeouts: {implicit: 0, pageLoad: 300000, script: 30000}, unhandledPromptBehavior: dismiss and notify, webauthn:extension:credBlob: true, webauthn:extension:largeBlob: true, webauthn:extension:minPinLength: true, webauthn:extension:prf: true, webauthn:virtualAuthenticators: true}
Session ID: e17ccbe45d6f1f692f7fe184bf1c7aee">
      <![CDATA[java.lang.AssertionError: unexpected alert open: {Alert text : Press OK to proceed!}
  (Session info: chrome=140.0.7339.81): Press OK to proceed!
Build info: version: '4.35.0', revision: '1c58e5028b'
System info: os.name: 'Windows 11', os.arch: 'amd64', os.version: '10.0', java.version: '21.0.7'
Driver info: org.openqa.selenium.chrome.ChromeDriver
Command: [e17ccbe45d6f1f692f7fe184bf1c7aee, getPageSource {}]
Capabilities {acceptInsecureCerts: false, browserName: chrome, browserVersion: 140.0.7339.81, chrome: {chromedriverVersion: 140.0.7339.82 (bc93617e21c3..., userDataDir: C:\Users\KEERTH~1\AppData\L...}, fedcm:accounts: true, goog:chromeOptions: {debuggerAddress: localhost:65484}, networkConnectionEnabled: false, pageLoadStrategy: normal, platformName: windows, proxy: Proxy(), se:cdp: ws://localhost:65484/devtoo..., se:cdpVersion: 140.0.7339.81, setWindowRect: true, strictFileInteractability: false, timeouts: {implicit: 0, pageLoad: 300000, script: 30000}, unhandledPromptBehavior: dismiss and notify, webauthn:extension:credBlob: true, webauthn:extension:largeBlob: true, webauthn:extension:minPinLength: true, webauthn:extension:prf: true, webauthn:virtualAuthenticators: true}
Session ID: e17ccbe45d6f1f692f7fe184bf1c7aee
at com.ui.tests.ContactUsPageTestSuite.TC_Contact_Us_30_BlankMessageValidation(ContactUsPageTestSuite.java:716)
at java.base/java.util.ArrayList.forEach(ArrayList.java:1596)
... Removed 26 stack frames]]>
    </failure>
  </testcase> <!-- TC_Contact_Us_30_BlankMessageValidation -->
  <testcase classname="com.ui.tests.ContactUsPageTestSuite" name="TC_Contact_Us_31_AllFieldsBlankExceptEmail" time="12.21">
    <failure type="java.lang.AssertionError" message="unexpected alert open: {Alert text : Press OK to proceed!}
  (Session info: chrome=140.0.7339.81): Press OK to proceed!
Build info: version: &amp;apos;4.35.0&amp;apos;, revision: &amp;apos;1c58e5028b&amp;apos;
System info: os.name: &amp;apos;Windows 11&amp;apos;, os.arch: &amp;apos;amd64&amp;apos;, os.version: &amp;apos;10.0&amp;apos;, java.version: &amp;apos;21.0.7&amp;apos;
Driver info: org.openqa.selenium.chrome.ChromeDriver
Command: [e17ccbe45d6f1f692f7fe184bf1c7aee, getPageSource {}]
Capabilities {acceptInsecureCerts: false, browserName: chrome, browserVersion: 140.0.7339.81, chrome: {chromedriverVersion: 140.0.7339.82 (bc93617e21c3..., userDataDir: C:\Users\KEERTH~1\AppData\L...}, fedcm:accounts: true, goog:chromeOptions: {debuggerAddress: localhost:65484}, networkConnectionEnabled: false, pageLoadStrategy: normal, platformName: windows, proxy: Proxy(), se:cdp: ws://localhost:65484/devtoo..., se:cdpVersion: 140.0.7339.81, setWindowRect: true, strictFileInteractability: false, timeouts: {implicit: 0, pageLoad: 300000, script: 30000}, unhandledPromptBehavior: dismiss and notify, webauthn:extension:credBlob: true, webauthn:extension:largeBlob: true, webauthn:extension:minPinLength: true, webauthn:extension:prf: true, webauthn:virtualAuthenticators: true}
Session ID: e17ccbe45d6f1f692f7fe184bf1c7aee">
      <![CDATA[java.lang.AssertionError: unexpected alert open: {Alert text : Press OK to proceed!}
  (Session info: chrome=140.0.7339.81): Press OK to proceed!
Build info: version: '4.35.0', revision: '1c58e5028b'
System info: os.name: 'Windows 11', os.arch: 'amd64', os.version: '10.0', java.version: '21.0.7'
Driver info: org.openqa.selenium.chrome.ChromeDriver
Command: [e17ccbe45d6f1f692f7fe184bf1c7aee, getPageSource {}]
Capabilities {acceptInsecureCerts: false, browserName: chrome, browserVersion: 140.0.7339.81, chrome: {chromedriverVersion: 140.0.7339.82 (bc93617e21c3..., userDataDir: C:\Users\KEERTH~1\AppData\L...}, fedcm:accounts: true, goog:chromeOptions: {debuggerAddress: localhost:65484}, networkConnectionEnabled: false, pageLoadStrategy: normal, platformName: windows, proxy: Proxy(), se:cdp: ws://localhost:65484/devtoo..., se:cdpVersion: 140.0.7339.81, setWindowRect: true, strictFileInteractability: false, timeouts: {implicit: 0, pageLoad: 300000, script: 30000}, unhandledPromptBehavior: dismiss and notify, webauthn:extension:credBlob: true, webauthn:extension:largeBlob: true, webauthn:extension:minPinLength: true, webauthn:extension:prf: true, webauthn:virtualAuthenticators: true}
Session ID: e17ccbe45d6f1f692f7fe184bf1c7aee
at com.ui.tests.ContactUsPageTestSuite.TC_Contact_Us_31_AllFieldsBlankExceptEmail(ContactUsPageTestSuite.java:747)
at java.base/java.util.ArrayList.forEach(ArrayList.java:1596)
... Removed 26 stack frames]]>
    </failure>
  </testcase> <!-- TC_Contact_Us_31_AllFieldsBlankExceptEmail -->
  <testcase classname="com.ui.tests.ContactUsPageTestSuite" name="TC_Contact_Us_32_FormSubmissionWithoutFile" time="29.759">
    <failure type="java.lang.AssertionError" message="Form should submit successfully without a file expected [true] but found [false]">
      <![CDATA[java.lang.AssertionError: Form should submit successfully without a file expected [true] but found [false]
at com.ui.tests.ContactUsPageTestSuite.TC_Contact_Us_32_FormSubmissionWithoutFile(ContactUsPageTestSuite.java:760)
at java.base/java.util.ArrayList.forEach(ArrayList.java:1596)
... Removed 28 stack frames]]>
    </failure>
  </testcase> <!-- TC_Contact_Us_32_FormSubmissionWithoutFile -->
  <testcase classname="com.ui.tests.ContactUsPageTestSuite" name="TC_Contact_Us_33_FeedbackEmailLink" time="11.089"/>
</testsuite> <!-- ContactUsTest -->
