<?xml version="1.0" encoding="UTF-8"?>
<!-- Generated by org.testng.reporters.JUnitXMLReporter -->
<testsuite ignored="0" hostname="MacBookAir.lan" failures="2" tests="17" name="Surefire test" time="64.936" errors="0" timestamp="2025-09-16T15:15:30 IST">
  <testcase classname="com.ui.tests.ApiTestingPageTestSuite" name="TC_API_Testing_01_NavigateToAPITesting" time="5.02"/>
  <testcase classname="com.ui.tests.ApiTestingPageTestSuite" name="TC_API_Testing_02_LogoRedirect" time="2.056">
    <failure type="java.lang.AssertionError" message="expected [true] but found [false]">
      <![CDATA[java.lang.AssertionError: expected [true] but found [false]
at com.ui.tests.ApiTestingPageTestSuite.TC_API_Testing_02_LogoRedirect(ApiTestingPageTestSuite.java:95)
at java.base/java.util.ArrayList.forEach(ArrayList.java:1604)
... Removed 34 stack frames]]>
    </failure>
  </testcase> <!-- TC_API_Testing_02_LogoRedirect -->
  <testcase classname="com.ui.tests.ApiTestingPageTestSuite" name="TC_API_Testing_03_HomeIconRedirect" time="7.627"/>
  <testcase classname="com.ui.tests.ApiTestingPageTestSuite" name="TC_API_Testing_04_ProductsIconRedirect" time="20.431"/>
  <testcase classname="com.ui.tests.ApiTestingPageTestSuite" name="TC_API_Testing_05_CartIconRedirect" time="1.685"/>
  <testcase classname="com.ui.tests.ApiTestingPageTestSuite" name="TC_API_Testing_06_SignupLoginIcon" time="1.638"/>
  <testcase classname="com.ui.tests.ApiTestingPageTestSuite" name="TC_API_Testing_07_TestCasesIconRedirect" time="1.455"/>
  <testcase classname="com.ui.tests.ApiTestingPageTestSuite" name="TC_API_Testing_08_APITestingIcon" time="0.761"/>
  <testcase classname="com.ui.tests.ApiTestingPageTestSuite" name="TC_API_Testing_09_VideoTutorialsIcon" time="2.319">
    <failure type="java.lang.AssertionError" message="expected [true] but found [false]">
      <![CDATA[java.lang.AssertionError: expected [true] but found [false]
at com.ui.tests.ApiTestingPageTestSuite.TC_API_Testing_09_VideoTutorialsIcon(ApiTestingPageTestSuite.java:158)
at java.base/java.util.ArrayList.forEach(ArrayList.java:1604)
... Removed 34 stack frames]]>
    </failure>
  </testcase> <!-- TC_API_Testing_09_VideoTutorialsIcon -->
  <testcase classname="com.ui.tests.ApiTestingPageTestSuite" name="TC_API_Testing_10_ContactUsIcon" time="1.694"/>
  <testcase classname="com.ui.tests.ApiTestingPageTestSuite" name="TC_API_Testing_11_SubscriptionSection" time="0.212"/>
  <testcase classname="com.ui.tests.ApiTestingPageTestSuite" name="TC_API_Testing_12_APISectionExpands" time="0.046"/>
  <testcase classname="com.ui.tests.ApiTestingPageTestSuite" name="TC_API_Testing_13_APISectionCollapses" time="0.054"/>
  <testcase classname="com.ui.tests.ApiTestingPageTestSuite" name="TC_API_Testing_14_ScrollFunctionality" time="0.005"/>
  <testcase classname="com.ui.tests.ApiTestingPageTestSuite" name="TC_API_Testing_15_APIURLsClickable" time="0.035"/>
  <testcase classname="com.ui.tests.ApiTestingPageTestSuite" name="TC_API_Testing_16_ConsistentDesign" time="0.006"/>
  <testcase classname="com.ui.tests.ApiTestingPageTestSuite" name="TC_API_Testing_17_RightClickNewTab" time="0.278"/>
</testsuite> <!-- Surefire test -->
