<?xml version="1.0" encoding="UTF-8"?>
<!-- Generated by org.testng.reporters.JUnitReportReporter -->
<testsuite hostname="LAPTOP-LK1GIISB" failures="1" tests="23" name="com.ui.tests.TestCasesPageTestSuite" time="360.191" errors="0" timestamp="2025-09-08T14:21:35 IST" skipped="0">
  <testcase classname="com.ui.tests.TestCasesPageTestSuite" name="TC_Test_Cases_01_PageLoadsSuccessfully" time="7.704"/>
  <testcase classname="com.ui.tests.TestCasesPageTestSuite" name="TC_Test_Cases_02_AllTestCaseLinksPresent" time="4.663"/>
  <testcase classname="com.ui.tests.TestCasesPageTestSuite" name="TC_Test_Cases_03_TestCasesSeparatedByRows" time="13.084"/>
  <testcase classname="com.ui.tests.TestCasesPageTestSuite" name="TC_Test_Cases_04_TestCaseLinksClickable" time="5.338"/>
  <testcase classname="com.ui.tests.TestCasesPageTestSuite" name="TC_Test_Cases_05_ClickingLinkOpensDetails" time="38.676"/>
  <testcase classname="com.ui.tests.TestCasesPageTestSuite" name="TC_Test_Cases_06_FeedbackSectionPresent" time="56.850"/>
  <testcase classname="com.ui.tests.TestCasesPageTestSuite" name="TC_Test_Cases_07_URLVisibleAndWorking" time="31.874"/>
  <testcase classname="com.ui.tests.TestCasesPageTestSuite" name="TC_Test_Cases_08_FeedbackEmailOpensMailApp" time="5.115"/>
  <testcase classname="com.ui.tests.TestCasesPageTestSuite" name="TC_Test_Cases_09_ValidEmailSubscription" time="8.197"/>
  <testcase classname="com.ui.tests.TestCasesPageTestSuite" name="TC_Test_Cases_10_InvalidEmailSubscription" time="29.108">
    <failure message="BUG: Invalid email &#039;a@g&#039; was accepted - proper email validation missing" type="java.lang.AssertionError">
      <![CDATA[java.lang.AssertionError: BUG: Invalid email 'a@g' was accepted - proper email validation missing
at org.testng.Assert.fail(Assert.java:111)
at com.ui.tests.TestCasesPageTestSuite.TC_Test_Cases_10_InvalidEmailSubscription(TestCasesPageTestSuite.java:387)
at java.base/jdk.internal.reflect.DirectMethodHandleAccessor.invoke(DirectMethodHandleAccessor.java:103)
at java.base/java.lang.reflect.Method.invoke(Method.java:580)
at org.testng.internal.invokers.MethodInvocationHelper.invokeMethod(MethodInvocationHelper.java:141)
at org.testng.internal.invokers.TestInvoker.invokeMethod(TestInvoker.java:687)
at org.testng.internal.invokers.TestInvoker.invokeTestMethod(TestInvoker.java:230)
at org.testng.internal.invokers.MethodRunner.runInSequence(MethodRunner.java:63)
at org.testng.internal.invokers.TestInvoker$MethodInvocationAgent.invoke(TestInvoker.java:995)
at org.testng.internal.invokers.TestInvoker.invokeTestMethods(TestInvoker.java:203)
at org.testng.internal.invokers.TestMethodWorker.invokeTestMethods(TestMethodWorker.java:154)
at org.testng.internal.invokers.TestMethodWorker.run(TestMethodWorker.java:134)
at java.base/java.util.ArrayList.forEach(ArrayList.java:1596)
at org.testng.TestRunner.privateRun(TestRunner.java:741)
at org.testng.TestRunner.run(TestRunner.java:616)
at org.testng.SuiteRunner.runTest(SuiteRunner.java:421)
at org.testng.SuiteRunner.runSequentially(SuiteRunner.java:413)
at org.testng.SuiteRunner.privateRun(SuiteRunner.java:373)
at org.testng.SuiteRunner.run(SuiteRunner.java:312)
at org.testng.SuiteRunnerWorker.runSuite(SuiteRunnerWorker.java:52)
at org.testng.SuiteRunnerWorker.run(SuiteRunnerWorker.java:95)
at org.testng.TestNG.runSuitesSequentially(TestNG.java:1274)
at org.testng.TestNG.runSuitesLocally(TestNG.java:1208)
at org.testng.TestNG.runSuites(TestNG.java:1112)
at org.testng.TestNG.run(TestNG.java:1079)
at org.testng.remote.AbstractRemoteTestNG.run(AbstractRemoteTestNG.java:115)
at org.testng.remote.RemoteTestNG.initAndRun(RemoteTestNG.java:293)
at org.testng.remote.RemoteTestNG.main(RemoteTestNG.java:91)
]]>
    </failure>
  </testcase> <!-- TC_Test_Cases_10_InvalidEmailSubscription -->
  <testcase classname="com.ui.tests.TestCasesPageTestSuite" name="TC_Test_Cases_11_ScrollToTopButton" time="8.298"/>
  <testcase classname="com.ui.tests.TestCasesPageTestSuite" name="TC_Test_Cases_12_BlankEmailSubscription" time="10.653"/>
  <testcase classname="com.ui.tests.TestCasesPageTestSuite" name="TC_Test_Cases_13_LogoNavigatesToHome" time="42.885"/>
  <testcase classname="com.ui.tests.TestCasesPageTestSuite" name="TC_Test_Cases_14_HomeLinkNavigation" time="14.122"/>
  <testcase classname="com.ui.tests.TestCasesPageTestSuite" name="TC_Test_Cases_15_ProductsLinkNavigation" time="12.180"/>
  <testcase classname="com.ui.tests.TestCasesPageTestSuite" name="TC_Test_Cases_16_CartLinkNavigation" time="8.210"/>
  <testcase classname="com.ui.tests.TestCasesPageTestSuite" name="TC_Test_Cases_17_SignUpLoginLinkNavigation" time="7.768"/>
  <testcase classname="com.ui.tests.TestCasesPageTestSuite" name="TC_Test_Cases_18_TestCasesLinkNavigation" time="7.957"/>
  <testcase classname="com.ui.tests.TestCasesPageTestSuite" name="TC_Test_Cases_19_APITestingLinkNavigation" time="8.963"/>
  <testcase classname="com.ui.tests.TestCasesPageTestSuite" name="TC_Test_Cases_20_VideoTutorialsLinkNavigation" time="9.761"/>
  <testcase classname="com.ui.tests.TestCasesPageTestSuite" name="TC_Test_Cases_21_ContactUsLinkNavigation" time="9.466"/>
  <testcase classname="com.ui.tests.TestCasesPageTestSuite" name="TC_Test_Cases_22_ScrollBarFunctionality" time="8.609"/>
  <testcase classname="com.ui.tests.TestCasesPageTestSuite" name="TC_Test_Cases_23_ResponsivenessTestCases" time="10.710"/>
</testsuite> <!-- com.ui.tests.TestCasesPageTestSuite -->
