<?xml version="1.0" encoding="UTF-8"?>
<!-- Generated by org.testng.reporters.JUnitReportReporter -->
<testsuite hostname="LAPTOP-LK1GIISB" failures="2" tests="23" name="com.ui.tests.ApiTestingPageTestSuite" time="274.731" errors="0" timestamp="2025-09-08T13:56:53 IST" skipped="0">
  <testcase classname="com.ui.tests.ApiTestingPageTestSuite" name="TC_API_Testing_01_NavigateToAPITesting" time="3.928"/>
  <testcase classname="com.ui.tests.ApiTestingPageTestSuite" name="TC_API_Testing_02_LogoRedirect" time="46.689"/>
  <testcase classname="com.ui.tests.ApiTestingPageTestSuite" name="TC_API_Testing_03_HomeIconRedirect" time="33.307"/>
  <testcase classname="com.ui.tests.ApiTestingPageTestSuite" name="TC_API_Testing_04_ProductsIconRedirect" time="32.687"/>
  <testcase classname="com.ui.tests.ApiTestingPageTestSuite" name="TC_API_Testing_05_CartIconRedirect" time="7.619"/>
  <testcase classname="com.ui.tests.ApiTestingPageTestSuite" name="TC_API_Testing_06_SignupLoginIcon" time="6.375"/>
  <testcase classname="com.ui.tests.ApiTestingPageTestSuite" name="TC_API_Testing_07_TestCasesIconRedirect" time="8.618"/>
  <testcase classname="com.ui.tests.ApiTestingPageTestSuite" name="TC_API_Testing_08_APITestingIcon" time="7.400"/>
  <testcase classname="com.ui.tests.ApiTestingPageTestSuite" name="TC_API_Testing_09_VideoTutorialsIcon" time="9.386"/>
  <testcase classname="com.ui.tests.ApiTestingPageTestSuite" name="TC_API_Testing_10_ContactUsIcon" time="6.750"/>
  <testcase classname="com.ui.tests.ApiTestingPageTestSuite" name="TC_API_Testing_11_SubscriptionSection" time="7.639"/>
  <testcase classname="com.ui.tests.ApiTestingPageTestSuite" name="TC_API_Testing_12_APISectionExpands" time="7.739"/>
  <testcase classname="com.ui.tests.ApiTestingPageTestSuite" name="TC_API_Testing_13_APISectionCollapses" time="9.764"/>
  <testcase classname="com.ui.tests.ApiTestingPageTestSuite" name="TC_API_Testing_14_ScrollFunctionality" time="4.835">
    <failure message="class java.lang.Double cannot be cast to class java.lang.Long (java.lang.Double and java.lang.Long are in module java.base of loader &#039;bootstrap&#039;)" type="java.lang.AssertionError">
      <![CDATA[java.lang.AssertionError: class java.lang.Double cannot be cast to class java.lang.Long (java.lang.Double and java.lang.Long are in module java.base of loader 'bootstrap')
at org.testng.Assert.fail(Assert.java:111)
at com.ui.tests.ApiTestingPageTestSuite.TC_API_Testing_14_ScrollFunctionality(ApiTestingPageTestSuite.java:429)
at java.base/jdk.internal.reflect.DirectMethodHandleAccessor.invoke(DirectMethodHandleAccessor.java:103)
at java.base/java.lang.reflect.Method.invoke(Method.java:580)
at org.testng.internal.invokers.MethodInvocationHelper.invokeMethod(MethodInvocationHelper.java:141)
at org.testng.internal.invokers.TestInvoker.invokeMethod(TestInvoker.java:687)
at org.testng.internal.invokers.TestInvoker.invokeTestMethod(TestInvoker.java:230)
at org.testng.internal.invokers.MethodRunner.runInSequence(MethodRunner.java:63)
at org.testng.internal.invokers.TestInvoker$MethodInvocationAgent.invoke(TestInvoker.java:995)
at org.testng.internal.invokers.TestInvoker.invokeTestMethods(TestInvoker.java:203)
at org.testng.internal.invokers.TestMethodWorker.invokeTestMethods(TestMethodWorker.java:154)
at org.testng.internal.invokers.TestMethodWorker.run(TestMethodWorker.java:134)
at java.base/java.util.ArrayList.forEach(ArrayList.java:1596)
at org.testng.TestRunner.privateRun(TestRunner.java:741)
at org.testng.TestRunner.run(TestRunner.java:616)
at org.testng.SuiteRunner.runTest(SuiteRunner.java:421)
at org.testng.SuiteRunner.runSequentially(SuiteRunner.java:413)
at org.testng.SuiteRunner.privateRun(SuiteRunner.java:373)
at org.testng.SuiteRunner.run(SuiteRunner.java:312)
at org.testng.SuiteRunnerWorker.runSuite(SuiteRunnerWorker.java:52)
at org.testng.SuiteRunnerWorker.run(SuiteRunnerWorker.java:95)
at org.testng.TestNG.runSuitesSequentially(TestNG.java:1274)
at org.testng.TestNG.runSuitesLocally(TestNG.java:1208)
at org.testng.TestNG.runSuites(TestNG.java:1112)
at org.testng.TestNG.run(TestNG.java:1079)
at org.testng.remote.AbstractRemoteTestNG.run(AbstractRemoteTestNG.java:115)
at org.testng.remote.RemoteTestNG.initAndRun(RemoteTestNG.java:293)
at org.testng.remote.RemoteTestNG.main(RemoteTestNG.java:91)
]]>
    </failure>
  </testcase> <!-- TC_API_Testing_14_ScrollFunctionality -->
  <testcase classname="com.ui.tests.ApiTestingPageTestSuite" name="TC_API_Testing_15_APIURLsClickable" time="10.074"/>
  <testcase classname="com.ui.tests.ApiTestingPageTestSuite" name="TC_API_Testing_16_ConsistentDesign" time="4.689"/>
  <testcase classname="com.ui.tests.ApiTestingPageTestSuite" name="TC_API_Testing_17_RightClickNewTab" time="7.946"/>
  <testcase classname="com.ui.tests.ApiTestingPageTestSuite" name="TC_API_Testing_18_ValidEmailSubscription" time="9.213"/>
  <testcase classname="com.ui.tests.ApiTestingPageTestSuite" name="TC_API_Testing_19_EmailWithoutAtSymbol" time="9.261"/>
  <testcase classname="com.ui.tests.ApiTestingPageTestSuite" name="TC_API_Testing_20_SpecialCharactersInEmail" time="7.012"/>
  <testcase classname="com.ui.tests.ApiTestingPageTestSuite" name="TC_API_Testing_21_LongEmail" time="7.591"/>
  <testcase classname="com.ui.tests.ApiTestingPageTestSuite" name="TC_API_Testing_22_EmptyEmailField" time="7.978"/>
  <testcase classname="com.ui.tests.ApiTestingPageTestSuite" name="TC_API_Testing_23_DuplicateEmailSubscription" time="18.231">
    <failure message="BUG: Duplicate email subscription allowed - no duplicate detection implemented" type="java.lang.AssertionError">
      <![CDATA[java.lang.AssertionError: BUG: Duplicate email subscription allowed - no duplicate detection implemented
at org.testng.Assert.fail(Assert.java:111)
at com.ui.tests.ApiTestingPageTestSuite.TC_API_Testing_23_DuplicateEmailSubscription(ApiTestingPageTestSuite.java:818)
at java.base/jdk.internal.reflect.DirectMethodHandleAccessor.invoke(DirectMethodHandleAccessor.java:103)
at java.base/java.lang.reflect.Method.invoke(Method.java:580)
at org.testng.internal.invokers.MethodInvocationHelper.invokeMethod(MethodInvocationHelper.java:141)
at org.testng.internal.invokers.TestInvoker.invokeMethod(TestInvoker.java:687)
at org.testng.internal.invokers.TestInvoker.invokeTestMethod(TestInvoker.java:230)
at org.testng.internal.invokers.MethodRunner.runInSequence(MethodRunner.java:63)
at org.testng.internal.invokers.TestInvoker$MethodInvocationAgent.invoke(TestInvoker.java:995)
at org.testng.internal.invokers.TestInvoker.invokeTestMethods(TestInvoker.java:203)
at org.testng.internal.invokers.TestMethodWorker.invokeTestMethods(TestMethodWorker.java:154)
at org.testng.internal.invokers.TestMethodWorker.run(TestMethodWorker.java:134)
at java.base/java.util.ArrayList.forEach(ArrayList.java:1596)
at org.testng.TestRunner.privateRun(TestRunner.java:741)
at org.testng.TestRunner.run(TestRunner.java:616)
at org.testng.SuiteRunner.runTest(SuiteRunner.java:421)
at org.testng.SuiteRunner.runSequentially(SuiteRunner.java:413)
at org.testng.SuiteRunner.privateRun(SuiteRunner.java:373)
at org.testng.SuiteRunner.run(SuiteRunner.java:312)
at org.testng.SuiteRunnerWorker.runSuite(SuiteRunnerWorker.java:52)
at org.testng.SuiteRunnerWorker.run(SuiteRunnerWorker.java:95)
at org.testng.TestNG.runSuitesSequentially(TestNG.java:1274)
at org.testng.TestNG.runSuitesLocally(TestNG.java:1208)
at org.testng.TestNG.runSuites(TestNG.java:1112)
at org.testng.TestNG.run(TestNG.java:1079)
at org.testng.remote.AbstractRemoteTestNG.run(AbstractRemoteTestNG.java:115)
at org.testng.remote.RemoteTestNG.initAndRun(RemoteTestNG.java:293)
at org.testng.remote.RemoteTestNG.main(RemoteTestNG.java:91)
]]>
    </failure>
  </testcase> <!-- TC_API_Testing_23_DuplicateEmailSubscription -->
</testsuite> <!-- com.ui.tests.ApiTestingPageTestSuite -->
