<html>
<head>
<title>TestNG:  ApiPageTest</title>
<link href="../testng.css" rel="stylesheet" type="text/css" />
<link href="../my-testng.css" rel="stylesheet" type="text/css" />

<style type="text/css">
.log { display: none;} 
.stack-trace { display: none;} 
</style>
<script type="text/javascript">
<!--
function flip(e) {
  current = e.style.display;
  if (current == 'block') {
    e.style.display = 'none';
    return 0;
  }
  else {
    e.style.display = 'block';
    return 1;
  }
}

function toggleBox(szDivId, elem, msg1, msg2)
{
  var res = -1;  if (document.getElementById) {
    res = flip(document.getElementById(szDivId));
  }
  else if (document.all) {
    // this is the way old msie versions work
    res = flip(document.all[szDivId]);
  }
  if(elem) {
    if(res == 0) elem.innerHTML = msg1; else elem.innerHTML = msg2;
  }

}

function toggleAllBoxes() {
  if (document.getElementsByTagName) {
    d = document.getElementsByTagName('div');
    for (i = 0; i < d.length; i++) {
      if (d[i].className == 'log') {
        flip(d[i]);
      }
    }
  }
}

// -->
</script>

</head>
<body>
<h2 align='center'>ApiPageTest</h2><table border='1' align="center">
<tr>
<td>Tests passed/Failed/Skipped:</td><td>21/2/0</td>
</tr><tr>
<td>Started on:</td><td>Mon Sep 08 13:51:19 IST 2025</td>
</tr>
<tr><td>Total time:</td><td>332 seconds (332334 ms)</td>
</tr><tr>
<td>Included groups:</td><td></td>
</tr><tr>
<td>Excluded groups:</td><td></td>
</tr>
</table><p/>
<small><i>(Hover the method name to see the test class name)</i></small><p/>
<table width='100%' border='1' class='invocation-failed'>
<tr><td colspan='4' align='center'><b>FAILED TESTS</b></td></tr>
<tr><td><b>Test method</b></td>
<td><b>Attribute(s)</b></td>
<td width="30%"><b>Exception</b></td>
<td width="10%"><b>Time (seconds)</b></td>
<td><b>Instance</b></td>
</tr>
<tr>
<td title='com.ui.tests.ApiTestingPageTestSuite.TC_API_Testing_23_DuplicateEmailSubscription()'><b>TC_API_Testing_23_DuplicateEmailSubscription</b><br>Test class: com.ui.tests.ApiTestingPageTestSuite</td>
<td><div><pre>java.lang.AssertionError: BUG: Duplicate email subscription allowed - no duplicate detection implemented
	at com.ui.tests.ApiTestingPageTestSuite.TC_API_Testing_23_DuplicateEmailSubscription(ApiTestingPageTestSuite.java:818)
	at java.base/java.util.ArrayList.forEach(ArrayList.java:1596)
... Removed 26 stack frames</pre></div><a href='#' onClick='toggleBox("stack-trace197149397", this, "Click to show all stack frames", "Click to hide stack frames")'>Click to show all stack frames</a>
<div class='stack-trace' id='stack-trace197149397'><pre>java.lang.AssertionError: BUG: Duplicate email subscription allowed - no duplicate detection implemented
	at org.testng.Assert.fail(Assert.java:111)
	at com.ui.tests.ApiTestingPageTestSuite.TC_API_Testing_23_DuplicateEmailSubscription(ApiTestingPageTestSuite.java:818)
	at java.base/jdk.internal.reflect.DirectMethodHandleAccessor.invoke(DirectMethodHandleAccessor.java:103)
	at java.base/java.lang.reflect.Method.invoke(Method.java:580)
	at org.testng.internal.invokers.MethodInvocationHelper.invokeMethod(MethodInvocationHelper.java:141)
	at org.testng.internal.invokers.TestInvoker.invokeMethod(TestInvoker.java:687)
	at org.testng.internal.invokers.TestInvoker.invokeTestMethod(TestInvoker.java:230)
	at org.testng.internal.invokers.MethodRunner.runInSequence(MethodRunner.java:63)
	at org.testng.internal.invokers.TestInvoker$MethodInvocationAgent.invoke(TestInvoker.java:995)
	at org.testng.internal.invokers.TestInvoker.invokeTestMethods(TestInvoker.java:203)
	at org.testng.internal.invokers.TestMethodWorker.invokeTestMethods(TestMethodWorker.java:154)
	at org.testng.internal.invokers.TestMethodWorker.run(TestMethodWorker.java:134)
	at java.base/java.util.ArrayList.forEach(ArrayList.java:1596)
	at org.testng.TestRunner.privateRun(TestRunner.java:741)
	at org.testng.TestRunner.run(TestRunner.java:616)
	at org.testng.SuiteRunner.runTest(SuiteRunner.java:421)
	at org.testng.SuiteRunner.runSequentially(SuiteRunner.java:413)
	at org.testng.SuiteRunner.privateRun(SuiteRunner.java:373)
	at org.testng.SuiteRunner.run(SuiteRunner.java:312)
	at org.testng.SuiteRunnerWorker.runSuite(SuiteRunnerWorker.java:52)
	at org.testng.SuiteRunnerWorker.run(SuiteRunnerWorker.java:95)
	at org.testng.TestNG.runSuitesSequentially(TestNG.java:1274)
	at org.testng.TestNG.runSuitesLocally(TestNG.java:1208)
	at org.testng.TestNG.runSuites(TestNG.java:1112)
	at org.testng.TestNG.run(TestNG.java:1079)
	at org.testng.remote.AbstractRemoteTestNG.run(AbstractRemoteTestNG.java:115)
	at org.testng.remote.RemoteTestNG.initAndRun(RemoteTestNG.java:293)
	at org.testng.remote.RemoteTestNG.main(RemoteTestNG.java:91)
</pre></div></td>
<td>18</td>
<td>com.ui.tests.ApiTestingPageTestSuite@24aed80c</td></tr>
<tr>
<td title='com.ui.tests.ApiTestingPageTestSuite.TC_API_Testing_14_ScrollFunctionality()'><b>TC_API_Testing_14_ScrollFunctionality</b><br>Test class: com.ui.tests.ApiTestingPageTestSuite</td>
<td><div><pre>java.lang.AssertionError: class java.lang.Double cannot be cast to class java.lang.Long (java.lang.Double and java.lang.Long are in module java.base of loader &apos;bootstrap&apos;)
	at com.ui.tests.ApiTestingPageTestSuite.TC_API_Testing_14_ScrollFunctionality(ApiTestingPageTestSuite.java:429)
	at java.base/java.util.ArrayList.forEach(ArrayList.java:1596)
... Removed 26 stack frames</pre></div><a href='#' onClick='toggleBox("stack-trace252276535", this, "Click to show all stack frames", "Click to hide stack frames")'>Click to show all stack frames</a>
<div class='stack-trace' id='stack-trace252276535'><pre>java.lang.AssertionError: class java.lang.Double cannot be cast to class java.lang.Long (java.lang.Double and java.lang.Long are in module java.base of loader &apos;bootstrap&apos;)
	at org.testng.Assert.fail(Assert.java:111)
	at com.ui.tests.ApiTestingPageTestSuite.TC_API_Testing_14_ScrollFunctionality(ApiTestingPageTestSuite.java:429)
	at java.base/jdk.internal.reflect.DirectMethodHandleAccessor.invoke(DirectMethodHandleAccessor.java:103)
	at java.base/java.lang.reflect.Method.invoke(Method.java:580)
	at org.testng.internal.invokers.MethodInvocationHelper.invokeMethod(MethodInvocationHelper.java:141)
	at org.testng.internal.invokers.TestInvoker.invokeMethod(TestInvoker.java:687)
	at org.testng.internal.invokers.TestInvoker.invokeTestMethod(TestInvoker.java:230)
	at org.testng.internal.invokers.MethodRunner.runInSequence(MethodRunner.java:63)
	at org.testng.internal.invokers.TestInvoker$MethodInvocationAgent.invoke(TestInvoker.java:995)
	at org.testng.internal.invokers.TestInvoker.invokeTestMethods(TestInvoker.java:203)
	at org.testng.internal.invokers.TestMethodWorker.invokeTestMethods(TestMethodWorker.java:154)
	at org.testng.internal.invokers.TestMethodWorker.run(TestMethodWorker.java:134)
	at java.base/java.util.ArrayList.forEach(ArrayList.java:1596)
	at org.testng.TestRunner.privateRun(TestRunner.java:741)
	at org.testng.TestRunner.run(TestRunner.java:616)
	at org.testng.SuiteRunner.runTest(SuiteRunner.java:421)
	at org.testng.SuiteRunner.runSequentially(SuiteRunner.java:413)
	at org.testng.SuiteRunner.privateRun(SuiteRunner.java:373)
	at org.testng.SuiteRunner.run(SuiteRunner.java:312)
	at org.testng.SuiteRunnerWorker.runSuite(SuiteRunnerWorker.java:52)
	at org.testng.SuiteRunnerWorker.run(SuiteRunnerWorker.java:95)
	at org.testng.TestNG.runSuitesSequentially(TestNG.java:1274)
	at org.testng.TestNG.runSuitesLocally(TestNG.java:1208)
	at org.testng.TestNG.runSuites(TestNG.java:1112)
	at org.testng.TestNG.run(TestNG.java:1079)
	at org.testng.remote.AbstractRemoteTestNG.run(AbstractRemoteTestNG.java:115)
	at org.testng.remote.RemoteTestNG.initAndRun(RemoteTestNG.java:293)
	at org.testng.remote.RemoteTestNG.main(RemoteTestNG.java:91)
</pre></div></td>
<td>4</td>
<td>com.ui.tests.ApiTestingPageTestSuite@24aed80c</td></tr>
</table><p>
<table width='100%' border='1' class='invocation-passed'>
<tr><td colspan='4' align='center'><b>PASSED TESTS</b></td></tr>
<tr><td><b>Test method</b></td>
<td><b>Attribute(s)</b></td>
<td width="30%"><b>Exception</b></td>
<td width="10%"><b>Time (seconds)</b></td>
<td><b>Instance</b></td>
</tr>
<tr>
<td title='com.ui.tests.ApiTestingPageTestSuite.TC_API_Testing_08_APITestingIcon()'><b>TC_API_Testing_08_APITestingIcon</b><br>Test class: com.ui.tests.ApiTestingPageTestSuite</td>
<td></td>
<td>7</td>
<td>com.ui.tests.ApiTestingPageTestSuite@24aed80c</td></tr>
<tr>
<td title='com.ui.tests.ApiTestingPageTestSuite.TC_API_Testing_15_APIURLsClickable()'><b>TC_API_Testing_15_APIURLsClickable</b><br>Test class: com.ui.tests.ApiTestingPageTestSuite</td>
<td></td>
<td>10</td>
<td>com.ui.tests.ApiTestingPageTestSuite@24aed80c</td></tr>
<tr>
<td title='com.ui.tests.ApiTestingPageTestSuite.TC_API_Testing_11_SubscriptionSection()'><b>TC_API_Testing_11_SubscriptionSection</b><br>Test class: com.ui.tests.ApiTestingPageTestSuite</td>
<td></td>
<td>7</td>
<td>com.ui.tests.ApiTestingPageTestSuite@24aed80c</td></tr>
<tr>
<td title='com.ui.tests.ApiTestingPageTestSuite.TC_API_Testing_05_CartIconRedirect()'><b>TC_API_Testing_05_CartIconRedirect</b><br>Test class: com.ui.tests.ApiTestingPageTestSuite</td>
<td></td>
<td>7</td>
<td>com.ui.tests.ApiTestingPageTestSuite@24aed80c</td></tr>
<tr>
<td title='com.ui.tests.ApiTestingPageTestSuite.TC_API_Testing_02_LogoRedirect()'><b>TC_API_Testing_02_LogoRedirect</b><br>Test class: com.ui.tests.ApiTestingPageTestSuite</td>
<td></td>
<td>46</td>
<td>com.ui.tests.ApiTestingPageTestSuite@24aed80c</td></tr>
<tr>
<td title='com.ui.tests.ApiTestingPageTestSuite.TC_API_Testing_01_NavigateToAPITesting()'><b>TC_API_Testing_01_NavigateToAPITesting</b><br>Test class: com.ui.tests.ApiTestingPageTestSuite</td>
<td></td>
<td>3</td>
<td>com.ui.tests.ApiTestingPageTestSuite@24aed80c</td></tr>
<tr>
<td title='com.ui.tests.ApiTestingPageTestSuite.TC_API_Testing_09_VideoTutorialsIcon()'><b>TC_API_Testing_09_VideoTutorialsIcon</b><br>Test class: com.ui.tests.ApiTestingPageTestSuite</td>
<td></td>
<td>9</td>
<td>com.ui.tests.ApiTestingPageTestSuite@24aed80c</td></tr>
<tr>
<td title='com.ui.tests.ApiTestingPageTestSuite.TC_API_Testing_04_ProductsIconRedirect()'><b>TC_API_Testing_04_ProductsIconRedirect</b><br>Test class: com.ui.tests.ApiTestingPageTestSuite</td>
<td></td>
<td>32</td>
<td>com.ui.tests.ApiTestingPageTestSuite@24aed80c</td></tr>
<tr>
<td title='com.ui.tests.ApiTestingPageTestSuite.TC_API_Testing_13_APISectionCollapses()'><b>TC_API_Testing_13_APISectionCollapses</b><br>Test class: com.ui.tests.ApiTestingPageTestSuite</td>
<td></td>
<td>9</td>
<td>com.ui.tests.ApiTestingPageTestSuite@24aed80c</td></tr>
<tr>
<td title='com.ui.tests.ApiTestingPageTestSuite.TC_API_Testing_19_EmailWithoutAtSymbol()'><b>TC_API_Testing_19_EmailWithoutAtSymbol</b><br>Test class: com.ui.tests.ApiTestingPageTestSuite</td>
<td></td>
<td>9</td>
<td>com.ui.tests.ApiTestingPageTestSuite@24aed80c</td></tr>
<tr>
<td title='com.ui.tests.ApiTestingPageTestSuite.TC_API_Testing_10_ContactUsIcon()'><b>TC_API_Testing_10_ContactUsIcon</b><br>Test class: com.ui.tests.ApiTestingPageTestSuite</td>
<td></td>
<td>6</td>
<td>com.ui.tests.ApiTestingPageTestSuite@24aed80c</td></tr>
<tr>
<td title='com.ui.tests.ApiTestingPageTestSuite.TC_API_Testing_20_SpecialCharactersInEmail()'><b>TC_API_Testing_20_SpecialCharactersInEmail</b><br>Test class: com.ui.tests.ApiTestingPageTestSuite</td>
<td></td>
<td>7</td>
<td>com.ui.tests.ApiTestingPageTestSuite@24aed80c</td></tr>
<tr>
<td title='com.ui.tests.ApiTestingPageTestSuite.TC_API_Testing_22_EmptyEmailField()'><b>TC_API_Testing_22_EmptyEmailField</b><br>Test class: com.ui.tests.ApiTestingPageTestSuite</td>
<td></td>
<td>7</td>
<td>com.ui.tests.ApiTestingPageTestSuite@24aed80c</td></tr>
<tr>
<td title='com.ui.tests.ApiTestingPageTestSuite.TC_API_Testing_18_ValidEmailSubscription()'><b>TC_API_Testing_18_ValidEmailSubscription</b><br>Test class: com.ui.tests.ApiTestingPageTestSuite</td>
<td></td>
<td>9</td>
<td>com.ui.tests.ApiTestingPageTestSuite@24aed80c</td></tr>
<tr>
<td title='com.ui.tests.ApiTestingPageTestSuite.TC_API_Testing_21_LongEmail()'><b>TC_API_Testing_21_LongEmail</b><br>Test class: com.ui.tests.ApiTestingPageTestSuite</td>
<td></td>
<td>7</td>
<td>com.ui.tests.ApiTestingPageTestSuite@24aed80c</td></tr>
<tr>
<td title='com.ui.tests.ApiTestingPageTestSuite.TC_API_Testing_12_APISectionExpands()'><b>TC_API_Testing_12_APISectionExpands</b><br>Test class: com.ui.tests.ApiTestingPageTestSuite</td>
<td></td>
<td>7</td>
<td>com.ui.tests.ApiTestingPageTestSuite@24aed80c</td></tr>
<tr>
<td title='com.ui.tests.ApiTestingPageTestSuite.TC_API_Testing_16_ConsistentDesign()'><b>TC_API_Testing_16_ConsistentDesign</b><br>Test class: com.ui.tests.ApiTestingPageTestSuite</td>
<td></td>
<td>4</td>
<td>com.ui.tests.ApiTestingPageTestSuite@24aed80c</td></tr>
<tr>
<td title='com.ui.tests.ApiTestingPageTestSuite.TC_API_Testing_03_HomeIconRedirect()'><b>TC_API_Testing_03_HomeIconRedirect</b><br>Test class: com.ui.tests.ApiTestingPageTestSuite</td>
<td></td>
<td>33</td>
<td>com.ui.tests.ApiTestingPageTestSuite@24aed80c</td></tr>
<tr>
<td title='com.ui.tests.ApiTestingPageTestSuite.TC_API_Testing_07_TestCasesIconRedirect()'><b>TC_API_Testing_07_TestCasesIconRedirect</b><br>Test class: com.ui.tests.ApiTestingPageTestSuite</td>
<td></td>
<td>8</td>
<td>com.ui.tests.ApiTestingPageTestSuite@24aed80c</td></tr>
<tr>
<td title='com.ui.tests.ApiTestingPageTestSuite.TC_API_Testing_17_RightClickNewTab()'><b>TC_API_Testing_17_RightClickNewTab</b><br>Test class: com.ui.tests.ApiTestingPageTestSuite</td>
<td></td>
<td>7</td>
<td>com.ui.tests.ApiTestingPageTestSuite@24aed80c</td></tr>
<tr>
<td title='com.ui.tests.ApiTestingPageTestSuite.TC_API_Testing_06_SignupLoginIcon()'><b>TC_API_Testing_06_SignupLoginIcon</b><br>Test class: com.ui.tests.ApiTestingPageTestSuite</td>
<td></td>
<td>6</td>
<td>com.ui.tests.ApiTestingPageTestSuite@24aed80c</td></tr>
</table><p>
</body>
</html>