<?xml version="1.0" encoding="UTF-8"?>
<!-- Generated by org.testng.reporters.JUnitXMLReporter -->
<testsuite ignored="0" hostname="LAPTOP-LK1GIISB" failures="1" tests="16" name="CartPageTest" time="672.302" errors="0" timestamp="2025-09-08T12:44:48 IST">
  <testcase classname="com.ui.tests.CartPageTest" name="tc_cart_1_homeTab" time="3.996"/>
  <testcase classname="com.ui.tests.CartPageTest" name="tc_cart_2_productsTab" time="3.159"/>
  <testcase classname="com.ui.tests.CartPageTest" name="tc_cart_3_cartTab" time="1.719"/>
  <testcase classname="com.ui.tests.CartPageTest" name="tc_cart_4_loginTabOrLoggedInAs" time="0.021"/>
  <testcase classname="com.ui.tests.CartPageTest" name="tc_cart_5_testCasesTab" time="2.123"/>
  <testcase classname="com.ui.tests.CartPageTest" name="tc_cart_6_apiTab" time="2.021"/>
  <testcase classname="com.ui.tests.CartPageTest" name="tc_cart_7_contactUsTab" time="1.105"/>
  <testcase classname="com.ui.tests.CartPageTest" name="tc_cart_8_contactUsIconFromCart" time="3.751"/>
  <testcase classname="com.ui.tests.CartPageTest" name="tc_cart_9_homeButtonFromCart" time="1.985"/>
  <testcase classname="com.ui.tests.CartPageTest" name="tc_cart_10_emailSubscriptionValid" time="1.345">
    <failure type="org.openqa.selenium.WebDriverException" message="unknown error: unhandled inspector error: {&amp;quot;code&amp;quot;:-32000,&amp;quot;message&amp;quot;:&amp;quot;Node with given id does not belong to the document&amp;quot;}
  (Session info: chrome=139.0.7258.155)
Build info: version: &amp;apos;4.35.0&amp;apos;, revision: &amp;apos;1c58e5028b&amp;apos;
System info: os.name: &amp;apos;Windows 11&amp;apos;, os.arch: &amp;apos;amd64&amp;apos;, os.version: &amp;apos;10.0&amp;apos;, java.version: &amp;apos;21.0.7&amp;apos;
Driver info: org.openqa.selenium.chrome.ChromeDriver
Command: [6a48c38404cd4ec02b14ab203323a181, clearElement {id=f.D9124661CEF55E3D181F543154856800.d.E3563B729919530E0B4715C8DB36A58D.e.12596}]
Capabilities {acceptInsecureCerts: false, browserName: chrome, browserVersion: 139.0.7258.155, chrome: {chromedriverVersion: 139.0.7258.154 (9e0d6b2b47f..., userDataDir: C:\Users\KEERTH~1\AppData\L...}, fedcm:accounts: true, goog:chromeOptions: {debuggerAddress: localhost:50736}, networkConnectionEnabled: false, pageLoadStrategy: normal, platformName: windows, proxy: Proxy(), se:cdp: ws://localhost:50736/devtoo..., se:cdpVersion: 139.0.7258.155, setWindowRect: true, strictFileInteractability: false, timeouts: {implicit: 0, pageLoad: 300000, script: 30000}, unhandledPromptBehavior: dismiss and notify, webauthn:extension:credBlob: true, webauthn:extension:largeBlob: true, webauthn:extension:minPinLength: true, webauthn:extension:prf: true, webauthn:virtualAuthenticators: true}
Element: [[ChromeDriver: chrome on windows (6a48c38404cd4ec02b14ab203323a181)] -&amp;gt; css selector: input[type=&amp;apos;email&amp;apos;]]
Session ID: 6a48c38404cd4ec02b14ab203323a181">
      <![CDATA[org.openqa.selenium.WebDriverException: unknown error: unhandled inspector error: {"code":-32000,"message":"Node with given id does not belong to the document"}
  (Session info: chrome=139.0.7258.155)
Build info: version: '4.35.0', revision: '1c58e5028b'
System info: os.name: 'Windows 11', os.arch: 'amd64', os.version: '10.0', java.version: '21.0.7'
Driver info: org.openqa.selenium.chrome.ChromeDriver
Command: [6a48c38404cd4ec02b14ab203323a181, clearElement {id=f.D9124661CEF55E3D181F543154856800.d.E3563B729919530E0B4715C8DB36A58D.e.12596}]
Capabilities {acceptInsecureCerts: false, browserName: chrome, browserVersion: 139.0.7258.155, chrome: {chromedriverVersion: 139.0.7258.154 (9e0d6b2b47f..., userDataDir: C:\Users\KEERTH~1\AppData\L...}, fedcm:accounts: true, goog:chromeOptions: {debuggerAddress: localhost:50736}, networkConnectionEnabled: false, pageLoadStrategy: normal, platformName: windows, proxy: Proxy(), se:cdp: ws://localhost:50736/devtoo..., se:cdpVersion: 139.0.7258.155, setWindowRect: true, strictFileInteractability: false, timeouts: {implicit: 0, pageLoad: 300000, script: 30000}, unhandledPromptBehavior: dismiss and notify, webauthn:extension:credBlob: true, webauthn:extension:largeBlob: true, webauthn:extension:minPinLength: true, webauthn:extension:prf: true, webauthn:virtualAuthenticators: true}
Element: [[ChromeDriver: chrome on windows (6a48c38404cd4ec02b14ab203323a181)] -> css selector: input[type='email']]
Session ID: 6a48c38404cd4ec02b14ab203323a181
at org.openqa.selenium.remote.ErrorCodec.decode(ErrorCodec.java:167)
at org.openqa.selenium.remote.codec.w3c.W3CHttpResponseCodec.decode(W3CHttpResponseCodec.java:138)
at org.openqa.selenium.remote.codec.w3c.W3CHttpResponseCodec.decode(W3CHttpResponseCodec.java:50)
at org.openqa.selenium.remote.HttpCommandExecutor.execute(HttpCommandExecutor.java:215)
at org.openqa.selenium.remote.service.DriverCommandExecutor.invokeExecute(DriverCommandExecutor.java:216)
at org.openqa.selenium.remote.service.DriverCommandExecutor.execute(DriverCommandExecutor.java:174)
at org.openqa.selenium.remote.RemoteWebDriver.execute(RemoteWebDriver.java:557)
at org.openqa.selenium.remote.RemoteWebElement.execute(RemoteWebElement.java:223)
at org.openqa.selenium.remote.RemoteWebElement.clear(RemoteWebElement.java:129)
at com.ui.tests.CartPageTest.tc_cart_10_emailSubscriptionValid(CartPageTest.java:208)
at java.base/java.util.ArrayList.forEach(ArrayList.java:1596)
... Removed 28 stack frames]]>
    </failure>
  </testcase> <!-- tc_cart_10_emailSubscriptionValid -->
  <testcase classname="com.ui.tests.CartPageTest" name="tc_cart_11_emailSubscriptionInvalid" time="2.663"/>
  <testcase classname="com.ui.tests.CartPageTest" name="tc_cart_12_proceedToCheckoutButton" time="1.985"/>
  <testcase classname="com.ui.tests.CartPageTest" name="tc_cart_13_removeFromCartButton" time="8.313"/>
  <testcase classname="com.ui.tests.CartPageTest" name="tc_cart_14_verifyProductDetails" time="1.351"/>
  <testcase classname="com.ui.tests.CartPageTest" name="tc_cart_15_accessibleFromHome" time="4.71"/>
  <testcase classname="com.ui.tests.CartPageTest" name="tc_cart_20_checkoutRedirectIfNotLoggedIn" time="13.994"/>
</testsuite> <!-- CartPageTest -->
