<?xml version="1.0" encoding="UTF-8"?>
<!-- Generated by org.testng.reporters.JUnitXMLReporter -->
<testsuite ignored="0" hostname="LAPTOP-LK1GIISB" failures="7" tests="33" name="ContactUsTest" time="211.191" errors="0" timestamp="2025-09-08T14:06:07 IST">
  <testcase classname="com.ui.tests.ContactUsPageTestSuite" name="TC_Contact_Us_1_NavigateToContactUs" time="7.579"/>
  <testcase classname="com.ui.tests.ContactUsPageTestSuite" name="TC_Contact_Us_2_ProductsIcon" time="13.761"/>
  <testcase classname="com.ui.tests.ContactUsPageTestSuite" name="TC_Contact_Us_3_CartIcon" time="11.115"/>
  <testcase classname="com.ui.tests.ContactUsPageTestSuite" name="TC_Contact_Us_4_SignupLoginIcon" time="7.85"/>
  <testcase classname="com.ui.tests.ContactUsPageTestSuite" name="TC_Contact_Us_5_TestCasesIcon" time="7.693"/>
  <testcase classname="com.ui.tests.ContactUsPageTestSuite" name="TC_Contact_Us_6_APITestingIcon" time="6.825"/>
  <testcase classname="com.ui.tests.ContactUsPageTestSuite" name="TC_Contact_Us_7_VideoTutorialsIcon" time="9.743"/>
  <testcase classname="com.ui.tests.ContactUsPageTestSuite" name="TC_Contact_Us_8_ContactUsIcon" time="4.506"/>
  <testcase classname="com.ui.tests.ContactUsPageTestSuite" name="TC_Contact_Us_9_WebsiteLogo" time="0.039"/>
  <testcase classname="com.ui.tests.ContactUsPageTestSuite" name="TC_Contact_Us_10_GetInTouchForm" time="0.034"/>
  <testcase classname="com.ui.tests.ContactUsPageTestSuite" name="TC_Contact_Us_11_NameFieldInput" time="0.732"/>
  <testcase classname="com.ui.tests.ContactUsPageTestSuite" name="TC_Contact_Us_12_ValidEmailInput" time="0.688"/>
  <testcase classname="com.ui.tests.ContactUsPageTestSuite" name="TC_Contact_Us_13_InvalidEmailInput" time="1.841"/>
  <testcase classname="com.ui.tests.ContactUsPageTestSuite" name="TC_Contact_Us_14_SubjectFieldInput" time="0.695"/>
  <testcase classname="com.ui.tests.ContactUsPageTestSuite" name="TC_Contact_Us_15_MessageFieldInput" time="0.681"/>
  <testcase classname="com.ui.tests.ContactUsPageTestSuite" name="TC_Contact_Us_16_FileUpload" time="0.593"/>
  <testcase classname="com.ui.tests.ContactUsPageTestSuite" name="TC_Contact_Us_17_SendButtonEnabled" time="3.865"/>
  <testcase classname="com.ui.tests.ContactUsPageTestSuite" name="TC_Contact_Us_18_FormSubmissionValid" time="6.769">
    <failure type="java.lang.AssertionError" message="unexpected alert open: {Alert text : Press OK to proceed!}
  (Session info: chrome=139.0.7258.155): Press OK to proceed!
Build info: version: &amp;apos;4.35.0&amp;apos;, revision: &amp;apos;1c58e5028b&amp;apos;
System info: os.name: &amp;apos;Windows 11&amp;apos;, os.arch: &amp;apos;amd64&amp;apos;, os.version: &amp;apos;10.0&amp;apos;, java.version: &amp;apos;21.0.7&amp;apos;
Driver info: org.openqa.selenium.chrome.ChromeDriver
Command: [4fcc0a1e89232d01fbf9e105e7fba52c, getPageSource {}]
Capabilities {acceptInsecureCerts: false, browserName: chrome, browserVersion: 139.0.7258.155, chrome: {chromedriverVersion: 139.0.7258.154 (9e0d6b2b47f..., userDataDir: C:\Users\KEERTH~1\AppData\L...}, fedcm:accounts: true, goog:chromeOptions: {debuggerAddress: localhost:51547}, networkConnectionEnabled: false, pageLoadStrategy: normal, platformName: windows, proxy: Proxy(), se:cdp: ws://localhost:51547/devtoo..., se:cdpVersion: 139.0.7258.155, setWindowRect: true, strictFileInteractability: false, timeouts: {implicit: 0, pageLoad: 300000, script: 30000}, unhandledPromptBehavior: dismiss and notify, webauthn:extension:credBlob: true, webauthn:extension:largeBlob: true, webauthn:extension:minPinLength: true, webauthn:extension:prf: true, webauthn:virtualAuthenticators: true}
Session ID: 4fcc0a1e89232d01fbf9e105e7fba52c">
      <![CDATA[java.lang.AssertionError: unexpected alert open: {Alert text : Press OK to proceed!}
  (Session info: chrome=139.0.7258.155): Press OK to proceed!
Build info: version: '4.35.0', revision: '1c58e5028b'
System info: os.name: 'Windows 11', os.arch: 'amd64', os.version: '10.0', java.version: '21.0.7'
Driver info: org.openqa.selenium.chrome.ChromeDriver
Command: [4fcc0a1e89232d01fbf9e105e7fba52c, getPageSource {}]
Capabilities {acceptInsecureCerts: false, browserName: chrome, browserVersion: 139.0.7258.155, chrome: {chromedriverVersion: 139.0.7258.154 (9e0d6b2b47f..., userDataDir: C:\Users\KEERTH~1\AppData\L...}, fedcm:accounts: true, goog:chromeOptions: {debuggerAddress: localhost:51547}, networkConnectionEnabled: false, pageLoadStrategy: normal, platformName: windows, proxy: Proxy(), se:cdp: ws://localhost:51547/devtoo..., se:cdpVersion: 139.0.7258.155, setWindowRect: true, strictFileInteractability: false, timeouts: {implicit: 0, pageLoad: 300000, script: 30000}, unhandledPromptBehavior: dismiss and notify, webauthn:extension:credBlob: true, webauthn:extension:largeBlob: true, webauthn:extension:minPinLength: true, webauthn:extension:prf: true, webauthn:virtualAuthenticators: true}
Session ID: 4fcc0a1e89232d01fbf9e105e7fba52c
at com.ui.tests.ContactUsPageTestSuite.TC_Contact_Us_18_FormSubmissionValid(ContactUsPageTestSuite.java:472)
at java.base/java.util.ArrayList.forEach(ArrayList.java:1596)
... Removed 26 stack frames]]>
    </failure>
  </testcase> <!-- TC_Contact_Us_18_FormSubmissionValid -->
  <testcase classname="com.ui.tests.ContactUsPageTestSuite" name="TC_Contact_Us_19_AlertAfterSubmission" time="5.842"/>
  <testcase classname="com.ui.tests.ContactUsPageTestSuite" name="TC_Contact_Us_20_FooterVisible" time="3.866"/>
  <testcase classname="com.ui.tests.ContactUsPageTestSuite" name="TC_Contact_Us_21_SubscriptionFieldVisible" time="1.102"/>
  <testcase classname="com.ui.tests.ContactUsPageTestSuite" name="TC_Contact_Us_22_SubscriptionValidEmail" time="5.114"/>
  <testcase classname="com.ui.tests.ContactUsPageTestSuite" name="TC_Contact_Us_23_SubscriptionInvalidEmail" time="6.132">
    <failure type="java.lang.AssertionError" message="BUG: Invalid email &amp;apos;invalid mail&amp;apos; was accepted for subscription - proper email validation is missing">
      <![CDATA[java.lang.AssertionError: BUG: Invalid email 'invalid mail' was accepted for subscription - proper email validation is missing
at com.ui.tests.ContactUsPageTestSuite.TC_Contact_Us_23_SubscriptionInvalidEmail(ContactUsPageTestSuite.java:606)
at java.base/java.util.ArrayList.forEach(ArrayList.java:1596)
... Removed 26 stack frames]]>
    </failure>
  </testcase> <!-- TC_Contact_Us_23_SubscriptionInvalidEmail -->
  <testcase classname="com.ui.tests.ContactUsPageTestSuite" name="TC_Contact_Us_24_ScrollBarPresence" time="4.644"/>
  <testcase classname="com.ui.tests.ContactUsPageTestSuite" name="TC_Contact_Us_25_HomeIconRedirect" time="8.993"/>
  <testcase classname="com.ui.tests.ContactUsPageTestSuite" name="TC_Contact_Us_26_LogoRedirect" time="7.047"/>
  <testcase classname="com.ui.tests.ContactUsPageTestSuite" name="TC_Contact_Us_27_BlankNameValidation" time="7.239">
    <failure type="java.lang.AssertionError" message="unexpected alert open: {Alert text : Press OK to proceed!}
  (Session info: chrome=139.0.7258.155): Press OK to proceed!
Build info: version: &amp;apos;4.35.0&amp;apos;, revision: &amp;apos;1c58e5028b&amp;apos;
System info: os.name: &amp;apos;Windows 11&amp;apos;, os.arch: &amp;apos;amd64&amp;apos;, os.version: &amp;apos;10.0&amp;apos;, java.version: &amp;apos;21.0.7&amp;apos;
Driver info: org.openqa.selenium.chrome.ChromeDriver
Command: [4fcc0a1e89232d01fbf9e105e7fba52c, getPageSource {}]
Capabilities {acceptInsecureCerts: false, browserName: chrome, browserVersion: 139.0.7258.155, chrome: {chromedriverVersion: 139.0.7258.154 (9e0d6b2b47f..., userDataDir: C:\Users\KEERTH~1\AppData\L...}, fedcm:accounts: true, goog:chromeOptions: {debuggerAddress: localhost:51547}, networkConnectionEnabled: false, pageLoadStrategy: normal, platformName: windows, proxy: Proxy(), se:cdp: ws://localhost:51547/devtoo..., se:cdpVersion: 139.0.7258.155, setWindowRect: true, strictFileInteractability: false, timeouts: {implicit: 0, pageLoad: 300000, script: 30000}, unhandledPromptBehavior: dismiss and notify, webauthn:extension:credBlob: true, webauthn:extension:largeBlob: true, webauthn:extension:minPinLength: true, webauthn:extension:prf: true, webauthn:virtualAuthenticators: true}
Session ID: 4fcc0a1e89232d01fbf9e105e7fba52c">
      <![CDATA[java.lang.AssertionError: unexpected alert open: {Alert text : Press OK to proceed!}
  (Session info: chrome=139.0.7258.155): Press OK to proceed!
Build info: version: '4.35.0', revision: '1c58e5028b'
System info: os.name: 'Windows 11', os.arch: 'amd64', os.version: '10.0', java.version: '21.0.7'
Driver info: org.openqa.selenium.chrome.ChromeDriver
Command: [4fcc0a1e89232d01fbf9e105e7fba52c, getPageSource {}]
Capabilities {acceptInsecureCerts: false, browserName: chrome, browserVersion: 139.0.7258.155, chrome: {chromedriverVersion: 139.0.7258.154 (9e0d6b2b47f..., userDataDir: C:\Users\KEERTH~1\AppData\L...}, fedcm:accounts: true, goog:chromeOptions: {debuggerAddress: localhost:51547}, networkConnectionEnabled: false, pageLoadStrategy: normal, platformName: windows, proxy: Proxy(), se:cdp: ws://localhost:51547/devtoo..., se:cdpVersion: 139.0.7258.155, setWindowRect: true, strictFileInteractability: false, timeouts: {implicit: 0, pageLoad: 300000, script: 30000}, unhandledPromptBehavior: dismiss and notify, webauthn:extension:credBlob: true, webauthn:extension:largeBlob: true, webauthn:extension:minPinLength: true, webauthn:extension:prf: true, webauthn:virtualAuthenticators: true}
Session ID: 4fcc0a1e89232d01fbf9e105e7fba52c
at com.ui.tests.ContactUsPageTestSuite.TC_Contact_Us_27_BlankNameValidation(ContactUsPageTestSuite.java:724)
at java.base/java.util.ArrayList.forEach(ArrayList.java:1596)
... Removed 26 stack frames]]>
    </failure>
  </testcase> <!-- TC_Contact_Us_27_BlankNameValidation -->
  <testcase classname="com.ui.tests.ContactUsPageTestSuite" name="TC_Contact_Us_28_BlankEmailValidation" time="6.366"/>
  <testcase classname="com.ui.tests.ContactUsPageTestSuite" name="TC_Contact_Us_29_BlankSubjectValidation" time="5.024">
    <failure type="java.lang.AssertionError" message="unexpected alert open: {Alert text : Press OK to proceed!}
  (Session info: chrome=139.0.7258.155): Press OK to proceed!
Build info: version: &amp;apos;4.35.0&amp;apos;, revision: &amp;apos;1c58e5028b&amp;apos;
System info: os.name: &amp;apos;Windows 11&amp;apos;, os.arch: &amp;apos;amd64&amp;apos;, os.version: &amp;apos;10.0&amp;apos;, java.version: &amp;apos;21.0.7&amp;apos;
Driver info: org.openqa.selenium.chrome.ChromeDriver
Command: [4fcc0a1e89232d01fbf9e105e7fba52c, getPageSource {}]
Capabilities {acceptInsecureCerts: false, browserName: chrome, browserVersion: 139.0.7258.155, chrome: {chromedriverVersion: 139.0.7258.154 (9e0d6b2b47f..., userDataDir: C:\Users\KEERTH~1\AppData\L...}, fedcm:accounts: true, goog:chromeOptions: {debuggerAddress: localhost:51547}, networkConnectionEnabled: false, pageLoadStrategy: normal, platformName: windows, proxy: Proxy(), se:cdp: ws://localhost:51547/devtoo..., se:cdpVersion: 139.0.7258.155, setWindowRect: true, strictFileInteractability: false, timeouts: {implicit: 0, pageLoad: 300000, script: 30000}, unhandledPromptBehavior: dismiss and notify, webauthn:extension:credBlob: true, webauthn:extension:largeBlob: true, webauthn:extension:minPinLength: true, webauthn:extension:prf: true, webauthn:virtualAuthenticators: true}
Session ID: 4fcc0a1e89232d01fbf9e105e7fba52c">
      <![CDATA[java.lang.AssertionError: unexpected alert open: {Alert text : Press OK to proceed!}
  (Session info: chrome=139.0.7258.155): Press OK to proceed!
Build info: version: '4.35.0', revision: '1c58e5028b'
System info: os.name: 'Windows 11', os.arch: 'amd64', os.version: '10.0', java.version: '21.0.7'
Driver info: org.openqa.selenium.chrome.ChromeDriver
Command: [4fcc0a1e89232d01fbf9e105e7fba52c, getPageSource {}]
Capabilities {acceptInsecureCerts: false, browserName: chrome, browserVersion: 139.0.7258.155, chrome: {chromedriverVersion: 139.0.7258.154 (9e0d6b2b47f..., userDataDir: C:\Users\KEERTH~1\AppData\L...}, fedcm:accounts: true, goog:chromeOptions: {debuggerAddress: localhost:51547}, networkConnectionEnabled: false, pageLoadStrategy: normal, platformName: windows, proxy: Proxy(), se:cdp: ws://localhost:51547/devtoo..., se:cdpVersion: 139.0.7258.155, setWindowRect: true, strictFileInteractability: false, timeouts: {implicit: 0, pageLoad: 300000, script: 30000}, unhandledPromptBehavior: dismiss and notify, webauthn:extension:credBlob: true, webauthn:extension:largeBlob: true, webauthn:extension:minPinLength: true, webauthn:extension:prf: true, webauthn:virtualAuthenticators: true}
Session ID: 4fcc0a1e89232d01fbf9e105e7fba52c
at com.ui.tests.ContactUsPageTestSuite.TC_Contact_Us_29_BlankSubjectValidation(ContactUsPageTestSuite.java:803)
at java.base/java.util.ArrayList.forEach(ArrayList.java:1596)
... Removed 26 stack frames]]>
    </failure>
  </testcase> <!-- TC_Contact_Us_29_BlankSubjectValidation -->
  <testcase classname="com.ui.tests.ContactUsPageTestSuite" name="TC_Contact_Us_30_BlankMessageValidation" time="6.122">
    <failure type="java.lang.AssertionError" message="unexpected alert open: {Alert text : Press OK to proceed!}
  (Session info: chrome=139.0.7258.155): Press OK to proceed!
Build info: version: &amp;apos;4.35.0&amp;apos;, revision: &amp;apos;1c58e5028b&amp;apos;
System info: os.name: &amp;apos;Windows 11&amp;apos;, os.arch: &amp;apos;amd64&amp;apos;, os.version: &amp;apos;10.0&amp;apos;, java.version: &amp;apos;21.0.7&amp;apos;
Driver info: org.openqa.selenium.chrome.ChromeDriver
Command: [4fcc0a1e89232d01fbf9e105e7fba52c, getPageSource {}]
Capabilities {acceptInsecureCerts: false, browserName: chrome, browserVersion: 139.0.7258.155, chrome: {chromedriverVersion: 139.0.7258.154 (9e0d6b2b47f..., userDataDir: C:\Users\KEERTH~1\AppData\L...}, fedcm:accounts: true, goog:chromeOptions: {debuggerAddress: localhost:51547}, networkConnectionEnabled: false, pageLoadStrategy: normal, platformName: windows, proxy: Proxy(), se:cdp: ws://localhost:51547/devtoo..., se:cdpVersion: 139.0.7258.155, setWindowRect: true, strictFileInteractability: false, timeouts: {implicit: 0, pageLoad: 300000, script: 30000}, unhandledPromptBehavior: dismiss and notify, webauthn:extension:credBlob: true, webauthn:extension:largeBlob: true, webauthn:extension:minPinLength: true, webauthn:extension:prf: true, webauthn:virtualAuthenticators: true}
Session ID: 4fcc0a1e89232d01fbf9e105e7fba52c">
      <![CDATA[java.lang.AssertionError: unexpected alert open: {Alert text : Press OK to proceed!}
  (Session info: chrome=139.0.7258.155): Press OK to proceed!
Build info: version: '4.35.0', revision: '1c58e5028b'
System info: os.name: 'Windows 11', os.arch: 'amd64', os.version: '10.0', java.version: '21.0.7'
Driver info: org.openqa.selenium.chrome.ChromeDriver
Command: [4fcc0a1e89232d01fbf9e105e7fba52c, getPageSource {}]
Capabilities {acceptInsecureCerts: false, browserName: chrome, browserVersion: 139.0.7258.155, chrome: {chromedriverVersion: 139.0.7258.154 (9e0d6b2b47f..., userDataDir: C:\Users\KEERTH~1\AppData\L...}, fedcm:accounts: true, goog:chromeOptions: {debuggerAddress: localhost:51547}, networkConnectionEnabled: false, pageLoadStrategy: normal, platformName: windows, proxy: Proxy(), se:cdp: ws://localhost:51547/devtoo..., se:cdpVersion: 139.0.7258.155, setWindowRect: true, strictFileInteractability: false, timeouts: {implicit: 0, pageLoad: 300000, script: 30000}, unhandledPromptBehavior: dismiss and notify, webauthn:extension:credBlob: true, webauthn:extension:largeBlob: true, webauthn:extension:minPinLength: true, webauthn:extension:prf: true, webauthn:virtualAuthenticators: true}
Session ID: 4fcc0a1e89232d01fbf9e105e7fba52c
at com.ui.tests.ContactUsPageTestSuite.TC_Contact_Us_30_BlankMessageValidation(ContactUsPageTestSuite.java:844)
at java.base/java.util.ArrayList.forEach(ArrayList.java:1596)
... Removed 26 stack frames]]>
    </failure>
  </testcase> <!-- TC_Contact_Us_30_BlankMessageValidation -->
  <testcase classname="com.ui.tests.ContactUsPageTestSuite" name="TC_Contact_Us_31_AllFieldsBlankExceptEmail" time="5.427">
    <failure type="java.lang.AssertionError" message="unexpected alert open: {Alert text : Press OK to proceed!}
  (Session info: chrome=139.0.7258.155): Press OK to proceed!
Build info: version: &amp;apos;4.35.0&amp;apos;, revision: &amp;apos;1c58e5028b&amp;apos;
System info: os.name: &amp;apos;Windows 11&amp;apos;, os.arch: &amp;apos;amd64&amp;apos;, os.version: &amp;apos;10.0&amp;apos;, java.version: &amp;apos;21.0.7&amp;apos;
Driver info: org.openqa.selenium.chrome.ChromeDriver
Command: [4fcc0a1e89232d01fbf9e105e7fba52c, getPageSource {}]
Capabilities {acceptInsecureCerts: false, browserName: chrome, browserVersion: 139.0.7258.155, chrome: {chromedriverVersion: 139.0.7258.154 (9e0d6b2b47f..., userDataDir: C:\Users\KEERTH~1\AppData\L...}, fedcm:accounts: true, goog:chromeOptions: {debuggerAddress: localhost:51547}, networkConnectionEnabled: false, pageLoadStrategy: normal, platformName: windows, proxy: Proxy(), se:cdp: ws://localhost:51547/devtoo..., se:cdpVersion: 139.0.7258.155, setWindowRect: true, strictFileInteractability: false, timeouts: {implicit: 0, pageLoad: 300000, script: 30000}, unhandledPromptBehavior: dismiss and notify, webauthn:extension:credBlob: true, webauthn:extension:largeBlob: true, webauthn:extension:minPinLength: true, webauthn:extension:prf: true, webauthn:virtualAuthenticators: true}
Session ID: 4fcc0a1e89232d01fbf9e105e7fba52c">
      <![CDATA[java.lang.AssertionError: unexpected alert open: {Alert text : Press OK to proceed!}
  (Session info: chrome=139.0.7258.155): Press OK to proceed!
Build info: version: '4.35.0', revision: '1c58e5028b'
System info: os.name: 'Windows 11', os.arch: 'amd64', os.version: '10.0', java.version: '21.0.7'
Driver info: org.openqa.selenium.chrome.ChromeDriver
Command: [4fcc0a1e89232d01fbf9e105e7fba52c, getPageSource {}]
Capabilities {acceptInsecureCerts: false, browserName: chrome, browserVersion: 139.0.7258.155, chrome: {chromedriverVersion: 139.0.7258.154 (9e0d6b2b47f..., userDataDir: C:\Users\KEERTH~1\AppData\L...}, fedcm:accounts: true, goog:chromeOptions: {debuggerAddress: localhost:51547}, networkConnectionEnabled: false, pageLoadStrategy: normal, platformName: windows, proxy: Proxy(), se:cdp: ws://localhost:51547/devtoo..., se:cdpVersion: 139.0.7258.155, setWindowRect: true, strictFileInteractability: false, timeouts: {implicit: 0, pageLoad: 300000, script: 30000}, unhandledPromptBehavior: dismiss and notify, webauthn:extension:credBlob: true, webauthn:extension:largeBlob: true, webauthn:extension:minPinLength: true, webauthn:extension:prf: true, webauthn:virtualAuthenticators: true}
Session ID: 4fcc0a1e89232d01fbf9e105e7fba52c
at com.ui.tests.ContactUsPageTestSuite.TC_Contact_Us_31_AllFieldsBlankExceptEmail(ContactUsPageTestSuite.java:882)
at java.base/java.util.ArrayList.forEach(ArrayList.java:1596)
... Removed 26 stack frames]]>
    </failure>
  </testcase> <!-- TC_Contact_Us_31_AllFieldsBlankExceptEmail -->
  <testcase classname="com.ui.tests.ContactUsPageTestSuite" name="TC_Contact_Us_32_FormSubmissionWithoutFile" time="13.896">
    <failure type="java.lang.AssertionError" message="Exception during test: unexpected alert open: {Alert text : Press OK to proceed!}
  (Session info: chrome=139.0.7258.155): Press OK to proceed!
Build info: version: &amp;apos;4.35.0&amp;apos;, revision: &amp;apos;1c58e5028b&amp;apos;
System info: os.name: &amp;apos;Windows 11&amp;apos;, os.arch: &amp;apos;amd64&amp;apos;, os.version: &amp;apos;10.0&amp;apos;, java.version: &amp;apos;21.0.7&amp;apos;
Driver info: org.openqa.selenium.chrome.ChromeDriver
Command: [4fcc0a1e89232d01fbf9e105e7fba52c, getPageSource {}]
Capabilities {acceptInsecureCerts: false, browserName: chrome, browserVersion: 139.0.7258.155, chrome: {chromedriverVersion: 139.0.7258.154 (9e0d6b2b47f..., userDataDir: C:\Users\KEERTH~1\AppData\L...}, fedcm:accounts: true, goog:chromeOptions: {debuggerAddress: localhost:51547}, networkConnectionEnabled: false, pageLoadStrategy: normal, platformName: windows, proxy: Proxy(), se:cdp: ws://localhost:51547/devtoo..., se:cdpVersion: 139.0.7258.155, setWindowRect: true, strictFileInteractability: false, timeouts: {implicit: 0, pageLoad: 300000, script: 30000}, unhandledPromptBehavior: dismiss and notify, webauthn:extension:credBlob: true, webauthn:extension:largeBlob: true, webauthn:extension:minPinLength: true, webauthn:extension:prf: true, webauthn:virtualAuthenticators: true}
Session ID: 4fcc0a1e89232d01fbf9e105e7fba52c">
      <![CDATA[java.lang.AssertionError: Exception during test: unexpected alert open: {Alert text : Press OK to proceed!}
  (Session info: chrome=139.0.7258.155): Press OK to proceed!
Build info: version: '4.35.0', revision: '1c58e5028b'
System info: os.name: 'Windows 11', os.arch: 'amd64', os.version: '10.0', java.version: '21.0.7'
Driver info: org.openqa.selenium.chrome.ChromeDriver
Command: [4fcc0a1e89232d01fbf9e105e7fba52c, getPageSource {}]
Capabilities {acceptInsecureCerts: false, browserName: chrome, browserVersion: 139.0.7258.155, chrome: {chromedriverVersion: 139.0.7258.154 (9e0d6b2b47f..., userDataDir: C:\Users\KEERTH~1\AppData\L...}, fedcm:accounts: true, goog:chromeOptions: {debuggerAddress: localhost:51547}, networkConnectionEnabled: false, pageLoadStrategy: normal, platformName: windows, proxy: Proxy(), se:cdp: ws://localhost:51547/devtoo..., se:cdpVersion: 139.0.7258.155, setWindowRect: true, strictFileInteractability: false, timeouts: {implicit: 0, pageLoad: 300000, script: 30000}, unhandledPromptBehavior: dismiss and notify, webauthn:extension:credBlob: true, webauthn:extension:largeBlob: true, webauthn:extension:minPinLength: true, webauthn:extension:prf: true, webauthn:virtualAuthenticators: true}
Session ID: 4fcc0a1e89232d01fbf9e105e7fba52c
at com.ui.tests.ContactUsPageTestSuite.TC_Contact_Us_32_FormSubmissionWithoutFile(ContactUsPageTestSuite.java:945)
at java.base/java.util.ArrayList.forEach(ArrayList.java:1596)
... Removed 26 stack frames]]>
    </failure>
  </testcase> <!-- TC_Contact_Us_32_FormSubmissionWithoutFile -->
  <testcase classname="com.ui.tests.ContactUsPageTestSuite" name="TC_Contact_Us_33_FeedbackEmailLink" time="3.909"/>
</testsuite> <!-- ContactUsTest -->
