<?xml version="1.0" encoding="UTF-8"?>
<!-- Generated by org.testng.reporters.JUnitReportReporter -->
<testsuite hostname="LAPTOP-LK1GIISB" failures="0" tests="16" name="com.ui.tests.CartPageTest" time="190.246" errors="1" timestamp="2025-09-10T19:06:33 IST" skipped="0">
  <testcase classname="com.ui.tests.CartPageTest" name="tc_cart_1_homeTab" time="28.211"/>
  <testcase classname="com.ui.tests.CartPageTest" name="tc_cart_2_productsTab" time="30.991"/>
  <testcase classname="com.ui.tests.CartPageTest" name="tc_cart_3_cartTab" time="5.676"/>
  <testcase classname="com.ui.tests.CartPageTest" name="tc_cart_4_loginTabOrLoggedInAs" time="0.043"/>
  <testcase classname="com.ui.tests.CartPageTest" name="tc_cart_5_testCasesTab" time="7.879"/>
  <testcase classname="com.ui.tests.CartPageTest" name="tc_cart_6_apiTab" time="7.541"/>
  <testcase classname="com.ui.tests.CartPageTest" name="tc_cart_7_contactUsTab" time="8.436"/>
  <testcase classname="com.ui.tests.CartPageTest" name="tc_cart_8_contactUsIconFromCart" time="11.427"/>
  <testcase classname="com.ui.tests.CartPageTest" name="tc_cart_9_homeButtonFromCart" time="35.802"/>
  <testcase classname="com.ui.tests.CartPageTest" name="tc_cart_10_emailSubscriptionValid" time="10.395">
    <error message="Expected condition failed: waiting for element to be clickable: By.xpath: //button[contains(.,&#039;Subscribe&#039;)] (tried for 10 second(s) with 500 milliseconds interval)
Build info: version: &#039;4.35.0&#039;, revision: &#039;1c58e5028b&#039;
System info: os.name: &#039;Windows 11&#039;, os.arch: &#039;amd64&#039;, os.version: &#039;10.0&#039;, java.version: &#039;21.0.7&#039;
Driver info: org.openqa.selenium.chrome.ChromeDriver
Capabilities {acceptInsecureCerts: false, browserName: chrome, browserVersion: 140.0.7339.81, chrome: {chromedriverVersion: 140.0.7339.82 (bc93617e21c3..., userDataDir: C:\Users\KEERTH~1\AppData\L...}, fedcm:accounts: true, goog:chromeOptions: {debuggerAddress: localhost:64324}, networkConnectionEnabled: false, pageLoadStrategy: normal, platformName: windows, proxy: Proxy(), se:cdp: ws://localhost:64324/devtoo..., se:cdpVersion: 140.0.7339.81, setWindowRect: true, strictFileInteractability: false, timeouts: {implicit: 0, pageLoad: 300000, script: 30000}, unhandledPromptBehavior: dismiss and notify, webauthn:extension:credBlob: true, webauthn:extension:largeBlob: true, webauthn:extension:minPinLength: true, webauthn:extension:prf: true, webauthn:virtualAuthenticators: true}
Session ID: 468e63573ece06975a29150ea9f949ec" type="org.openqa.selenium.TimeoutException">
      <![CDATA[org.openqa.selenium.TimeoutException: Expected condition failed: waiting for element to be clickable: By.xpath: //button[contains(.,'Subscribe')] (tried for 10 second(s) with 500 milliseconds interval)
Build info: version: '4.35.0', revision: '1c58e5028b'
System info: os.name: 'Windows 11', os.arch: 'amd64', os.version: '10.0', java.version: '21.0.7'
Driver info: org.openqa.selenium.chrome.ChromeDriver
Capabilities {acceptInsecureCerts: false, browserName: chrome, browserVersion: 140.0.7339.81, chrome: {chromedriverVersion: 140.0.7339.82 (bc93617e21c3..., userDataDir: C:\Users\KEERTH~1\AppData\L...}, fedcm:accounts: true, goog:chromeOptions: {debuggerAddress: localhost:64324}, networkConnectionEnabled: false, pageLoadStrategy: normal, platformName: windows, proxy: Proxy(), se:cdp: ws://localhost:64324/devtoo..., se:cdpVersion: 140.0.7339.81, setWindowRect: true, strictFileInteractability: false, timeouts: {implicit: 0, pageLoad: 300000, script: 30000}, unhandledPromptBehavior: dismiss and notify, webauthn:extension:credBlob: true, webauthn:extension:largeBlob: true, webauthn:extension:minPinLength: true, webauthn:extension:prf: true, webauthn:virtualAuthenticators: true}
Session ID: 468e63573ece06975a29150ea9f949ec
at org.openqa.selenium.support.ui.WebDriverWait.timeoutException(WebDriverWait.java:84)
at org.openqa.selenium.support.ui.FluentWait.until(FluentWait.java:228)
at com.ui.pages.CartUIPage.clickSubscribeButton(CartUIPage.java:140)
at com.ui.tests.CartPageTest.tc_cart_10_emailSubscriptionValid(CartPageTest.java:140)
at java.base/jdk.internal.reflect.DirectMethodHandleAccessor.invoke(DirectMethodHandleAccessor.java:103)
at java.base/java.lang.reflect.Method.invoke(Method.java:580)
at org.testng.internal.invokers.MethodInvocationHelper.invokeMethod(MethodInvocationHelper.java:141)
at org.testng.internal.invokers.TestInvoker.invokeMethod(TestInvoker.java:687)
at org.testng.internal.invokers.TestInvoker.invokeTestMethod(TestInvoker.java:230)
at org.testng.internal.invokers.MethodRunner.runInSequence(MethodRunner.java:63)
at org.testng.internal.invokers.TestInvoker$MethodInvocationAgent.invoke(TestInvoker.java:995)
at org.testng.internal.invokers.TestInvoker.invokeTestMethods(TestInvoker.java:203)
at org.testng.internal.invokers.TestMethodWorker.invokeTestMethods(TestMethodWorker.java:154)
at org.testng.internal.invokers.TestMethodWorker.run(TestMethodWorker.java:134)
at java.base/java.util.ArrayList.forEach(ArrayList.java:1596)
at org.testng.TestRunner.privateRun(TestRunner.java:741)
at org.testng.TestRunner.run(TestRunner.java:616)
at org.testng.SuiteRunner.runTest(SuiteRunner.java:421)
at org.testng.SuiteRunner.runSequentially(SuiteRunner.java:413)
at org.testng.SuiteRunner.privateRun(SuiteRunner.java:373)
at org.testng.SuiteRunner.run(SuiteRunner.java:312)
at org.testng.SuiteRunnerWorker.runSuite(SuiteRunnerWorker.java:52)
at org.testng.SuiteRunnerWorker.run(SuiteRunnerWorker.java:95)
at org.testng.TestNG.runSuitesSequentially(TestNG.java:1274)
at org.testng.TestNG.runSuitesLocally(TestNG.java:1208)
at org.testng.TestNG.runSuites(TestNG.java:1112)
at org.testng.TestNG.run(TestNG.java:1079)
at org.testng.remote.AbstractRemoteTestNG.run(AbstractRemoteTestNG.java:115)
at org.testng.remote.RemoteTestNG.initAndRun(RemoteTestNG.java:293)
at org.testng.remote.RemoteTestNG.main(RemoteTestNG.java:91)
]]>
    </error>
  </testcase> <!-- tc_cart_10_emailSubscriptionValid -->
  <testcase classname="com.ui.tests.CartPageTest" name="tc_cart_11_emailSubscriptionInvalid" time="0.098"/>
  <testcase classname="com.ui.tests.CartPageTest" name="tc_cart_12_proceedToCheckoutButton" time="7.674"/>
  <testcase classname="com.ui.tests.CartPageTest" name="tc_cart_13_removeFromCartButton" time="7.623"/>
  <testcase classname="com.ui.tests.CartPageTest" name="tc_cart_14_verifyProductDetails" time="2.466"/>
  <testcase classname="com.ui.tests.CartPageTest" name="tc_cart_15_accessibleFromHome" time="11.493"/>
  <testcase classname="com.ui.tests.CartPageTest" name="tc_cart_20_checkoutRedirectIfNotLoggedIn" time="14.491"/>
</testsuite> <!-- com.ui.tests.CartPageTest -->
