<?xml version="1.0" encoding="UTF-8"?>
<!-- Generated by org.testng.reporters.JUnitReportReporter -->
<testsuite hostname="LAPTOP-LK1GIISB" failures="2" tests="23" name="com.ui.tests.ApiTestingPageTestSuite" time="294.281" errors="0" timestamp="2025-09-10T20:58:56 IST" skipped="0">
  <testcase classname="com.ui.tests.ApiTestingPageTestSuite" name="TC_API_Testing_01_NavigateToAPITesting" time="5.015"/>
  <testcase classname="com.ui.tests.ApiTestingPageTestSuite" name="TC_API_Testing_02_LogoRedirect" time="26.720">
    <failure message="Logo not found" type="java.lang.AssertionError">
      <![CDATA[java.lang.AssertionError: Logo not found
at org.testng.Assert.fail(Assert.java:111)
at com.ui.tests.ApiTestingPageTestSuite.TC_API_Testing_02_LogoRedirect(ApiTestingPageTestSuite.java:121)
at java.base/jdk.internal.reflect.DirectMethodHandleAccessor.invoke(DirectMethodHandleAccessor.java:103)
at java.base/java.lang.reflect.Method.invoke(Method.java:580)
at org.testng.internal.invokers.MethodInvocationHelper.invokeMethod(MethodInvocationHelper.java:141)
at org.testng.internal.invokers.TestInvoker.invokeMethod(TestInvoker.java:687)
at org.testng.internal.invokers.TestInvoker.invokeTestMethod(TestInvoker.java:230)
at org.testng.internal.invokers.MethodRunner.runInSequence(MethodRunner.java:63)
at org.testng.internal.invokers.TestInvoker$MethodInvocationAgent.invoke(TestInvoker.java:995)
at org.testng.internal.invokers.TestInvoker.invokeTestMethods(TestInvoker.java:203)
at org.testng.internal.invokers.TestMethodWorker.invokeTestMethods(TestMethodWorker.java:154)
at org.testng.internal.invokers.TestMethodWorker.run(TestMethodWorker.java:134)
at java.base/java.util.ArrayList.forEach(ArrayList.java:1596)
at org.testng.TestRunner.privateRun(TestRunner.java:741)
at org.testng.TestRunner.run(TestRunner.java:616)
at org.testng.SuiteRunner.runTest(SuiteRunner.java:421)
at org.testng.SuiteRunner.runSequentially(SuiteRunner.java:413)
at org.testng.SuiteRunner.privateRun(SuiteRunner.java:373)
at org.testng.SuiteRunner.run(SuiteRunner.java:312)
at org.testng.SuiteRunnerWorker.runSuite(SuiteRunnerWorker.java:52)
at org.testng.SuiteRunnerWorker.run(SuiteRunnerWorker.java:95)
at org.testng.TestNG.runSuitesSequentially(TestNG.java:1274)
at org.testng.TestNG.runSuitesLocally(TestNG.java:1208)
at org.testng.TestNG.runSuites(TestNG.java:1112)
at org.testng.TestNG.run(TestNG.java:1079)
at org.testng.remote.AbstractRemoteTestNG.run(AbstractRemoteTestNG.java:115)
at org.testng.remote.RemoteTestNG.initAndRun(RemoteTestNG.java:293)
at org.testng.remote.RemoteTestNG.main(RemoteTestNG.java:91)
]]>
    </failure>
  </testcase> <!-- TC_API_Testing_02_LogoRedirect -->
  <testcase classname="com.ui.tests.ApiTestingPageTestSuite" name="TC_API_Testing_03_HomeIconRedirect" time="41.606"/>
  <testcase classname="com.ui.tests.ApiTestingPageTestSuite" name="TC_API_Testing_04_ProductsIconRedirect" time="48.368"/>
  <testcase classname="com.ui.tests.ApiTestingPageTestSuite" name="TC_API_Testing_05_CartIconRedirect" time="12.026"/>
  <testcase classname="com.ui.tests.ApiTestingPageTestSuite" name="TC_API_Testing_06_SignupLoginIcon" time="9.706"/>
  <testcase classname="com.ui.tests.ApiTestingPageTestSuite" name="TC_API_Testing_07_TestCasesIconRedirect" time="10.124"/>
  <testcase classname="com.ui.tests.ApiTestingPageTestSuite" name="TC_API_Testing_08_APITestingIcon" time="7.347"/>
  <testcase classname="com.ui.tests.ApiTestingPageTestSuite" name="TC_API_Testing_09_VideoTutorialsIcon" time="11.183"/>
  <testcase classname="com.ui.tests.ApiTestingPageTestSuite" name="TC_API_Testing_10_ContactUsIcon" time="10.231"/>
  <testcase classname="com.ui.tests.ApiTestingPageTestSuite" name="TC_API_Testing_11_SubscriptionSection" time="8.355"/>
  <testcase classname="com.ui.tests.ApiTestingPageTestSuite" name="TC_API_Testing_12_APISectionExpands" time="7.121"/>
  <testcase classname="com.ui.tests.ApiTestingPageTestSuite" name="TC_API_Testing_13_APISectionCollapses" time="8.587"/>
  <testcase classname="com.ui.tests.ApiTestingPageTestSuite" name="TC_API_Testing_14_ScrollFunctionality" time="5.403"/>
  <testcase classname="com.ui.tests.ApiTestingPageTestSuite" name="TC_API_Testing_15_APIURLsClickable" time="10.656"/>
  <testcase classname="com.ui.tests.ApiTestingPageTestSuite" name="TC_API_Testing_16_ConsistentDesign" time="10.789"/>
  <testcase classname="com.ui.tests.ApiTestingPageTestSuite" name="TC_API_Testing_17_RightClickNewTab" time="5.962"/>
  <testcase classname="com.ui.tests.ApiTestingPageTestSuite" name="TC_API_Testing_18_ValidEmailSubscription" time="8.371"/>
  <testcase classname="com.ui.tests.ApiTestingPageTestSuite" name="TC_API_Testing_19_EmailWithoutAtSymbol" time="7.497"/>
  <testcase classname="com.ui.tests.ApiTestingPageTestSuite" name="TC_API_Testing_20_SpecialCharactersInEmail" time="7.243"/>
  <testcase classname="com.ui.tests.ApiTestingPageTestSuite" name="TC_API_Testing_21_LongEmail" time="7.474"/>
  <testcase classname="com.ui.tests.ApiTestingPageTestSuite" name="TC_API_Testing_22_EmptyEmailField" time="7.034"/>
  <testcase classname="com.ui.tests.ApiTestingPageTestSuite" name="TC_API_Testing_23_DuplicateEmailSubscription" time="17.463">
    <failure message="BUG: Duplicate email subscription allowed - no duplicate detection implemented" type="java.lang.AssertionError">
      <![CDATA[java.lang.AssertionError: BUG: Duplicate email subscription allowed - no duplicate detection implemented
at org.testng.Assert.fail(Assert.java:111)
at com.ui.tests.ApiTestingPageTestSuite.TC_API_Testing_23_DuplicateEmailSubscription(ApiTestingPageTestSuite.java:789)
at java.base/jdk.internal.reflect.DirectMethodHandleAccessor.invoke(DirectMethodHandleAccessor.java:103)
at java.base/java.lang.reflect.Method.invoke(Method.java:580)
at org.testng.internal.invokers.MethodInvocationHelper.invokeMethod(MethodInvocationHelper.java:141)
at org.testng.internal.invokers.TestInvoker.invokeMethod(TestInvoker.java:687)
at org.testng.internal.invokers.TestInvoker.invokeTestMethod(TestInvoker.java:230)
at org.testng.internal.invokers.MethodRunner.runInSequence(MethodRunner.java:63)
at org.testng.internal.invokers.TestInvoker$MethodInvocationAgent.invoke(TestInvoker.java:995)
at org.testng.internal.invokers.TestInvoker.invokeTestMethods(TestInvoker.java:203)
at org.testng.internal.invokers.TestMethodWorker.invokeTestMethods(TestMethodWorker.java:154)
at org.testng.internal.invokers.TestMethodWorker.run(TestMethodWorker.java:134)
at java.base/java.util.ArrayList.forEach(ArrayList.java:1596)
at org.testng.TestRunner.privateRun(TestRunner.java:741)
at org.testng.TestRunner.run(TestRunner.java:616)
at org.testng.SuiteRunner.runTest(SuiteRunner.java:421)
at org.testng.SuiteRunner.runSequentially(SuiteRunner.java:413)
at org.testng.SuiteRunner.privateRun(SuiteRunner.java:373)
at org.testng.SuiteRunner.run(SuiteRunner.java:312)
at org.testng.SuiteRunnerWorker.runSuite(SuiteRunnerWorker.java:52)
at org.testng.SuiteRunnerWorker.run(SuiteRunnerWorker.java:95)
at org.testng.TestNG.runSuitesSequentially(TestNG.java:1274)
at org.testng.TestNG.runSuitesLocally(TestNG.java:1208)
at org.testng.TestNG.runSuites(TestNG.java:1112)
at org.testng.TestNG.run(TestNG.java:1079)
at org.testng.remote.AbstractRemoteTestNG.run(AbstractRemoteTestNG.java:115)
at org.testng.remote.RemoteTestNG.initAndRun(RemoteTestNG.java:293)
at org.testng.remote.RemoteTestNG.main(RemoteTestNG.java:91)
]]>
    </failure>
  </testcase> <!-- TC_API_Testing_23_DuplicateEmailSubscription -->
</testsuite> <!-- com.ui.tests.ApiTestingPageTestSuite -->
