<?xml version="1.0" encoding="UTF-8"?>
<!-- Generated by org.testng.reporters.JUnitXMLReporter -->
<testsuite ignored="0" hostname="LAPTOP-LK1GIISB" failures="1" tests="23" name="TestCasesPageTest" time="380.504" errors="0" timestamp="2025-09-08T14:21:35 IST">
  <testcase classname="com.ui.tests.TestCasesPageTestSuite" name="TC_Test_Cases_01_PageLoadsSuccessfully" time="7.704"/>
  <testcase classname="com.ui.tests.TestCasesPageTestSuite" name="TC_Test_Cases_02_AllTestCaseLinksPresent" time="4.663"/>
  <testcase classname="com.ui.tests.TestCasesPageTestSuite" name="TC_Test_Cases_03_TestCasesSeparatedByRows" time="13.084"/>
  <testcase classname="com.ui.tests.TestCasesPageTestSuite" name="TC_Test_Cases_04_TestCaseLinksClickable" time="5.338"/>
  <testcase classname="com.ui.tests.TestCasesPageTestSuite" name="TC_Test_Cases_05_ClickingLinkOpensDetails" time="38.676"/>
  <testcase classname="com.ui.tests.TestCasesPageTestSuite" name="TC_Test_Cases_06_FeedbackSectionPresent" time="56.85"/>
  <testcase classname="com.ui.tests.TestCasesPageTestSuite" name="TC_Test_Cases_07_URLVisibleAndWorking" time="31.874"/>
  <testcase classname="com.ui.tests.TestCasesPageTestSuite" name="TC_Test_Cases_08_FeedbackEmailOpensMailApp" time="5.115"/>
  <testcase classname="com.ui.tests.TestCasesPageTestSuite" name="TC_Test_Cases_09_ValidEmailSubscription" time="8.197"/>
  <testcase classname="com.ui.tests.TestCasesPageTestSuite" name="TC_Test_Cases_10_InvalidEmailSubscription" time="29.108">
    <failure type="java.lang.AssertionError" message="BUG: Invalid email &amp;apos;a@g&amp;apos; was accepted - proper email validation missing">
      <![CDATA[java.lang.AssertionError: BUG: Invalid email 'a@g' was accepted - proper email validation missing
at com.ui.tests.TestCasesPageTestSuite.TC_Test_Cases_10_InvalidEmailSubscription(TestCasesPageTestSuite.java:387)
at java.base/java.util.ArrayList.forEach(ArrayList.java:1596)
... Removed 26 stack frames]]>
    </failure>
  </testcase> <!-- TC_Test_Cases_10_InvalidEmailSubscription -->
  <testcase classname="com.ui.tests.TestCasesPageTestSuite" name="TC_Test_Cases_11_ScrollToTopButton" time="8.298"/>
  <testcase classname="com.ui.tests.TestCasesPageTestSuite" name="TC_Test_Cases_12_BlankEmailSubscription" time="10.653"/>
  <testcase classname="com.ui.tests.TestCasesPageTestSuite" name="TC_Test_Cases_13_LogoNavigatesToHome" time="42.885"/>
  <testcase classname="com.ui.tests.TestCasesPageTestSuite" name="TC_Test_Cases_14_HomeLinkNavigation" time="14.122"/>
  <testcase classname="com.ui.tests.TestCasesPageTestSuite" name="TC_Test_Cases_15_ProductsLinkNavigation" time="12.18"/>
  <testcase classname="com.ui.tests.TestCasesPageTestSuite" name="TC_Test_Cases_16_CartLinkNavigation" time="8.21"/>
  <testcase classname="com.ui.tests.TestCasesPageTestSuite" name="TC_Test_Cases_17_SignUpLoginLinkNavigation" time="7.768"/>
  <testcase classname="com.ui.tests.TestCasesPageTestSuite" name="TC_Test_Cases_18_TestCasesLinkNavigation" time="7.957"/>
  <testcase classname="com.ui.tests.TestCasesPageTestSuite" name="TC_Test_Cases_19_APITestingLinkNavigation" time="8.963"/>
  <testcase classname="com.ui.tests.TestCasesPageTestSuite" name="TC_Test_Cases_20_VideoTutorialsLinkNavigation" time="9.761"/>
  <testcase classname="com.ui.tests.TestCasesPageTestSuite" name="TC_Test_Cases_21_ContactUsLinkNavigation" time="9.466"/>
  <testcase classname="com.ui.tests.TestCasesPageTestSuite" name="TC_Test_Cases_22_ScrollBarFunctionality" time="8.609"/>
  <testcase classname="com.ui.tests.TestCasesPageTestSuite" name="TC_Test_Cases_23_ResponsivenessTestCases" time="10.71"/>
</testsuite> <!-- TestCasesPageTest -->
